[21/08/2022 12:47:59] Player: Meto Apicarreta | Reward: king warrior helmet
[21/08/2022 16:52:58] Player: [ADM] King | Reward: king warrior armor
[21/08/2022 18:10:56] Player: Morgahar | Reward: king mage hat
[21/08/2022 19:06:53] Player: Madara Minerador | Reward: king ranger amulet
[22/08/2022 07:55:25] Player: Morgahar | Reward: king mage amulet
[22/08/2022 07:56:13] Player: Morgahar | Reward: king ranger shield
[22/08/2022 07:56:32] Player: Morgahar | Reward: king mage hat
[22/08/2022 07:56:47] Player: Morgahar | Reward: king warrior legs
[22/08/2022 07:56:48] Player: Morgahar | Reward: king mage spellbook
[22/08/2022 07:56:54] Player: Morgahar | Reward: king mage armor
[22/08/2022 13:10:27] Player: Pain Mineramto | Reward: king ranger helmet
[22/08/2022 15:33:49] Player: Pain Mineramto | Reward: king mage hat
[22/08/2022 15:38:22] Player: Madara Minerador | Reward: king mage hat
[22/08/2022 19:38:54] Player: Real Stylexx | Reward: king ranger legs
[22/08/2022 22:21:44] Player: Madara Minerador | Reward: king mage legs
[23/08/2022 09:10:53] Player: Doskys | Reward: king warrior shield
[23/08/2022 09:24:52] Player: Morningstar | Reward: king mage boots
[23/08/2022 09:25:10] Player: Morningstar | Reward: king ranger shield
[23/08/2022 11:15:37] Player: Lokzz | Reward: king mage hat
[23/08/2022 12:34:48] Player: Elemesmo | Reward: king warrior amulet
[23/08/2022 14:39:12] Player: Bitcoin | Reward: king warrior shield
[23/08/2022 14:39:50] Player: Lokzz | Reward: king warrior boots
[23/08/2022 20:04:58] Player: Real Stylexx | Reward: king mage legs
[23/08/2022 21:51:58] Player: Tchaap | Reward: king mage boots
[24/08/2022 01:38:09] Player: Real Stylexx | Reward: king mage boots
[24/08/2022 15:28:05] Player: Real Stylexx | Reward: king ranger legs
[24/08/2022 15:28:13] Player: Real Stylexx | Reward: king mage boots
[24/08/2022 15:28:26] Player: Real Stylexx | Reward: king warrior amulet
[24/08/2022 15:28:30] Player: Real Stylexx | Reward: king mage legs
[24/08/2022 15:28:55] Player: Real Stylexx | Reward: king ranger shield
[24/08/2022 15:29:01] Player: Real Stylexx | Reward: king mage spellbook
[24/08/2022 15:29:14] Player: Real Stylexx | Reward: king warrior armor
[24/08/2022 15:29:17] Player: Real Stylexx | Reward: king ranger armor
[24/08/2022 15:29:20] Player: Real Stylexx | Reward: king warrior legs
[24/08/2022 18:56:39] Player: Pintudinho | Reward: king ranger amulet
[24/08/2022 19:26:18] Player: Real Stylexx | Reward: king ranger armor
[24/08/2022 19:48:18] Player: Pintudinho | Reward: king warrior amulet
[25/08/2022 19:36:41] Player: Real Stylexx | Reward: king mage hat
[25/08/2022 19:37:07] Player: Real Stylexx | Reward: king warrior shield
[25/08/2022 19:37:10] Player: Real Stylexx | Reward: king mage amulet
[25/08/2022 19:37:17] Player: Real Stylexx | Reward: king ranger legs
[25/08/2022 19:37:28] Player: Real Stylexx | Reward: king mage spellbook
[25/08/2022 19:37:29] Player: Real Stylexx | Reward: king warrior helmet
[25/08/2022 19:37:31] Player: Real Stylexx | Reward: king warrior armor
[25/08/2022 20:24:23] Player: Morgahar | Reward: king ranger amulet
[25/08/2022 20:24:34] Player: Morgahar | Reward: king ranger shield
[25/08/2022 20:59:52] Player: Pintudinho | Reward: king ranger boots
[25/08/2022 22:50:53] Player: Gmrm | Reward: king ranger legs
[27/08/2022 00:55:52] Player: Pies Na Baby | Reward: king mage spellbook
[27/08/2022 00:56:24] Player: Pies Na Baby | Reward: king mage legs
[27/08/2022 01:00:26] Player: Pies Na Baby | Reward: king warrior boots
[27/08/2022 01:01:28] Player: Pies Na Baby | Reward: king ranger shield
[27/08/2022 10:43:12] Player: Jutinha | Reward: king mage legs
[28/08/2022 01:55:22] Player: Jutinha | Reward: king warrior amulet
[28/08/2022 15:57:58] Player: Feh Lokoo | Reward: king ranger amulet
[28/08/2022 15:57:59] Player: Feh Lokoo | Reward: king ranger legs
[28/08/2022 15:58:10] Player: Feh Lokoo | Reward: king warrior armor
[28/08/2022 15:58:11] Player: Feh Lokoo | Reward: king mage spellbook
[28/08/2022 15:58:20] Player: Feh Lokoo | Reward: king warrior boots
[28/08/2022 15:58:27] Player: Feh Lokoo | Reward: king ranger legs
[28/08/2022 15:58:28] Player: Feh Lokoo | Reward: king mage legs
[28/08/2022 15:58:53] Player: Feh Lokoo | Reward: king warrior boots
[28/08/2022 15:58:58] Player: Feh Lokoo | Reward: king mage legs
[28/08/2022 16:05:53] Player: Minerador Cheirado | Reward: king mage spellbook
[28/08/2022 16:05:56] Player: Minerador Cheirado | Reward: king warrior boots
[28/08/2022 16:07:16] Player: Feh Loko | Reward: king mage armor
[28/08/2022 16:07:18] Player: Feh Loko | Reward: king ranger legs
[28/08/2022 16:07:20] Player: Feh Loko | Reward: king warrior helmet
[28/08/2022 16:10:53] Player: Mineradora Gatinha | Reward: king warrior amulet
[28/08/2022 16:10:54] Player: Mineradora Gatinha | Reward: king mage spellbook
[28/08/2022 16:10:54] Player: Mineradora Gatinha | Reward: king mage amulet
[28/08/2022 16:10:57] Player: Mineradora Gatinha | Reward: king mage hat
[28/08/2022 16:10:57] Player: Mineradora Gatinha | Reward: king warrior shield
[28/08/2022 19:03:44] Player: Boomer | Reward: king ranger armor
[28/08/2022 20:13:29] Player: Pies Na Baby | Reward: king warrior helmet
[28/08/2022 20:47:52] Player: Solamento | Reward: king mage amulet
[28/08/2022 20:49:21] Player: Solamento | Reward: king ranger helmet
[28/08/2022 20:51:12] Player: Pies Na Baby | Reward: king ring
[28/08/2022 20:51:23] Player: Pies Na Baby | Reward: king mage amulet
[29/08/2022 09:19:23] Player: Kina Off Dead | Reward: king ranger armor
[29/08/2022 11:13:09] Player: Kevin Ed | Reward: king warrior legs
[29/08/2022 20:50:10] Player: Pies Na Baby | Reward: king warrior legs
[30/08/2022 08:25:04] Player: Anonymous | Reward: king mage hat
[31/08/2022 07:38:05] Player: Magne | Reward: king mage boots
[31/08/2022 07:40:40] Player: Magne | Reward: king warrior legs
[31/08/2022 07:40:58] Player: Magne | Reward: king mage armor
[06/09/2022 01:31:50] Player: Ghikz | Reward: king ranger boots
[06/09/2022 02:32:54] Player: Ghikz | Reward: king warrior shield
[06/09/2022 03:52:22] Player: Ghikz | Reward: king mage legs
[06/09/2022 09:55:55] Player: Char Cinco | Reward: king warrior shield
[06/09/2022 22:09:36] Player: Panchito Obson | Reward: king warrior legs
[06/09/2022 22:39:46] Player: Panchito Obson | Reward: king warrior boots
[06/09/2022 22:49:38] Player: Panchito Obson | Reward: king mage armor
[07/09/2022 14:10:32] Player: Maisumcalango | Reward: king warrior shield
[08/09/2022 07:21:02] Player: Ghikz | Reward: king mage spellbook
[08/09/2022 09:16:10] Player: Char Cinco | Reward: king warrior helmet
[08/09/2022 20:06:06] Player: Twonai | Reward: king warrior amulet
[09/09/2022 00:38:51] Player: Duma | Reward: king ranger armor
[10/09/2022 10:55:39] Player: Air Wilson | Reward: king warrior helmet
[11/09/2022 22:49:20] Player: Pally Maldito | Reward: king mage armor
[19/09/2022 08:36:08] Player: Psycho Perverso | Reward: king mage hat
[22/09/2022 12:50:19] Player: Lex Mutor | Reward: king ranger legs
[25/09/2022 13:03:40] Player: King Of Pally | Reward: king mage spellbook
[25/09/2022 13:03:50] Player: King Of Pally | Reward: king ranger helmet
[25/09/2022 16:47:41] Player: Voris Dos | Reward: king warrior amulet
[25/09/2022 16:56:11] Player: Voris sinco | Reward: king ranger helmet
[26/09/2022 00:39:18] Player: Billy | Reward: king mage boots
[26/09/2022 09:46:32] Player: Revoltado | Reward: king ranger helmet
[10/10/2022 13:42:29] Player: Escanor | Reward: king mage spellbook
[11/10/2022 19:08:16] Player: Podolsky | Reward: king ranger armor
[11/10/2022 19:08:20] Player: Podolsky | Reward: king ring
[11/10/2022 19:08:24] Player: Podolsky | Reward: king mage amulet
[11/10/2022 19:08:25] Player: Podolsky | Reward: king ranger amulet
[11/10/2022 19:08:26] Player: Podolsky | Reward: king mage spellbook
