[20/08/2022 23:25:46] Player: Kisame | Reward: [+1000%] EXP Potion
[21/08/2022 11:25:47] Player: Sidoka | Reward: [+800%] EXP Food
[21/08/2022 12:47:55] Player: Meto Apicarreta | Reward: removedor de frags
[21/08/2022 12:48:00] Player: Meto Apicarreta | Reward: [+1000%] EXP Potion
[21/08/2022 12:48:00] Player: Meto Apicarreta | Reward: removedor de frags
[21/08/2022 16:49:14] Player: Morgahar | Reward: real ring
[21/08/2022 16:52:00] Player: [ADM] King | Reward: stamina potion
[21/08/2022 16:52:04] Player: [ADM] King | Reward: removedor de frags
[21/08/2022 16:52:07] Player: [ADM] King | Reward: [+800%] EXP Food
[21/08/2022 16:52:10] Player: [ADM] King | Reward: real ring
[21/08/2022 16:52:54] Player: [ADM] King | Reward: removedor de frags
[21/08/2022 16:52:56] Player: [ADM] King | Reward: stamina potion
[21/08/2022 16:53:02] Player: [ADM] King | Reward: addon doll
[21/08/2022 16:53:06] Player: [ADM] King | Reward: addon doll
[21/08/2022 16:53:07] Player: [ADM] King | Reward: stamina potion
[21/08/2022 16:53:48] Player: [ADM] King | Reward: addon doll
[21/08/2022 17:41:01] Player: Madara Minerador | Reward: stamina potion
[21/08/2022 17:41:21] Player: Pain Mineramto | Reward: [+800%] EXP Food
[21/08/2022 18:11:08] Player: Morgahar | Reward: stamina potion
[21/08/2022 18:11:11] Player: Morgahar | Reward: [+800%] EXP Food
[21/08/2022 23:30:10] Player: Madara Minerador | Reward: [+1000%] EXP Potion
[22/08/2022 01:47:21] Player: Sidoka | Reward: stamina potion
[22/08/2022 01:47:22] Player: Sidoka | Reward: real ring
[22/08/2022 07:55:15] Player: Morgahar | Reward: [+800%] EXP Food
[22/08/2022 07:55:19] Player: Morgahar | Reward: removedor de frags
[22/08/2022 07:55:22] Player: Morgahar | Reward: [+800%] EXP Food
[22/08/2022 07:55:40] Player: Morgahar | Reward: removedor de frags
[22/08/2022 07:55:44] Player: Morgahar | Reward: addon doll
[22/08/2022 07:56:03] Player: Morgahar | Reward: [+800%] EXP Food
[22/08/2022 07:56:07] Player: Morgahar | Reward: removedor de frags
[22/08/2022 07:56:08] Player: Morgahar | Reward: stamina potion
[22/08/2022 07:56:21] Player: Morgahar | Reward: real ring
[22/08/2022 07:56:24] Player: Morgahar | Reward: removedor de frags
[22/08/2022 07:56:28] Player: Morgahar | Reward: real ring
[22/08/2022 07:56:30] Player: Morgahar | Reward: addon doll
[22/08/2022 07:56:31] Player: Morgahar | Reward: [+1000%] EXP Potion
[22/08/2022 07:56:44] Player: Morgahar | Reward: stamina potion
[22/08/2022 07:56:46] Player: Morgahar | Reward: real ring
[22/08/2022 07:56:50] Player: Morgahar | Reward: [+800%] EXP Food
[22/08/2022 07:56:56] Player: Morgahar | Reward: [+800%] EXP Food
[22/08/2022 11:09:44] Player: Esquilo | Reward: removedor de frags
[22/08/2022 14:36:28] Player: Doskys | Reward: stamina potion
[22/08/2022 15:33:21] Player: Elemesmo | Reward: removedor de frags
[22/08/2022 19:39:10] Player: Madara Minerador | Reward: [+1000%] EXP Potion
[22/08/2022 19:39:37] Player: Pain Mineramto | Reward: addon doll
[22/08/2022 19:40:04] Player: Elemesmo | Reward: removedor de frags
[22/08/2022 20:24:20] Player: Kisame | Reward: real ring
[22/08/2022 20:24:21] Player: Kisame | Reward: addon doll
[22/08/2022 22:23:06] Player: Elemesmo | Reward: addon doll
[22/08/2022 23:55:00] Player: Doskys | Reward: real ring
[23/08/2022 07:11:49] Player: Madara | Reward: stamina potion
[23/08/2022 07:11:49] Player: Madara | Reward: real ring
[23/08/2022 07:11:50] Player: Madara | Reward: [+1000%] EXP Potion
[23/08/2022 07:11:51] Player: Madara | Reward: stamina potion
[23/08/2022 07:11:51] Player: Madara | Reward: addon doll
[23/08/2022 07:11:52] Player: Madara | Reward: real ring
[23/08/2022 07:13:04] Player: Morgahar | Reward: removedor de frags
[23/08/2022 07:16:34] Player: Master Yi | Reward: removedor de frags
[23/08/2022 09:25:04] Player: Morningstar | Reward: addon doll
[23/08/2022 09:25:06] Player: Morningstar | Reward: removedor de frags
[23/08/2022 09:25:26] Player: Morningstar | Reward: [+800%] EXP Food
[23/08/2022 09:25:27] Player: Morningstar | Reward: [+1000%] EXP Potion
[23/08/2022 10:53:45] Player: Lokzz | Reward: stamina potion
[23/08/2022 11:26:05] Player: Lokzz | Reward: real ring
[23/08/2022 11:26:20] Player: Lokzz | Reward: removedor de frags
[23/08/2022 11:26:22] Player: Lokzz | Reward: stamina potion
[23/08/2022 11:26:23] Player: Lokzz | Reward: stamina potion
[23/08/2022 11:26:26] Player: Lokzz | Reward: [+800%] EXP Food
[23/08/2022 11:26:27] Player: Lokzz | Reward: removedor de frags
[23/08/2022 11:26:28] Player: Lokzz | Reward: addon doll
[23/08/2022 12:34:46] Player: Elemesmo | Reward: removedor de frags
[23/08/2022 12:34:47] Player: Elemesmo | Reward: real ring
[23/08/2022 12:34:48] Player: Elemesmo | Reward: [+800%] EXP Food
[23/08/2022 12:34:49] Player: Elemesmo | Reward: [+800%] EXP Food
[23/08/2022 12:35:28] Player: Elemesmo | Reward: [+800%] EXP Food
[23/08/2022 12:35:29] Player: Elemesmo | Reward: [+1000%] EXP Potion
[23/08/2022 12:35:29] Player: Elemesmo | Reward: removedor de frags
[23/08/2022 12:36:10] Player: Madara Minerador | Reward: addon doll
[23/08/2022 13:24:36] Player: Real Stylexx | Reward: stamina potion
[23/08/2022 14:39:11] Player: Bitcoin | Reward: removedor de frags
[23/08/2022 14:39:49] Player: Lokzz | Reward: [+1000%] EXP Potion
[23/08/2022 15:30:06] Player: Lokzz | Reward: removedor de frags
[23/08/2022 17:44:58] Player: Veronez | Reward: removedor de frags
[23/08/2022 20:04:35] Player: Real Stylexx | Reward: real ring
[23/08/2022 20:07:12] Player: Real Stylexx | Reward: real ring
[23/08/2022 21:16:05] Player: Real Stylexx | Reward: [+1000%] EXP Potion
[23/08/2022 21:16:06] Player: Real Stylexx | Reward: stamina potion
[23/08/2022 21:42:55] Player: Sidoka | Reward: real ring
[23/08/2022 21:52:23] Player: Tchaap | Reward: removedor de frags
[23/08/2022 21:52:24] Player: Tchaap | Reward: [+800%] EXP Food
[23/08/2022 21:52:25] Player: Tchaap | Reward: [+1000%] EXP Potion
[23/08/2022 21:52:27] Player: Tchaap | Reward: removedor de frags
[24/08/2022 00:07:03] Player: Real Stylexx | Reward: [+1000%] EXP Potion
[24/08/2022 00:07:05] Player: Real Stylexx | Reward: [+800%] EXP Food
[24/08/2022 00:07:07] Player: Real Stylexx | Reward: stamina potion
[24/08/2022 00:07:09] Player: Real Stylexx | Reward: [+800%] EXP Food
[24/08/2022 00:07:11] Player: Real Stylexx | Reward: real ring
[24/08/2022 00:59:02] Player: Pintudinho | Reward: real ring
[24/08/2022 01:38:08] Player: Real Stylexx | Reward: [+1000%] EXP Potion
[24/08/2022 15:28:07] Player: Real Stylexx | Reward: real ring
[24/08/2022 15:28:08] Player: Real Stylexx | Reward: addon doll
[24/08/2022 15:28:09] Player: Real Stylexx | Reward: removedor de frags
[24/08/2022 15:28:25] Player: Real Stylexx | Reward: [+1000%] EXP Potion
[24/08/2022 15:28:28] Player: Real Stylexx | Reward: stamina potion
[24/08/2022 15:28:31] Player: Real Stylexx | Reward: addon doll
[24/08/2022 15:28:39] Player: Real Stylexx | Reward: removedor de frags
[24/08/2022 15:28:46] Player: Real Stylexx | Reward: stamina potion
[24/08/2022 15:28:51] Player: Real Stylexx | Reward: stamina potion
[24/08/2022 15:28:53] Player: Real Stylexx | Reward: addon doll
[24/08/2022 15:28:57] Player: Real Stylexx | Reward: [+1000%] EXP Potion
[24/08/2022 15:29:09] Player: Real Stylexx | Reward: stamina potion
[24/08/2022 15:29:11] Player: Real Stylexx | Reward: stamina potion
[24/08/2022 15:29:13] Player: Real Stylexx | Reward: [+1000%] EXP Potion
[24/08/2022 15:29:22] Player: Real Stylexx | Reward: addon doll
[24/08/2022 17:07:12] Player: Billy Jack | Reward: removedor de frags
[24/08/2022 19:26:17] Player: Real Stylexx | Reward: real ring
[24/08/2022 19:26:19] Player: Real Stylexx | Reward: real ring
[24/08/2022 19:26:20] Player: Real Stylexx | Reward: stamina potion
[24/08/2022 19:26:21] Player: Real Stylexx | Reward: stamina potion
[24/08/2022 19:26:25] Player: Real Stylexx | Reward: [+800%] EXP Food
[24/08/2022 19:26:26] Player: Real Stylexx | Reward: stamina potion
[24/08/2022 19:48:19] Player: Pintudinho | Reward: real ring
[24/08/2022 19:48:19] Player: Pintudinho | Reward: removedor de frags
[24/08/2022 19:49:27] Player: Pintudinho | Reward: [+1000%] EXP Potion
[24/08/2022 19:49:28] Player: Pintudinho | Reward: removedor de frags
[24/08/2022 19:49:28] Player: Pintudinho | Reward: real ring
[24/08/2022 19:49:28] Player: Pintudinho | Reward: real ring
[24/08/2022 19:49:39] Player: Pintudinho | Reward: [+800%] EXP Food
[25/08/2022 06:43:44] Player: Lord eld | Reward: [+1000%] EXP Potion
[25/08/2022 18:54:26] Player: Gmrm | Reward: removedor de frags
[25/08/2022 19:36:39] Player: Real Stylexx | Reward: removedor de frags
[25/08/2022 19:36:40] Player: Real Stylexx | Reward: removedor de frags
[25/08/2022 19:37:05] Player: Real Stylexx | Reward: stamina potion
[25/08/2022 19:37:32] Player: Real Stylexx | Reward: real ring
[25/08/2022 19:37:33] Player: Real Stylexx | Reward: real ring
[25/08/2022 19:58:16] Player: Real Stylexx | Reward: stamina potion
[25/08/2022 20:24:40] Player: Morgahar | Reward: addon doll
[25/08/2022 20:24:43] Player: Real Stylexx | Reward: removedor de frags
[25/08/2022 20:48:38] Player: Pintudinho | Reward: addon doll
[25/08/2022 20:53:47] Player: Pintudinho | Reward: removedor de frags
[25/08/2022 20:58:39] Player: Pintudinho | Reward: removedor de frags
[25/08/2022 21:00:38] Player: Pintudinho | Reward: addon doll
[26/08/2022 14:43:44] Player: Gmrm | Reward: [+800%] EXP Food
[26/08/2022 18:04:15] Player: Kisame | Reward: [+1000%] EXP Potion
[26/08/2022 18:04:16] Player: Kisame | Reward: [+1000%] EXP Potion
[27/08/2022 00:57:46] Player: Pies Na Baby | Reward: removedor de frags
[27/08/2022 01:00:15] Player: Pies Na Baby | Reward: [+800%] EXP Food
[27/08/2022 01:00:17] Player: Pies Na Baby | Reward: [+800%] EXP Food
[27/08/2022 01:00:33] Player: Pies Na Baby | Reward: addon doll
[27/08/2022 01:00:56] Player: Pies Na Baby | Reward: real ring
[27/08/2022 01:01:17] Player: Pies Na Baby | Reward: [+1000%] EXP Potion
[27/08/2022 01:01:43] Player: Pies Na Baby | Reward: stamina potion
[27/08/2022 01:01:50] Player: Pies Na Baby | Reward: real ring
[27/08/2022 10:43:41] Player: Jutinha | Reward: removedor de frags
[27/08/2022 16:16:59] Player: Pies Na Baby | Reward: [+1000%] EXP Potion
[27/08/2022 16:17:03] Player: Pies Na Baby | Reward: [+1000%] EXP Potion
[27/08/2022 18:47:04] Player: Power Abuse | Reward: [+1000%] EXP Potion
[27/08/2022 19:26:16] Player: Mineiro Um | Reward: addon doll
[27/08/2022 19:26:18] Player: Mineiro Um | Reward: stamina potion
[27/08/2022 19:26:18] Player: Mineiro Um | Reward: real ring
[27/08/2022 19:26:20] Player: Mineiro Um | Reward: stamina potion
[27/08/2022 19:34:09] Player: Mineiiro Dois | Reward: real ring
[27/08/2022 23:48:43] Player: Lord eld | Reward: real ring
[27/08/2022 23:48:52] Player: Lord eld | Reward: removedor de frags
[28/08/2022 01:58:14] Player: Jutinha | Reward: removedor de frags
[28/08/2022 06:30:25] Player: Pies Na Baby | Reward: [+1000%] EXP Potion
[28/08/2022 11:58:04] Player: Gmrm | Reward: removedor de frags
[28/08/2022 11:58:05] Player: Gmrm | Reward: stamina potion
[28/08/2022 11:58:09] Player: Gmrm | Reward: removedor de frags
[28/08/2022 11:58:10] Player: Gmrm | Reward: real ring
[28/08/2022 11:59:01] Player: Gmrm | Reward: addon doll
[28/08/2022 11:59:02] Player: Gmrm | Reward: [+1000%] EXP Potion
[28/08/2022 15:57:56] Player: Feh Lokoo | Reward: [+1000%] EXP Potion
[28/08/2022 15:58:00] Player: Feh Lokoo | Reward: addon doll
[28/08/2022 15:58:11] Player: Feh Lokoo | Reward: addon doll
[28/08/2022 15:58:12] Player: Feh Lokoo | Reward: real ring
[28/08/2022 15:58:20] Player: Feh Lokoo | Reward: [+1000%] EXP Potion
[28/08/2022 15:58:26] Player: Feh Lokoo | Reward: addon doll
[28/08/2022 15:58:27] Player: Feh Lokoo | Reward: real ring
[28/08/2022 15:58:28] Player: Feh Lokoo | Reward: [+800%] EXP Food
[28/08/2022 15:58:36] Player: Feh Lokoo | Reward: [+1000%] EXP Potion
[28/08/2022 15:58:37] Player: Feh Lokoo | Reward: stamina potion
[28/08/2022 15:58:37] Player: Feh Lokoo | Reward: real ring
[28/08/2022 15:58:38] Player: Feh Lokoo | Reward: real ring
[28/08/2022 15:58:53] Player: Feh Lokoo | Reward: real ring
[28/08/2022 15:58:57] Player: Feh Lokoo | Reward: addon doll
[28/08/2022 15:58:57] Player: Feh Lokoo | Reward: addon doll
[28/08/2022 15:59:05] Player: Feh Lokoo | Reward: stamina potion
[28/08/2022 15:59:05] Player: Feh Lokoo | Reward: stamina potion
[28/08/2022 16:05:51] Player: Minerador Cheirado | Reward: [+1000%] EXP Potion
[28/08/2022 16:05:51] Player: Minerador Cheirado | Reward: addon doll
[28/08/2022 16:05:52] Player: Minerador Cheirado | Reward: real ring
[28/08/2022 16:05:54] Player: Minerador Cheirado | Reward: stamina potion
[28/08/2022 16:05:54] Player: Minerador Cheirado | Reward: stamina potion
[28/08/2022 16:05:55] Player: Minerador Cheirado | Reward: addon doll
[28/08/2022 16:07:17] Player: Feh Loko | Reward: removedor de frags
[28/08/2022 16:07:17] Player: Feh Loko | Reward: addon doll
[28/08/2022 16:07:18] Player: Feh Loko | Reward: removedor de frags
[28/08/2022 16:07:19] Player: Feh Loko | Reward: addon doll
[28/08/2022 16:07:19] Player: Feh Loko | Reward: stamina potion
[28/08/2022 16:07:21] Player: Feh Loko | Reward: addon doll
[28/08/2022 16:07:21] Player: Feh Loko | Reward: [+800%] EXP Food
[28/08/2022 16:07:21] Player: Feh Loko | Reward: real ring
[28/08/2022 16:07:21] Player: Feh Loko | Reward: [+800%] EXP Food
[28/08/2022 16:07:22] Player: Feh Loko | Reward: addon doll
[28/08/2022 16:09:32] Player: Feh Loko | Reward: addon doll
[28/08/2022 16:10:51] Player: Mineradora Gatinha | Reward: real ring
[28/08/2022 16:10:52] Player: Mineradora Gatinha | Reward: addon doll
[28/08/2022 16:10:54] Player: Mineradora Gatinha | Reward: removedor de frags
[28/08/2022 16:10:54] Player: Mineradora Gatinha | Reward: [+800%] EXP Food
[28/08/2022 16:10:55] Player: Mineradora Gatinha | Reward: real ring
[28/08/2022 16:10:55] Player: Mineradora Gatinha | Reward: [+800%] EXP Food
[28/08/2022 16:10:55] Player: Mineradora Gatinha | Reward: [+800%] EXP Food
[28/08/2022 16:10:55] Player: Mineradora Gatinha | Reward: [+1000%] EXP Potion
[28/08/2022 16:10:56] Player: Mineradora Gatinha | Reward: addon doll
[28/08/2022 16:10:56] Player: Mineradora Gatinha | Reward: addon doll
[28/08/2022 16:10:56] Player: Mineradora Gatinha | Reward: real ring
[28/08/2022 16:10:56] Player: Mineradora Gatinha | Reward: addon doll
[28/08/2022 18:40:57] Player: Pallydin | Reward: real ring
[28/08/2022 18:45:35] Player: Pallydin | Reward: real ring
[28/08/2022 18:46:47] Player: Pallydin | Reward: real ring
[28/08/2022 18:59:27] Player: Boomer | Reward: [+1000%] EXP Potion
[28/08/2022 20:10:41] Player: Pies Na Baby | Reward: real ring
[28/08/2022 20:14:37] Player: Pies Na Baby | Reward: stamina potion
[28/08/2022 20:15:57] Player: Leal | Reward: addon doll
[28/08/2022 20:16:00] Player: Leal | Reward: stamina potion
[28/08/2022 20:48:13] Player: Gringo Paladin | Reward: stamina potion
[28/08/2022 20:49:30] Player: Pies Na Baby | Reward: [+800%] EXP Food
[28/08/2022 20:51:08] Player: Pies Na Baby | Reward: stamina potion
[28/08/2022 20:51:09] Player: Pies Na Baby | Reward: [+800%] EXP Food
[28/08/2022 20:51:10] Player: Pies Na Baby | Reward: [+800%] EXP Food
[28/08/2022 20:51:31] Player: Pies Na Baby | Reward: addon doll
[28/08/2022 20:58:21] Player: Noob | Reward: stamina potion
[29/08/2022 09:19:26] Player: Kina Off Dead | Reward: real ring
[29/08/2022 09:20:39] Player: Kina Off Dead | Reward: removedor de frags
[29/08/2022 09:20:40] Player: Kina Off Dead | Reward: addon doll
[29/08/2022 10:53:03] Player: Kevin Ed | Reward: real ring
[29/08/2022 10:53:09] Player: Kevin Ed | Reward: [+1000%] EXP Potion
[29/08/2022 10:53:11] Player: Kevin Ed | Reward: addon doll
[29/08/2022 15:24:14] Player: Comando Voador | Reward: [+1000%] EXP Potion
[29/08/2022 20:49:40] Player: Pies Na Baby | Reward: stamina potion
[29/08/2022 20:49:42] Player: Pies Na Baby | Reward: stamina potion
[29/08/2022 20:49:53] Player: Pies Na Baby | Reward: addon doll
[29/08/2022 20:49:54] Player: Pies Na Baby | Reward: real ring
[29/08/2022 23:09:02] Player: Pally Maldito | Reward: [+800%] EXP Food
[29/08/2022 23:09:04] Player: Pally Maldito | Reward: [+1000%] EXP Potion
[30/08/2022 08:25:01] Player: Anonymous | Reward: [+1000%] EXP Potion
[30/08/2022 17:24:04] Player: Gmrm | Reward: [+800%] EXP Food
[31/08/2022 00:18:39] Player: Magne | Reward: stamina potion
[31/08/2022 07:38:03] Player: Magne | Reward: addon doll
[31/08/2022 07:38:04] Player: Magne | Reward: stamina potion
[31/08/2022 07:38:06] Player: Magne | Reward: real ring
[31/08/2022 07:40:55] Player: Magne | Reward: [+800%] EXP Food
[31/08/2022 07:40:57] Player: Magne | Reward: stamina potion
[31/08/2022 07:41:02] Player: Magne | Reward: removedor de frags
[31/08/2022 07:41:08] Player: Magne | Reward: [+1000%] EXP Potion
[31/08/2022 07:41:09] Player: Magne | Reward: [+1000%] EXP Potion
[31/08/2022 11:21:55] Player: Shimaricat | Reward: [+1000%] EXP Potion
[31/08/2022 12:42:22] Player: Magne | Reward: real ring
[31/08/2022 12:42:23] Player: Magne | Reward: addon doll
[31/08/2022 12:42:23] Player: Magne | Reward: real ring
[31/08/2022 12:42:24] Player: Magne | Reward: stamina potion
[06/09/2022 01:36:59] Player: Ghikz | Reward: stamina potion
[06/09/2022 01:41:23] Player: Kuringaloco | Reward: stamina potion
[06/09/2022 02:27:36] Player: Ghikz | Reward: real ring
[06/09/2022 02:52:00] Player: Ghikz | Reward: stamina potion
[06/09/2022 02:53:46] Player: Ghikz | Reward: removedor de frags
[06/09/2022 02:54:09] Player: Ghikz | Reward: real ring
[06/09/2022 03:07:45] Player: Ghikz | Reward: addon doll
[06/09/2022 03:08:19] Player: Ghikz | Reward: real ring
[06/09/2022 03:09:20] Player: Ghikz | Reward: removedor de frags
[06/09/2022 03:44:26] Player: Ghikz | Reward: removedor de frags
[06/09/2022 03:49:04] Player: Ghikz | Reward: [+800%] EXP Food
[06/09/2022 03:50:46] Player: Ghikz | Reward: removedor de frags
[06/09/2022 05:45:25] Player: Ghikz | Reward: [+1000%] EXP Potion
[06/09/2022 05:47:15] Player: Ghikz | Reward: stamina potion
[06/09/2022 05:48:01] Player: Ghikz | Reward: removedor de frags
[06/09/2022 05:48:42] Player: Ghikz | Reward: [+1000%] EXP Potion
[06/09/2022 05:52:03] Player: Ghikz | Reward: stamina potion
[06/09/2022 05:52:17] Player: Ghikz | Reward: stamina potion
[06/09/2022 21:47:47] Player: Panchito Obson | Reward: stamina potion
[06/09/2022 22:07:50] Player: Panchito Obson | Reward: stamina potion
[06/09/2022 22:09:34] Player: Panchito Obson | Reward: removedor de frags
[06/09/2022 22:14:57] Player: Panchito Obson | Reward: addon doll
[06/09/2022 22:19:33] Player: Panchito Obson | Reward: [+800%] EXP Food
[06/09/2022 22:31:01] Player: Noob | Reward: stamina potion
[06/09/2022 22:52:12] Player: Panchito Obson | Reward: removedor de frags
[06/09/2022 22:52:17] Player: Panchito Obson | Reward: removedor de frags
[07/09/2022 00:54:44] Player: Samuel | Reward: stamina potion
[07/09/2022 00:54:50] Player: Samuel | Reward: [+1000%] EXP Potion
[07/09/2022 00:54:54] Player: Samuel | Reward: addon doll
[07/09/2022 01:59:41] Player: Macdeatth | Reward: real ring
[07/09/2022 08:15:48] Player: Vulgo Felbim | Reward: real ring
[08/09/2022 00:44:59] Player: Furio Mald | Reward: real ring
[08/09/2022 07:17:15] Player: Macdeatth | Reward: stamina potion
[08/09/2022 07:31:34] Player: Ghikz | Reward: [+1000%] EXP Potion
[08/09/2022 07:50:07] Player: Ghikz | Reward: stamina potion
[08/09/2022 08:16:49] Player: Ghikz | Reward: addon doll
[08/09/2022 16:41:47] Player: Duma | Reward: addon doll
[08/09/2022 19:36:02] Player: Comando Voador | Reward: addon doll
[08/09/2022 20:06:07] Player: Twonai | Reward: stamina potion
[08/09/2022 20:06:07] Player: Twonai | Reward: [+1000%] EXP Potion
[08/09/2022 20:35:59] Player: King Of Mage | Reward: [+800%] EXP Food
[09/09/2022 00:49:04] Player: Tyler | Reward: [+1000%] EXP Potion
[09/09/2022 00:49:05] Player: Tyler | Reward: [+800%] EXP Food
[09/09/2022 00:49:06] Player: Tyler | Reward: [+800%] EXP Food
[09/09/2022 00:49:06] Player: Tyler | Reward: [+800%] EXP Food
[09/09/2022 22:14:05] Player: Guapo De Mal Duares | Reward: [+800%] EXP Food
[09/09/2022 22:25:38] Player: Guapo De Mal Duares | Reward: [+800%] EXP Food
[10/09/2022 00:04:08] Player: Timborco | Reward: real ring
[10/09/2022 00:04:09] Player: Timborco | Reward: real ring
[10/09/2022 10:26:08] Player: Mage Off Dead | Reward: [+1000%] EXP Potion
[10/09/2022 10:26:27] Player: Panchito Obson | Reward: addon doll
[10/09/2022 12:15:24] Player: Guapo De Mal Duares | Reward: [+800%] EXP Food
[10/09/2022 12:16:04] Player: Guapo De Mal Duares | Reward: [+1000%] EXP Potion
[10/09/2022 12:17:08] Player: Guapo De Mal Duares | Reward: real ring
[10/09/2022 12:35:24] Player: Guapo De Mal Duares | Reward: real ring
[10/09/2022 12:36:50] Player: Guapo De Mal Duares | Reward: addon doll
[10/09/2022 12:38:51] Player: Guapo De Mal Duares | Reward: [+800%] EXP Food
[11/09/2022 18:39:20] Player: Timborco | Reward: [+800%] EXP Food
[11/09/2022 21:50:16] Player: Comando Voador | Reward: addon doll
[11/09/2022 21:51:32] Player: Comando Voador | Reward: real ring
[12/09/2022 01:16:31] Player: Macdeatth | Reward: addon doll
[12/09/2022 01:16:47] Player: Macdeatth | Reward: removedor de frags
[17/09/2022 21:24:12] Player: Comando Voador | Reward: [+1000%] EXP Potion
[17/09/2022 23:12:13] Player: Pro Attacksz | Reward: real ring
[18/09/2022 00:39:12] Player: Comando Voador | Reward: [+800%] EXP Food
[18/09/2022 03:13:28] Player: Comando Voador | Reward: real ring
[18/09/2022 12:48:46] Player: Comando Voador | Reward: [+1000%] EXP Potion
[18/09/2022 15:52:24] Player: Psycho Perverso | Reward: [+800%] EXP Food
[18/09/2022 16:32:30] Player: Blayd Loot | Reward: [+1000%] EXP Potion
[18/09/2022 22:51:27] Player: Lex Mutor | Reward: real ring
[18/09/2022 23:03:49] Player: Olivia Palito | Reward: [+800%] EXP Food
[18/09/2022 23:53:55] Player: Psycho Perverso | Reward: stamina potion
[18/09/2022 23:54:05] Player: Psycho Perverso | Reward: [+800%] EXP Food
[19/09/2022 08:22:41] Player: Love You | Reward: [+1000%] EXP Potion
[19/09/2022 08:35:56] Player: Psycho Perverso | Reward: [+800%] EXP Food
[19/09/2022 11:46:50] Player: Feh Loko | Reward: addon doll
[19/09/2022 16:31:46] Player: Loot Money | Reward: addon doll
[21/09/2022 12:14:12] Player: Olivia Palito | Reward: real ring
[21/09/2022 12:14:43] Player: Olivia Palito | Reward: [+1000%] EXP Potion
[21/09/2022 12:15:24] Player: Olivia Palito | Reward: removedor de frags
[21/09/2022 12:16:29] Player: Olivia Palito | Reward: removedor de frags
[21/09/2022 12:47:26] Player: Lex Mutor | Reward: [+1000%] EXP Potion
[21/09/2022 12:47:28] Player: Lex Mutor | Reward: removedor de frags
[21/09/2022 13:17:29] Player: Lex Mutor | Reward: [+800%] EXP Food
[21/09/2022 22:59:17] Player: Shimaricat Retorn | Reward: real ring
[22/09/2022 02:18:33] Player: Olivia Palito | Reward: [+800%] EXP Food
[22/09/2022 23:39:05] Player: Olivia Palito | Reward: stamina potion
[22/09/2022 23:39:40] Player: Olivia Palito | Reward: stamina potion
[25/09/2022 13:00:51] Player: King Of Pally | Reward: [+800%] EXP Food
[25/09/2022 13:06:17] Player: King Of Pally | Reward: stamina potion
[25/09/2022 16:56:01] Player: Voris sinco | Reward: addon doll
[25/09/2022 16:56:06] Player: Voris sinco | Reward: real ring
[25/09/2022 16:56:21] Player: Voris sinco | Reward: removedor de frags
[25/09/2022 16:56:35] Player: Voris sinco | Reward: removedor de frags
[26/09/2022 01:29:38] Player: Billy | Reward: removedor de frags
[26/09/2022 01:29:46] Player: Billy | Reward: real ring
[26/09/2022 09:46:23] Player: Revoltado | Reward: [+800%] EXP Food
[26/09/2022 09:46:25] Player: Revoltado | Reward: [+1000%] EXP Potion
[26/09/2022 09:46:27] Player: Revoltado | Reward: addon doll
[26/09/2022 09:46:28] Player: Revoltado | Reward: removedor de frags
[26/09/2022 09:46:29] Player: Revoltado | Reward: addon doll
[26/09/2022 09:46:31] Player: Revoltado | Reward: removedor de frags
[26/09/2022 09:46:33] Player: Revoltado | Reward: stamina potion
[26/09/2022 09:46:34] Player: Revoltado | Reward: stamina potion
[26/09/2022 11:33:40] Player: Panchito Obson | Reward: [+1000%] EXP Potion
[26/09/2022 11:39:58] Player: Panchito Obson | Reward: [+800%] EXP Food
[26/09/2022 11:47:27] Player: Panchito Obson | Reward: [+800%] EXP Food
[10/10/2022 13:42:27] Player: Escanor | Reward: [+1000%] EXP Potion
[10/10/2022 13:42:28] Player: Escanor | Reward: [+800%] EXP Food
[10/10/2022 13:42:29] Player: Escanor | Reward: removedor de frags
[10/10/2022 13:42:30] Player: Escanor | Reward: addon doll
[10/10/2022 23:04:53] Player: Minera Otario | Reward: real ring
[11/10/2022 19:08:13] Player: Podolsky | Reward: removedor de frags
[11/10/2022 19:08:14] Player: Podolsky | Reward: stamina potion
[11/10/2022 19:08:15] Player: Podolsky | Reward: removedor de frags
[11/10/2022 19:08:21] Player: Podolsky | Reward: real ring
[11/10/2022 19:08:22] Player: Podolsky | Reward: stamina potion
[11/10/2022 19:08:23] Player: Podolsky | Reward: addon doll
[11/10/2022 19:08:24] Player: Podolsky | Reward: removedor de frags
[11/10/2022 19:08:27] Player: Podolsky | Reward: stamina potion
[11/10/2022 19:08:28] Player: Podolsky | Reward: real ring
[13/10/2022 12:12:41] Player: Podolsky | Reward: addon doll
[13/10/2022 20:10:51] Player: Pakto | Reward: [+1000%] EXP Potion
