[26/8/2022 14:44:47] /clean
[26/8/2022 14:44:47] /save
[26/8/2022 14:48:28] /clean
[26/8/2022 14:48:29] /save
[27/8/2022 17:44:11] /clean
[27/8/2022 17:44:12] /save
[27/8/2022 20:36:28] /clean
[27/8/2022 20:36:28] /save
[27/8/2022 20:36:41] /goto [ADM] King
[27/8/2022 20:36:43] /ghost
[29/8/2022 8:17:0] /ghost
[29/8/2022 8:17:1] /t
[29/8/2022 8:17:2] /clean
[29/8/2022 8:17:2] /save
[29/8/2022 8:17:12] /r
[29/8/2022 8:17:14] /i demon backpack
[29/8/2022 8:17:23] /t
[29/8/2022 8:17:33] /ghost
[29/8/2022 8:17:42] /ghost
[29/8/2022 8:18:1] /goto luiz mdc
[29/8/2022 8:18:6] /t
[29/8/2022 8:18:49] /goto luiz mdc
[29/8/2022 8:18:56] /c guerra
[29/8/2022 8:19:5] /c guerraa
[29/8/2022 8:19:15] /addskill Guerraa,level,40000
[29/8/2022 8:19:17] /c guerraa
[29/8/2022 8:19:27] /attr maxhealth +21312312313123
[29/8/2022 8:19:32] /c guerraa
[29/8/2022 8:19:52] /i hyper wand
[29/8/2022 8:19:56] /i hyper staff
[29/8/2022 8:20:48] /c luiz mdc
[29/8/2022 8:21:16] /goto guerraa
[29/8/2022 8:21:47] /t guerraa
[29/8/2022 8:21:47] /t
[29/8/2022 8:22:5] /c guerraa
[29/8/2022 8:22:9] /i hyper key
[29/8/2022 8:22:17] /ghost
[29/8/2022 8:22:55] /c guerraa
[29/8/2022 8:23:8] /c guerraa
[29/8/2022 8:23:17] /c guerraa
[29/8/2022 8:23:32] /c guerraa
[29/8/2022 8:23:41] /c guerraa
[29/8/2022 8:25:2] /ghost
[29/8/2022 8:25:3] /t guerraa
[29/8/2022 8:25:3] /t
[29/8/2022 8:25:46] /t
[8/9/2022 3:55:38] /t
[8/9/2022 3:55:39] /clean
[8/9/2022 3:55:40] /save
[8/9/2022 3:55:51] /ghost
[8/9/2022 3:56:3] /ghost
[8/9/2022 4:0:5] /i king ring
[8/9/2022 4:0:19] /i king backpack
[8/9/2022 4:0:20] /r
[8/9/2022 4:0:25] /i supremo falcon
[8/9/2022 4:0:34] /i infinity blessing
[8/9/2022 4:0:44] /i hyper amulet
[8/9/2022 4:0:48] /r
[8/9/2022 4:0:51] /i hyper ring
[8/9/2022 4:1:6] /r
[8/9/2022 4:1:14] /i hyper sword
[8/9/2022 4:1:38] /i hyper armor
[8/9/2022 4:1:53] /r
[8/9/2022 4:1:55] /i king warrior armor
[8/9/2022 4:1:57] /i king warrior legs
[8/9/2022 4:1:59] /i king warrior helmet
[8/9/2022 4:2:2] /i king warrior boots
[8/9/2022 4:2:13] /i king warrior shield
[8/9/2022 4:2:45] /i [+800%] EXP Egg
[8/9/2022 4:2:54] /i [+800%] EXP food
[8/9/2022 4:3:10] /i 30 vip days
[8/9/2022 4:3:13] /i 30 vip day
[8/9/2022 4:3:22] /i dodge stone
[8/9/2022 4:3:24] /i critical feather
