[25/8/2022 1:25:0] /i pick
[25/8/2022 1:27:15] /goto kina~
[25/8/2022 1:30:10] /a 2
[25/8/2022 1:30:33] /goto [adm] ~
[25/8/2022 1:32:46] /i ultimate health potion
[25/8/2022 1:39:26] /storage Rickzin Matt Nobb'sz',7333, 0
[25/8/2022 1:39:37] /storage Rickzin Matt Nobb'sz,7333, 0
[25/8/2022 1:39:56] /storage [adm] king, 7333, 1
[25/8/2022 1:40:8] /storage [adm] king, 7333, 0
[25/8/2022 1:42:54] /storage 2576, 7334, 0
[25/8/2022 1:50:18] /reload globalevents
[25/8/2022 1:55:1] /attr emblem 2
[26/8/2022 0:38:31] /goto ADM Trinitty
[26/8/2022 0:39:4] /kick [adm] k~
[26/8/2022 0:39:16] /attr emblem 3
[26/8/2022 0:39:18] /attr emblem 2
[26/8/2022 0:39:47] /a 3
[26/8/2022 0:39:57] /ghost
[26/8/2022 0:42:18] /ghost
[26/8/2022 0:43:20] /ghost
[26/8/2022 0:44:52] /ghost
[26/8/2022 0:45:15] /t alex rp
[26/8/2022 0:45:42] /attr skull 1
[26/8/2022 0:45:54] /attr skull 2
[26/8/2022 0:47:41] /attr emblem 2
[26/8/2022 0:48:34] /ban kiq
[26/8/2022 0:59:56] /ghost
[26/8/2022 0:59:59] /r
[26/8/2022 1:5:37] /t
[26/8/2022 1:5:40] /ghost
[26/8/2022 1:6:17] /addskill [adm] q~, level, 50000
[26/8/2022 1:14:48] /m gaz'haragoth
[26/8/2022 1:15:26] /r
[26/8/2022 1:15:32] /r
[26/8/2022 1:15:36] /r
[26/8/2022 1:18:12] /m the king boss
[26/8/2022 1:18:18] /m claptomaniaco
[26/8/2022 1:18:37] /r
[26/8/2022 1:23:22] /newtype 35
[26/8/2022 1:24:1] /newtype 12
[26/8/2022 1:25:13] /s gaz'haragoth
[26/8/2022 1:25:29] /r
[26/8/2022 1:27:29] /attr emblem 2
[28/8/2022 20:5:1] /save
[28/8/2022 20:5:29] /bc green o lag foi save rapeize
[28/8/2022 20:5:30] /bc green o lag foi save rapeize
[28/8/2022 20:5:31] /bc green o lag foi save rapeize
[28/8/2022 20:5:45] /newtype 300
[28/8/2022 20:13:48] /bc blue a
[28/8/2022 20:14:52] /bc blue [AVISO]: qualquer situação indesejada (bugs), conte à nós admins pelo help e será resolvido o mais brevemente.
[28/8/2022 20:14:53] /bc blue [AVISO]: qualquer situação indesejada (bugs), conte à nós admins pelo help e será resolvido o mais brevemente.
[28/8/2022 20:14:54] /bc blue [AVISO]: qualquer situação indesejada (bugs), conte à nós admins pelo help e será resolvido o mais brevemente.
[28/8/2022 20:14:55] /bc blue [AVISO]: qualquer situação indesejada (bugs), conte à nós admins pelo help e será resolvido o mais brevemente.
[28/8/2022 20:14:56] /bc blue [AVISO]: qualquer situação indesejada (bugs), conte à nós admins pelo help e será resolvido o mais brevemente.
[28/8/2022 20:27:21] /m gaz'haragoth
[28/8/2022 20:28:7] /goto 10206, 9158, 7
[28/8/2022 20:28:10] /down
[28/8/2022 20:28:14] /up
[28/8/2022 20:28:15] /up
[28/8/2022 20:28:16] /down
[28/8/2022 20:28:17] /down
[28/8/2022 20:28:17] /down
[28/8/2022 20:28:18] /down
[28/8/2022 20:29:18] /ghost
[28/8/2022 20:33:12] /ghost
[28/8/2022 20:46:11] /t
[28/8/2022 20:49:22] /attr emblem 2
[28/8/2022 20:49:24] /attr emblem 2
[28/8/2022 20:49:25] /attr emblem 1
[28/8/2022 20:49:28] /attr emblem 3
[28/8/2022 20:51:49] /attr emblem 3
[28/8/2022 20:51:50] /attr emblem 3
[28/8/2022 20:51:52] /attr emblem 3
[28/8/2022 20:51:55] /attr emblem 3
[28/8/2022 20:55:21] /attr emblem 3
[28/8/2022 22:31:22] /tempitem king staff, 86400
[29/8/2022 21:13:23] /himself Fogo de chao, 032932939
[29/8/2022 21:13:26] /himself Fogo de chao, 0329329392934812491284
[29/8/2022 21:14:48] /ghost
[29/8/2022 21:17:41] /ghost
[29/8/2022 21:44:57] /goto fogo de chao
[29/8/2022 21:44:58] /t
[29/8/2022 21:49:7] /goto Lord eld
[29/8/2022 21:49:11] /goto Lord eld
[29/8/2022 21:49:14] /goto Lord eld
[29/8/2022 21:57:16] /t
[29/8/2022 21:57:38] /goto lobo~
[29/8/2022 21:57:45] /goto fogo~
[29/8/2022 21:57:46] /t
[30/8/2022 20:16:54] /goto [ADM] King
[30/8/2022 20:16:58] /ghost
[30/8/2022 20:17:29] /a 2
[30/8/2022 20:17:49] /cliport
[30/8/2022 20:20:6] /goto [ADM] King
[30/8/2022 20:21:17] /t
[30/8/2022 20:21:59] /goto alex ms
[30/8/2022 20:22:3] /ghost
[30/8/2022 20:22:49] /down
[30/8/2022 20:22:51] /down
[30/8/2022 20:22:54] /goto alex~
[30/8/2022 20:23:32] /t
[30/8/2022 20:23:39] /attr skull 2
[30/8/2022 20:23:50] /attr emblem 2
[30/8/2022 20:23:52] /attr shield 2
[30/8/2022 20:25:21] /goto goku bd
[30/8/2022 20:25:24] /t
[6/9/2022 16:28:7] /goto [adm]~
[6/9/2022 18:38:22] /b fellow, guys!
[11/9/2022 19:23:25] /c mongoose
[11/9/2022 19:33:9] !givecombo
[11/9/2022 19:35:0] /s gaz'haragoth
[11/9/2022 19:37:10] /r
[11/9/2022 19:40:54] /goto jutinha
