[19/9/2022 14:49:4] /t
[19/9/2022 14:49:5] /t
[19/9/2022 14:49:10] /b
[19/9/2022 14:49:13] /b faz oq?
[19/9/2022 14:49:50] /goto leblanc
[19/9/2022 14:49:53] /goto leblanc
[19/9/2022 14:50:15] /ghost
[19/9/2022 14:50:45] /ghost
[19/9/2022 14:57:2] /t
[19/9/2022 14:57:4] /t
[19/9/2022 14:57:8] /t
[19/9/2022 14:57:16] /t
[19/9/2022 14:57:23] /t
[19/9/2022 14:57:23] /t
[19/9/2022 14:57:23] /t
[19/9/2022 14:57:23] /t
[19/9/2022 14:57:23] /t
[19/9/2022 14:57:26] /ghost
[19/9/2022 14:57:34] /t
[19/9/2022 14:58:50] /a
[19/9/2022 14:58:53] /a 2
[19/9/2022 14:59:2] /a 1
[19/9/2022 14:59:3] /a 1
[19/9/2022 14:59:3] /a 1
[19/9/2022 14:59:8] /a 1
[19/9/2022 14:59:9] /a 1
[19/9/2022 14:59:10] /a 1
[19/9/2022 14:59:10] /a 1
[19/9/2022 14:59:39] /up
[19/9/2022 14:59:41] /down
[19/9/2022 15:0:53] /i 
[19/9/2022 15:1:1] /i 3341
[19/9/2022 15:1:30] /i 3341
[19/9/2022 15:1:43] /i 3341
[19/9/2022 15:1:45] /i 3342
[19/9/2022 15:2:2] /r
[19/9/2022 15:2:6] /r
[19/9/2022 15:2:9] /r
[19/9/2022 15:2:14] /r
[19/9/2022 15:2:36] /i 6482
[19/9/2022 15:2:44] /i 5771
[19/9/2022 15:2:56] /r
[19/9/2022 15:3:0] /r
[19/9/2022 15:3:28] /a 1
[19/9/2022 15:3:28] /a 1
[19/9/2022 15:3:29] /a 1
[19/9/2022 15:3:29] /a 1
[19/9/2022 15:3:29] /a 1
[19/9/2022 15:3:29] /a 1
[19/9/2022 15:3:29] /a 1
[19/9/2022 15:3:29] /a 1
[19/9/2022 15:3:29] /a 1
[19/9/2022 15:3:29] /a 1
[19/9/2022 15:3:29] /a 1
[19/9/2022 15:3:30] /a 1
[19/9/2022 15:3:30] /a 1
[19/9/2022 15:3:30] /a 1
[19/9/2022 15:3:30] /a 1
[19/9/2022 15:3:32] /a 10
[19/9/2022 15:3:32] /a 10
[19/9/2022 15:3:33] /a 10
[19/9/2022 15:3:34] /a 10
[19/9/2022 15:3:35] /a 10
[19/9/2022 15:3:36] /a 10
[19/9/2022 15:3:37] /a 10
[19/9/2022 15:3:38] /a 10
[19/9/2022 15:3:39] /a 10
[19/9/2022 15:3:41] /up
[19/9/2022 15:3:45] /a 1
[19/9/2022 15:3:45] /a 1
[19/9/2022 15:3:45] /a 1
[19/9/2022 15:3:48] /a 1
[19/9/2022 15:3:50] /a 1
[19/9/2022 15:3:50] /a 1
[19/9/2022 15:3:51] /a 1
[19/9/2022 15:3:51] /a 1
[19/9/2022 15:3:51] /a 1
[19/9/2022 15:3:51] /a 1
[19/9/2022 15:3:51] /a 1
[19/9/2022 15:3:51] /a 1
[19/9/2022 15:3:52] /a 1
[19/9/2022 15:3:52] /a 1
[19/9/2022 15:4:13] /a 1
[19/9/2022 15:4:14] /a 1
[19/9/2022 15:4:16] /a 1
[19/9/2022 15:4:17] /a 1
[19/9/2022 15:4:17] /a 1
[19/9/2022 15:4:24] /a 1
[19/9/2022 15:4:25] /a 1
[19/9/2022 15:4:26] /a 1
[19/9/2022 15:4:26] /a 1
[19/9/2022 15:4:27] /a 1
[19/9/2022 15:4:28] /a 1
[19/9/2022 15:4:28] /a 1
[19/9/2022 15:4:29] /a 1
[19/9/2022 15:4:58] /a 1
[19/9/2022 15:4:58] /a 1
[19/9/2022 15:4:59] /a 1
[19/9/2022 15:4:59] /a 1
[19/9/2022 15:4:59] /a 1
[19/9/2022 15:4:59] /a 1
[19/9/2022 15:4:59] /a 1
[19/9/2022 15:5:0] /a 1
[19/9/2022 15:5:0] /a 1
[19/9/2022 15:5:0] /a 1
[19/9/2022 15:5:0] /a 1
[19/9/2022 15:5:0] /a 1
[19/9/2022 15:5:0] /a 1
[19/9/2022 15:5:1] /a 1
[19/9/2022 15:5:1] /a 1
[19/9/2022 15:5:1] /a 1
[19/9/2022 15:5:1] /a 1
[19/9/2022 15:5:1] /a 1
[19/9/2022 15:5:8] /i 1
[19/9/2022 15:5:16] /r
[19/9/2022 15:6:13] /i 3255 1
[19/9/2022 15:6:20] /i 3255
[19/9/2022 15:6:24] /i 3255
[19/9/2022 15:6:31] /m 
[19/9/2022 15:6:33] /m demon
[19/9/2022 15:6:49] /r
[19/9/2022 15:6:55] /m monk
[19/9/2022 15:6:57] /r
[19/9/2022 15:7:14] /n 3586
[19/9/2022 15:7:15] /n 3586
[19/9/2022 15:7:19] /n 1
[19/9/2022 15:7:20] /n 1
[19/9/2022 15:7:22] /n
[19/9/2022 15:7:23] /n
[19/9/2022 15:10:12] /n 2080
[19/9/2022 15:10:15] /i 2080
[19/9/2022 15:10:18] /r
[19/9/2022 15:51:31] /goto mage off dead
[19/9/2022 15:51:37] /ghost
[19/9/2022 15:52:41] /ghost
[19/9/2022 15:53:26] /goto mage off dead
[19/9/2022 15:55:3] /ghost
[19/9/2022 15:56:43] /ghost
[19/9/2022 15:57:32] /t
[19/9/2022 16:3:36] /goto duma
[19/9/2022 16:3:42] /goto escanor
[19/9/2022 16:3:52] /goto Feh Loko
[19/9/2022 16:4:14] /goto lord kinder
[19/9/2022 16:4:43] /goto King
[19/9/2022 16:4:51] /goto [ADM
[19/9/2022 16:5:4] /goto [ADM] King
[19/9/2022 16:8:25] /goto mage off dead
[19/9/2022 16:11:0] /goto mage off dead
[19/9/2022 16:11:8] /t
[19/9/2022 16:11:26] /goto Pro Attacksz
[19/9/2022 16:13:13] /goto opressor de hunts
[19/9/2022 16:13:16] /goto opressor de hunts
[19/9/2022 16:13:18] /goto opressor de hunts
[19/9/2022 16:13:22] /t
[19/9/2022 16:14:11] /a 1
[19/9/2022 16:15:1] /a 1
[19/9/2022 16:15:2] /a 1
[19/9/2022 16:15:5] /a 1
[19/9/2022 16:15:6] /a 1
[19/9/2022 16:15:8] /a 2
[19/9/2022 16:16:3] /a 10
[19/9/2022 16:16:4] /a 10
[19/9/2022 16:16:4] /a 10
[19/9/2022 16:16:5] /a 10
[19/9/2022 16:16:6] /a 10
[19/9/2022 16:16:7] /a 10
[19/9/2022 16:16:7] /a 10
[19/9/2022 16:16:10] /a 10
[19/9/2022 16:16:11] /a 10
[19/9/2022 16:16:11] /a 10
[19/9/2022 16:16:12] /a 10
[19/9/2022 16:16:13] /a 10
[19/9/2022 16:16:14] /a 10
[19/9/2022 16:16:14] /a 10
[19/9/2022 16:16:15] /a 10
[19/9/2022 16:16:16] /a 10
[19/9/2022 16:16:17] /a 10
[19/9/2022 16:16:18] /a 1
[19/9/2022 16:16:19] /a 1
[19/9/2022 16:16:19] /a 1
[19/9/2022 16:16:19] /a 1
[19/9/2022 16:16:19] /a 1
[19/9/2022 16:16:19] /a 1
[19/9/2022 16:16:19] /a 1
[19/9/2022 16:16:19] /a 1
[19/9/2022 16:16:19] /a 1
[19/9/2022 16:16:19] /a 1
[19/9/2022 16:16:20] /a 1
[19/9/2022 16:16:20] /a 1
[19/9/2022 16:16:20] /a 1
[19/9/2022 16:16:20] /a 1
[19/9/2022 16:16:20] /a 1
[19/9/2022 16:16:20] /a 1
[19/9/2022 16:16:20] /a 1
[19/9/2022 16:16:20] /a 1
[19/9/2022 16:16:20] /a 1
[19/9/2022 16:16:21] /a 1
[19/9/2022 16:16:22] /a 1
[19/9/2022 16:16:22] /a 1
[19/9/2022 16:16:22] /a 1
[19/9/2022 16:16:22] /a 1
[19/9/2022 16:16:22] /a 1
[19/9/2022 16:16:22] /a 1
[19/9/2022 16:16:22] /a 1
[19/9/2022 16:16:22] /a 1
[19/9/2022 16:16:23] /a 1
[19/9/2022 16:16:23] /a 1
[19/9/2022 16:16:23] /a 1
[19/9/2022 16:16:23] /a 1
[19/9/2022 16:16:23] /a 1
[19/9/2022 16:16:23] /a 1
[19/9/2022 16:16:23] /a 1
[19/9/2022 16:16:23] /a 1
[19/9/2022 16:16:25] /a 1
[19/9/2022 16:16:25] /a 1
[19/9/2022 16:16:25] /a 1
[19/9/2022 16:16:25] /a 1
[19/9/2022 16:16:25] /a 1
[19/9/2022 16:16:25] /a 1
[19/9/2022 16:16:25] /a 1
[19/9/2022 16:16:25] /a 1
[19/9/2022 16:16:26] /a 1
[19/9/2022 16:16:26] /a 1
[19/9/2022 16:16:27] /a 1
[19/9/2022 16:16:27] /a 1
[19/9/2022 16:16:27] /a 1
[19/9/2022 16:16:27] /a 1
[19/9/2022 16:16:27] /a 1
[19/9/2022 16:16:27] /a 1
[19/9/2022 16:16:27] /a 1
[19/9/2022 16:16:27] /a 1
[19/9/2022 16:16:28] /a 1
[19/9/2022 16:16:28] /a 1
[19/9/2022 16:16:28] /a 1
[19/9/2022 16:16:28] /a 1
[19/9/2022 16:16:28] /a 1
[19/9/2022 16:16:28] /a 1
[19/9/2022 16:16:28] /a 1
[19/9/2022 16:16:37] /a 5
[19/9/2022 16:16:37] /a 5
[19/9/2022 16:16:37] /a 5
[19/9/2022 16:16:38] /a 5
[19/9/2022 16:16:38] /a 5
[19/9/2022 16:16:38] /a 5
[19/9/2022 16:16:38] /a 5
[19/9/2022 16:16:38] /a 5
[19/9/2022 16:16:38] /a 5
[19/9/2022 16:16:38] /a 5
[19/9/2022 16:16:39] /a 5
[19/9/2022 16:16:39] /a 5
[19/9/2022 16:16:39] /a 5
[19/9/2022 16:16:39] /a 5
[19/9/2022 16:16:39] /a 5
[19/9/2022 16:16:40] /a 5
[19/9/2022 16:16:40] /a 5
[19/9/2022 16:16:40] /a 5
[19/9/2022 16:16:40] /a 5
[19/9/2022 16:16:40] /a 5
[19/9/2022 16:16:41] /a 5
[19/9/2022 16:16:42] /a 1
[19/9/2022 16:16:42] /a 1
[19/9/2022 16:16:43] /a 1
[19/9/2022 16:16:43] /a 1
[19/9/2022 16:16:43] /a 1
[19/9/2022 16:16:43] /a 1
[19/9/2022 16:16:43] /a 1
[19/9/2022 16:16:43] /a 1
[19/9/2022 16:16:43] /a 1
[19/9/2022 16:16:43] /a 1
[19/9/2022 16:16:44] /a 1
[19/9/2022 16:16:44] /a 1
[19/9/2022 16:16:44] /a 1
[19/9/2022 16:16:44] /a 1
[19/9/2022 16:16:45] /a 5
[19/9/2022 16:16:45] /a 5
[19/9/2022 16:16:45] /a 5
[19/9/2022 16:16:45] /a 5
[19/9/2022 16:16:45] /a 5
[19/9/2022 16:16:46] /a 5
[19/9/2022 16:16:46] /a 5
[19/9/2022 16:16:46] /a 5
[19/9/2022 16:16:46] /a 5
[19/9/2022 16:16:46] /a 5
[19/9/2022 16:16:47] /a 5
[19/9/2022 16:16:47] /a 5
[19/9/2022 16:16:47] /a 5
[19/9/2022 16:16:47] /a 5
[19/9/2022 16:16:47] /a 5
[19/9/2022 16:16:48] /a 5
[19/9/2022 16:16:48] /a 5
[19/9/2022 16:16:48] /a 5
[19/9/2022 16:16:48] /a 5
[19/9/2022 16:16:48] /a 5
[19/9/2022 16:16:48] /a 5
[19/9/2022 16:16:48] /a 5
[19/9/2022 16:16:48] /a 5
[19/9/2022 16:16:49] /a 5
[19/9/2022 16:16:49] /a 5
[19/9/2022 16:16:49] /a 5
[19/9/2022 16:16:49] /a 5
[19/9/2022 16:16:49] /a 5
[19/9/2022 16:16:49] /a 5
[19/9/2022 16:16:49] /a 5
[19/9/2022 16:16:49] /a 5
[19/9/2022 16:16:49] /a 5
[19/9/2022 16:16:50] /a 5
[19/9/2022 16:16:50] /a 5
[19/9/2022 16:16:51] /a 5
[19/9/2022 16:16:51] /a 5
[19/9/2022 16:16:52] /a 5
[19/9/2022 16:16:53] /a 1
[19/9/2022 16:16:53] /a 1
[19/9/2022 16:16:54] /a 1
[19/9/2022 16:16:54] /a 1
[19/9/2022 16:16:54] /a 1
[19/9/2022 16:16:55] /a 1
[19/9/2022 16:16:56] /a 1
[19/9/2022 16:16:59] /a 1
[19/9/2022 16:17:2] /a 1
[19/9/2022 16:17:5] /down
[19/9/2022 16:17:6] /down
[19/9/2022 16:17:6] /down
[19/9/2022 16:17:8] /down
[19/9/2022 16:17:8] /down
[19/9/2022 16:17:9] /down
[19/9/2022 16:17:10] /down
[19/9/2022 16:17:13] /a 1
[19/9/2022 16:17:13] /a 1
[19/9/2022 16:17:13] /a 1
[19/9/2022 16:17:13] /a 1
[19/9/2022 16:17:14] /a 1
[19/9/2022 16:17:14] /a 1
[19/9/2022 16:17:14] /a 1
[19/9/2022 16:17:14] /a 1
[19/9/2022 16:17:15] /a 1
[19/9/2022 16:17:15] /a 1
[19/9/2022 16:17:15] /a 1
[19/9/2022 16:17:15] /a 1
[19/9/2022 16:17:15] /a 1
[19/9/2022 16:17:15] /a 1
[19/9/2022 16:17:16] /a 1
[19/9/2022 16:17:16] /a 1
[19/9/2022 16:17:40] /down
[19/9/2022 16:17:45] /up
[19/9/2022 16:17:52] /a 1
[19/9/2022 16:17:53] /a 1
[19/9/2022 16:17:53] /a 1
[19/9/2022 16:17:53] /a 1
[19/9/2022 16:17:53] /a 1
[19/9/2022 16:17:53] /a 1
[19/9/2022 16:17:55] /a 5
[19/9/2022 16:17:55] /a 5
[19/9/2022 16:17:55] /a 5
[19/9/2022 16:17:55] /a 5
[19/9/2022 16:17:55] /a 5
[19/9/2022 16:17:56] /a 5
[19/9/2022 16:17:56] /a 5
[19/9/2022 16:17:56] /a 5
[19/9/2022 16:17:57] /a 5
[19/9/2022 16:17:58] /a 5
[19/9/2022 16:17:58] /a 5
[19/9/2022 16:17:58] /a 5
[19/9/2022 16:17:58] /a 5
[19/9/2022 16:17:59] /a 5
[19/9/2022 16:17:59] /a 5
[19/9/2022 16:18:0] /a 5
[19/9/2022 16:18:0] /a 5
[19/9/2022 16:18:0] /a 5
[19/9/2022 16:18:2] /a 5
[19/9/2022 16:18:2] /a 5
[19/9/2022 16:18:2] /a 5
[19/9/2022 16:18:2] /a 5
[19/9/2022 16:18:3] /a 5
[19/9/2022 16:18:3] /a 5
[19/9/2022 16:18:3] /a 5
[19/9/2022 16:18:4] /a 5
[19/9/2022 16:18:5] /a 5
[19/9/2022 16:18:5] /a 5
[19/9/2022 16:18:5] /a 5
[19/9/2022 16:18:6] /a 5
[19/9/2022 16:18:6] /a 5
[19/9/2022 16:18:7] /a 5
[19/9/2022 16:18:8] /a 5
[19/9/2022 16:18:9] /a 5
[19/9/2022 16:18:9] /a 5
[19/9/2022 16:18:12] /down
[19/9/2022 16:18:14] /a 5
[19/9/2022 16:18:14] /a 5
[19/9/2022 16:18:14] /a 5
[19/9/2022 16:18:14] /a 5
[19/9/2022 16:18:16] /a 5
[19/9/2022 16:18:16] /a 5
[19/9/2022 16:18:17] /a 5
[19/9/2022 16:18:18] /a 5
[19/9/2022 16:18:18] /a 5
[19/9/2022 16:18:18] /a 5
[19/9/2022 16:18:18] /a 5
[19/9/2022 16:18:19] /a 5
[19/9/2022 16:18:19] /a 5
[19/9/2022 16:18:21] /a 5
[19/9/2022 16:18:21] /a 5
[19/9/2022 16:18:21] /a 5
[19/9/2022 16:18:22] /a 5
[19/9/2022 16:18:22] /a 5
[19/9/2022 16:18:22] /a 5
[19/9/2022 16:18:23] /a 5
[19/9/2022 16:18:23] /a 5
[19/9/2022 16:18:24] /a 5
[19/9/2022 16:18:24] /a 5
[19/9/2022 16:18:24] /a 5
[19/9/2022 16:18:25] /a 5
[19/9/2022 16:18:25] /a 5
[19/9/2022 16:18:25] /a 5
[19/9/2022 16:18:25] /a 5
[19/9/2022 16:18:25] /a 5
[19/9/2022 16:18:26] /a 5
[19/9/2022 16:18:27] /a 5
[19/9/2022 16:18:27] /a 5
[19/9/2022 16:19:18] /a 5
[19/9/2022 16:19:19] /a 5
[19/9/2022 16:19:20] /a 5
[19/9/2022 16:19:40] /t
[19/9/2022 16:19:57] /t
[19/9/2022 16:26:18] /a 1
[19/9/2022 16:26:18] /a 1
[19/9/2022 16:26:50] /ghost
[19/9/2022 16:27:34] /a 1
[19/9/2022 16:27:44] /a 1
[19/9/2022 16:27:50] /a 1
[19/9/2022 16:27:52] /a 2
[19/9/2022 16:27:55] /t
[19/9/2022 16:29:7] /ghost
[19/9/2022 16:29:9] /a 5
[19/9/2022 16:29:10] /a 5
[19/9/2022 16:29:10] /a 5
[19/9/2022 16:29:11] /a 5
[19/9/2022 16:29:11] /a 5
[19/9/2022 16:29:12] /a 5
[19/9/2022 16:29:16] /ghost
[19/9/2022 16:29:19] /i 5
[19/9/2022 16:29:22] /i 5
[19/9/2022 16:29:30] /i 1
[19/9/2022 16:29:33] /r
[19/9/2022 16:29:34] /r
[19/9/2022 16:29:35] /r
[19/9/2022 16:29:37] /i 2
[19/9/2022 16:29:40] /r
[19/9/2022 16:29:42] /i 10
[19/9/2022 16:29:45] /r
[19/9/2022 16:30:5] /i 2071
[19/9/2022 16:30:14] /i 1984
[19/9/2022 16:30:24] /i 2287
[19/9/2022 16:31:20] /i 6541
[19/9/2022 16:32:6] /r
[19/9/2022 16:34:17] /ghost
[19/9/2022 16:34:24] /t
[19/9/2022 16:34:55] /up
[19/9/2022 16:35:18] /t
[19/9/2022 16:35:19] /a 5
[19/9/2022 16:35:19] /a 5
[19/9/2022 16:35:20] /a 5
[19/9/2022 16:35:20] /a 5
[19/9/2022 16:35:20] /a 5
[19/9/2022 16:35:20] /a 5
[19/9/2022 16:35:21] /a 5
[19/9/2022 16:35:24] /i 7424
[19/9/2022 16:35:48] /t
[19/9/2022 17:16:48] /ghost
[19/9/2022 17:16:53] /a 1
[19/9/2022 17:16:54] /a 1
[19/9/2022 17:16:54] /a 1
[19/9/2022 17:16:58] /a 1
[19/9/2022 17:16:58] /a 1
[19/9/2022 17:16:58] /a 1
[19/9/2022 17:16:58] /a 1
[19/9/2022 17:16:59] /a 1
[19/9/2022 17:16:59] /a 1
[19/9/2022 17:28:26] /a 2
[19/9/2022 17:28:35] /a 2
[19/9/2022 17:38:39] /ghost
[19/9/2022 17:39:14] /t
[19/9/2022 17:39:33] /ghost
[19/9/2022 17:59:1] /m demon
[19/9/2022 18:1:0] /ghost
[19/9/2022 18:2:52] /ghost
[19/9/2022 18:2:56] /goto mage off dead
[19/9/2022 18:3:47] /ghost
[19/9/2022 18:3:48] /t
[19/9/2022 20:22:16] /ghost
[19/9/2022 20:49:27] /b teste
[19/9/2022 20:49:49] /newtype
[19/9/2022 20:50:46] /newtype 1
[19/9/2022 20:50:54] /newtype 2
[19/9/2022 20:50:59] /newtype 3
[19/9/2022 20:51:1] /newtype 4
[19/9/2022 20:51:17] /newtype 3
[19/9/2022 20:51:21] /newtype 2
[19/9/2022 20:51:24] /newtype 4
[19/9/2022 20:51:53] /newtype 1500
[19/9/2022 20:52:3] /newtype 1501
[19/9/2022 20:52:8] /newtype 1510
[19/9/2022 20:52:14] /newtype 1800
[19/9/2022 20:52:18] /newtype 10
[19/9/2022 20:52:41] /newtype 20
[19/9/2022 20:53:0] /newtype 100
[19/9/2022 20:53:33] /newtype 2000
[19/9/2022 20:53:42] /newtype 10521
[19/9/2022 20:53:51] /newtype 7424
[19/9/2022 20:54:7] /newtype 8023
[19/9/2022 20:54:16] /newtype 8851
[19/9/2022 20:54:27] /newtype 4240
[19/9/2022 20:54:37] /newtype 2148
[19/9/2022 20:55:11] /newtype 0
[19/9/2022 20:55:13] /newtype
[19/9/2022 20:56:6] /newtype 111
[19/9/2022 20:56:11] /newtype 165
[19/9/2022 20:56:13] /newtype 155
[19/9/2022 20:56:16] /newtype 154
[19/9/2022 20:56:17] /newtype 153
[19/9/2022 20:56:19] /newtype 152
[19/9/2022 20:56:20] /newtype 151
[19/9/2022 20:56:22] /newtype 150
[19/9/2022 20:56:24] /newtype 149
[19/9/2022 20:56:26] /newtype 148
[19/9/2022 20:56:28] /newtype 147
[19/9/2022 20:56:31] /newtype 146
[19/9/2022 20:56:33] /newtype 145
[19/9/2022 20:56:34] /newtype 145
[19/9/2022 20:56:35] /newtype 144
[19/9/2022 20:56:37] /newtype 143
[19/9/2022 20:56:39] /newtype 140
[19/9/2022 20:56:41] /newtype 139
[19/9/2022 20:56:43] /newtype 130
[19/9/2022 20:57:12] /newtype 300
[19/9/2022 20:57:14] /newtype 301
[19/9/2022 20:57:18] /newtype 299
[19/9/2022 20:57:20] /newtype 298
[19/9/2022 20:57:22] /newtype 297
[19/9/2022 20:57:24] /newtype 296
[19/9/2022 20:57:26] /newtype 295
[19/9/2022 20:57:29] /newtype 294
[19/9/2022 20:57:30] /newtype 293
[19/9/2022 20:57:32] /newtype 292
[19/9/2022 20:57:34] /newtype 291
[19/9/2022 20:57:37] /newtype 290
[19/9/2022 20:57:42] /newtype 289
[19/9/2022 20:57:44] /newtype 288
[19/9/2022 20:57:46] /newtype 287
[19/9/2022 20:57:49] /newtype 286
[19/9/2022 20:57:50] /newtype 285
[19/9/2022 20:57:52] /newtype 284
[19/9/2022 20:57:53] /newtype 283
[19/9/2022 20:57:54] /newtype 282
[19/9/2022 20:57:55] /newtype 281
[19/9/2022 20:57:57] /newtype 280
[19/9/2022 20:58:1] /newtype 279
[19/9/2022 20:58:5] /newtype 278
[19/9/2022 20:58:23] /newtype 277
[19/9/2022 20:58:25] /newtype 276
[19/9/2022 20:58:27] /newtype 275
[19/9/2022 20:58:28] /newtype 274
[19/9/2022 20:58:29] /newtype 273
[19/9/2022 20:58:31] /newtype 272
[19/9/2022 20:58:32] /newtype 271
[19/9/2022 20:58:34] /newtype 270
[19/9/2022 20:58:36] /newtype 269
[19/9/2022 20:58:38] /newtype 268
[19/9/2022 20:58:39] /newtype 267
[19/9/2022 20:58:42] /newtype 266
[19/9/2022 20:58:46] /newtype 265
[19/9/2022 20:58:47] /newtype 264
[19/9/2022 20:58:58] /newtype 263
[19/9/2022 20:59:0] /newtype 262
[19/9/2022 20:59:4] /newtype 261
[19/9/2022 20:59:6] /newtype 260
[19/9/2022 20:59:10] /newtype 259
[19/9/2022 20:59:13] /newtype 258
[19/9/2022 20:59:14] /newtype 257
[19/9/2022 20:59:15] /newtype 256
[19/9/2022 20:59:17] /newtype 255
[19/9/2022 20:59:18] /newtype 254
[19/9/2022 20:59:19] /newtype 253
[19/9/2022 20:59:21] /newtype 252
[19/9/2022 20:59:22] /newtype 251
[19/9/2022 20:59:28] /newtype 250
[19/9/2022 20:59:30] /newtype 249
[19/9/2022 20:59:31] /newtype 248
[19/9/2022 20:59:33] /newtype 247
[19/9/2022 20:59:34] /newtype 246
[19/9/2022 20:59:35] /newtype 245
[19/9/2022 20:59:36] /newtype 245
[19/9/2022 20:59:38] /newtype 244
[19/9/2022 20:59:39] /newtype 243
[19/9/2022 20:59:40] /newtype 242
[19/9/2022 20:59:41] /newtype 241
[19/9/2022 20:59:45] /newtype 240
[19/9/2022 20:59:47] /newtype 239
[19/9/2022 20:59:50] /newtype 238
[19/9/2022 20:59:51] /newtype 237
[19/9/2022 20:59:54] /newtype 236
[19/9/2022 20:59:55] /newtype 235
[19/9/2022 20:59:59] /newtype 265
[19/9/2022 21:0:1] /newtype 264
[19/9/2022 21:2:19] /goto mage off dead
[19/9/2022 21:3:6] /goto callango
[19/9/2022 21:3:18] /a 5
[19/9/2022 21:5:33] /t
[19/9/2022 21:10:9] /newtype 431
[19/9/2022 21:10:14] /newtype 430
[19/9/2022 21:10:23] /newtype 427
[19/9/2022 21:10:25] /newtype 426
[19/9/2022 21:10:26] /newtype 425
[19/9/2022 21:10:28] /newtype 424
[19/9/2022 21:10:29] /newtype 423
[19/9/2022 21:10:30] /newtype 422
[19/9/2022 21:10:32] /newtype 421
[19/9/2022 21:10:34] /newtype 420
[19/9/2022 21:10:41] /newtype 432
[19/9/2022 21:10:43] /newtype 433
[19/9/2022 21:10:44] /newtype 434
[19/9/2022 21:10:46] /newtype 435
[19/9/2022 21:10:47] /newtype 436
[19/9/2022 21:10:48] /newtype 437
[19/9/2022 21:10:50] /newtype 438
[19/9/2022 21:10:51] /newtype 439
[19/9/2022 21:10:53] /newtype 434
[19/9/2022 21:10:57] /newtype 431
[19/9/2022 21:10:59] /newtype 430
[19/9/2022 21:11:9] /newtype 394
[19/9/2022 21:11:11] /newtype 394
[19/9/2022 21:11:13] /newtype 430
[19/9/2022 21:16:21] /newtype 414
[19/9/2022 21:16:23] /newtype 413
[19/9/2022 21:16:25] /newtype 412
[19/9/2022 21:16:26] /newtype 411
[19/9/2022 21:16:28] /newtype 410
[19/9/2022 21:16:31] /newtype 510
[19/9/2022 21:16:32] /newtype 511
[19/9/2022 21:16:35] /newtype 500
[19/9/2022 21:16:37] /newtype 499
[19/9/2022 21:17:17] /newtype 480
[19/9/2022 21:17:18] /newtype 481
[19/9/2022 21:17:20] /newtype 482
[19/9/2022 21:17:23] /newtype 479
[19/9/2022 21:17:25] /newtype 478
[19/9/2022 21:17:27] /newtype 477
[19/9/2022 21:17:28] /newtype 476
[19/9/2022 21:17:29] /newtype 475
[19/9/2022 21:17:31] /newtype 474
[19/9/2022 21:17:32] /newtype 473
[19/9/2022 21:17:33] /newtype 472
[19/9/2022 21:17:34] /newtype 471
[19/9/2022 21:17:36] /newtype 470
[19/9/2022 21:17:38] /newtype 469
[19/9/2022 21:17:40] /newtype 468
[19/9/2022 21:17:41] /newtype 467
[19/9/2022 21:17:44] /newtype 466
[19/9/2022 21:17:49] /newtype 465
[19/9/2022 21:17:51] /newtype 464
[19/9/2022 21:17:52] /newtype 463
[19/9/2022 21:17:55] /newtype 462
[19/9/2022 21:18:7] /newtype 541
[19/9/2022 21:18:10] /newtype 548
[19/9/2022 21:18:12] /newtype 600
[19/9/2022 21:18:14] /newtype 700
[19/9/2022 21:18:20] /newtype 539
[19/9/2022 21:18:26] /newtype 511
[19/9/2022 21:18:35] /newtype 484
[19/9/2022 21:18:43] /newtype 486
[19/9/2022 21:18:50] /newtype 462
[19/9/2022 21:19:31] /ghost
[19/9/2022 21:20:9] /ghost
[19/9/2022 21:20:40] /invisible
[19/9/2022 21:20:41] /invisible
[19/9/2022 21:21:14] /ghost
[19/9/2022 21:21:17] /a 5
[19/9/2022 21:21:18] /a 5
[19/9/2022 21:21:18] /a 5
[19/9/2022 21:21:18] /a 5
[19/9/2022 21:21:19] /a 5
[19/9/2022 21:21:25] /a 5
[19/9/2022 21:21:26] /a 5
[19/9/2022 21:21:28] /a 5
[19/9/2022 21:21:28] /a 5
[19/9/2022 21:21:28] /a 5
[19/9/2022 21:21:29] /a 5
[19/9/2022 21:21:29] /a 5
[19/9/2022 21:21:31] /a 5
[19/9/2022 21:21:31] /a 5
[19/9/2022 21:21:31] /a 5
[19/9/2022 21:21:48] /m Ghaazbaran
[19/9/2022 21:21:50] /m dog
[19/9/2022 21:21:55] /r
[19/9/2022 21:22:1] /m Possessed Tree
[19/9/2022 21:22:5] /r
[19/9/2022 21:22:13] /m Supremo Cafetão
[19/9/2022 21:22:15] /m Supremo Cafetao
[19/9/2022 21:22:19] /r
[19/9/2022 21:22:37] /n ham
[19/9/2022 21:22:41] /n ham 100
[19/9/2022 21:22:46] /i 3007
[19/9/2022 21:22:58] /i 2124
[19/9/2022 21:23:8] /i 2124
[19/9/2022 21:23:15] /i 2124
[19/9/2022 21:23:18] /i 2124
[19/9/2022 21:23:20] /i 2124
[19/9/2022 21:23:38] /ghost
[19/9/2022 21:23:45] /newtype 264
[19/9/2022 21:23:48] /newtype 260
[19/9/2022 21:23:50] /newtype 265
[19/9/2022 21:23:51] /newtype 266
[19/9/2022 21:23:53] /newtype 267
[19/9/2022 21:23:56] /newtype 268
[19/9/2022 21:23:59] /newtype 301
[19/9/2022 21:24:1] /newtype 302
[19/9/2022 21:24:3] /newtype 303
[19/9/2022 21:24:4] /newtype 304
[19/9/2022 21:24:5] /newtype 305
[19/9/2022 21:24:6] /newtype 306
[19/9/2022 21:24:7] /newtype 307
[19/9/2022 21:24:9] /newtype 308
[19/9/2022 21:24:10] /newtype 309
[19/9/2022 21:24:13] /newtype 310
[19/9/2022 21:24:15] /newtype 311
[19/9/2022 21:24:17] /newtype 312
[19/9/2022 21:24:19] /newtype 313
[19/9/2022 21:24:20] /newtype 314
[19/9/2022 21:24:21] /newtype 315
[19/9/2022 21:24:23] /newtype 316
[19/9/2022 21:24:24] /newtype 317
[19/9/2022 21:24:25] /newtype 318
[19/9/2022 21:24:26] /newtype 319
[19/9/2022 21:24:29] /newtype 320
[19/9/2022 21:24:30] /newtype 321
[19/9/2022 21:24:31] /newtype 3222
[19/9/2022 21:24:32] /newtype 322
[19/9/2022 21:24:34] /newtype 323
[19/9/2022 21:24:34] /newtype 324
[19/9/2022 21:24:36] /newtype 325
[19/9/2022 21:24:37] /newtype 326
[19/9/2022 21:24:38] /newtype 327
[19/9/2022 21:24:39] /newtype 328
[19/9/2022 21:24:41] /newtype 329
[19/9/2022 21:24:43] /newtype 330
[19/9/2022 21:25:15] /newtype 331
[19/9/2022 21:25:16] /newtype 332
[19/9/2022 21:25:18] /newtype 333
[19/9/2022 21:25:19] /newtype 334
[19/9/2022 21:25:20] /newtype 335
[19/9/2022 21:25:21] /newtype 336
[19/9/2022 21:25:23] /newtype 337
[19/9/2022 21:25:24] /newtype 338
[19/9/2022 21:25:25] /newtype 339
[19/9/2022 21:25:27] /newtype 340
[19/9/2022 21:25:28] /newtype 341
[19/9/2022 21:25:29] /newtype 342
[19/9/2022 21:25:30] /newtype 343
[19/9/2022 21:25:31] /newtype 344
[19/9/2022 21:25:32] /newtype 345
[19/9/2022 21:25:33] /newtype 346
[19/9/2022 21:25:34] /newtype 347
[19/9/2022 21:25:35] /newtype 348
[19/9/2022 21:25:37] /newtype 349
[19/9/2022 21:25:39] /newtype 350
[19/9/2022 21:25:40] /newtype 351
[19/9/2022 21:25:41] /newtype 352
[19/9/2022 21:25:42] /newtype 353
[19/9/2022 21:25:43] /newtype 354
[19/9/2022 21:25:44] /newtype 355
[19/9/2022 21:25:45] /newtype 356
[19/9/2022 21:25:47] /newtype 357
[19/9/2022 21:25:49] /newtype 358
[19/9/2022 21:25:50] /newtype 359
[19/9/2022 21:25:52] /newtype 360
[19/9/2022 21:25:55] /newtype 361
[19/9/2022 21:25:57] /newtype 362
[19/9/2022 21:25:58] /newtype 363
[19/9/2022 21:25:59] /newtype 364
[19/9/2022 21:26:2] /newtype 365
[19/9/2022 21:26:4] /newtype 366
[19/9/2022 21:26:5] /newtype 367
[19/9/2022 21:26:6] /newtype 368
[19/9/2022 21:26:8] /newtype 369
[19/9/2022 21:26:10] /newtype 370
[19/9/2022 21:26:11] /newtype 371
[19/9/2022 21:26:12] /newtype 372
[19/9/2022 21:26:13] /newtype 373
[19/9/2022 21:26:14] /newtype 374
[19/9/2022 21:26:16] /newtype 375
[19/9/2022 21:26:18] /newtype 375 5
[19/9/2022 21:26:22] /newtype 375 6
[19/9/2022 21:26:23] /newtype 375 1
[19/9/2022 21:26:27] /newtype 376
[19/9/2022 21:26:28] /newtype 377
[19/9/2022 21:26:29] /newtype 378
[19/9/2022 21:26:31] /newtype 379
[19/9/2022 21:26:33] /newtype 380
[19/9/2022 21:26:34] /newtype 381
[19/9/2022 21:26:36] /newtype 382
[19/9/2022 21:26:37] /newtype 383
[19/9/2022 21:26:39] /newtype 384
[19/9/2022 21:26:41] /newtype 385
[19/9/2022 21:26:42] /newtype 386
[19/9/2022 21:26:44] /newtype 387
[19/9/2022 21:26:45] /newtype 388
[19/9/2022 21:26:47] /newtype 389
[19/9/2022 21:26:52] /newtype 390
[19/9/2022 21:26:53] /newtype 391
[19/9/2022 21:26:54] /newtype 392
[19/9/2022 21:26:55] /newtype 393
[19/9/2022 21:26:57] /newtype 394
[19/9/2022 21:26:57] /newtype 395
[19/9/2022 21:26:58] /newtype 396
[19/9/2022 21:27:0] /newtype 397
[19/9/2022 21:27:1] /newtype 398
[19/9/2022 21:27:3] /newtype 399
[19/9/2022 21:27:4] /newtype 400
[19/9/2022 21:27:6] /newtype 401
[19/9/2022 21:27:7] /newtype 402
[19/9/2022 21:27:8] /newtype 403
[19/9/2022 21:27:9] /newtype 404
[19/9/2022 21:27:10] /newtype 405
[19/9/2022 21:27:10] /newtype 406
[19/9/2022 21:27:12] /newtype 407
[19/9/2022 21:27:13] /newtype 408
[19/9/2022 21:27:15] /newtype 409
[19/9/2022 21:27:17] /newtype 410
[19/9/2022 21:27:18] /newtype 411
[19/9/2022 21:27:20] /newtype 412
[19/9/2022 21:27:21] /newtype 413
[19/9/2022 21:27:22] /newtype 414
[19/9/2022 21:27:23] /newtype 415
[19/9/2022 21:27:24] /newtype 416
[19/9/2022 21:27:26] /newtype 417
[19/9/2022 21:27:29] /newtype 416
[19/9/2022 21:27:36] /t
[19/9/2022 21:29:19] /ghost
[19/9/2022 21:29:25] /goto panchito obson
[19/9/2022 21:29:49] /t
[19/9/2022 21:29:57] /ghost
[19/9/2022 21:30:1] /ghost
[19/9/2022 22:2:48] /ghost
[19/9/2022 23:7:59] /ghost
[20/9/2022 9:38:1] /b Bom dia, flor do dia. 
[20/9/2022 9:38:11] /ghost
[20/9/2022 9:41:1] /goto mage off dead
[20/9/2022 9:41:6] /t
[20/9/2022 9:41:9] /ghost
[20/9/2022 9:48:9] /ghost
[20/9/2022 9:53:22] /a 5
[20/9/2022 9:53:22] /a 5
[20/9/2022 9:53:22] /a 5
[20/9/2022 9:53:23] /a 5
[20/9/2022 9:58:51] /newtype 1000
[20/9/2022 9:58:53] /newtype 1001
[20/9/2022 9:58:54] /newtype 1002
[20/9/2022 9:58:56] /newtype 1004
[20/9/2022 9:58:59] /newtype 15000
[20/9/2022 9:59:3] /newtype 10000
[20/9/2022 9:59:15] /newtype 3341
[20/9/2022 9:59:23] /newtype 12655
[20/9/2022 9:59:31] /i 12655
[20/9/2022 9:59:51] /ghost
[20/9/2022 9:59:52] /t
[20/9/2022 10:0:16] /i 7735
[20/9/2022 10:0:26] /i 8932
[20/9/2022 10:0:34] /i 8851
[20/9/2022 10:0:54] /newtype 7735
[20/9/2022 10:0:56] /ghost
[20/9/2022 10:0:59] /t
[20/9/2022 10:2:39] /newtype 101
[20/9/2022 10:2:41] /newtype 102
[20/9/2022 10:2:43] /newtype 103
[20/9/2022 10:2:44] /newtype 104
[20/9/2022 10:2:45] /newtype 105
[20/9/2022 10:2:46] /newtype 106
[20/9/2022 10:2:47] /newtype 107
[20/9/2022 10:2:49] /newtype 108
[20/9/2022 10:2:51] /newtype 109
[20/9/2022 10:2:53] /newtype 110
[20/9/2022 10:2:55] /newtype 111
[20/9/2022 10:2:56] /newtype 112
[20/9/2022 10:2:57] /newtype 113
[20/9/2022 10:2:58] /newtype 114
[20/9/2022 10:2:59] /newtype 115
[20/9/2022 10:3:0] /newtype 116
[20/9/2022 10:3:2] /newtype 117
[20/9/2022 10:3:3] /newtype 118
[20/9/2022 10:3:4] /newtype 119
[20/9/2022 10:3:6] /newtype 120
[20/9/2022 10:3:7] /newtype 121
[20/9/2022 10:3:8] /newtype 122
[20/9/2022 10:3:10] /newtype 123
[20/9/2022 10:3:12] /newtype 124
[20/9/2022 10:3:13] /newtype 125
[20/9/2022 10:3:14] /newtype 126
[20/9/2022 10:3:16] /newtype 127
[20/9/2022 10:3:31] /newtype 128
[20/9/2022 10:3:34] /newtype 129
[20/9/2022 10:3:36] /newtype 130
[20/9/2022 10:3:38] /newtype 140
[20/9/2022 10:3:40] /newtype 150
[20/9/2022 10:3:41] /newtype 160
[20/9/2022 10:3:44] /newtype 159
[20/9/2022 10:3:46] /newtype 158
[20/9/2022 10:3:48] /newtype 157
[20/9/2022 10:3:50] /newtype 161
[20/9/2022 10:3:51] /newtype 162
[20/9/2022 10:3:52] /newtype 163
[20/9/2022 10:3:53] /newtype 164
[20/9/2022 10:3:54] /newtype 165
[20/9/2022 10:3:56] /newtype 166
[20/9/2022 10:3:59] /newtype 170
[20/9/2022 10:4:1] /newtype 180
[20/9/2022 10:4:4] /newtype 190
[20/9/2022 10:4:6] /newtype 1200
[20/9/2022 10:4:10] /newtype 200
[20/9/2022 10:4:12] /newtype 201
[20/9/2022 10:4:13] /newtype 202
[20/9/2022 10:4:14] /newtype 203
[20/9/2022 10:4:15] /newtype 204
[20/9/2022 10:4:16] /newtype 205
[20/9/2022 10:4:17] /newtype 206
[20/9/2022 10:4:18] /newtype 207
[20/9/2022 10:4:19] /newtype 208
[20/9/2022 10:4:21] /newtype 209
[20/9/2022 10:4:23] /newtype 210
[20/9/2022 10:4:24] /newtype 211
[20/9/2022 10:4:25] /newtype 212
[20/9/2022 10:4:26] /newtype 213
[20/9/2022 10:4:27] /newtype 214
[20/9/2022 10:4:28] /newtype 215
[20/9/2022 10:4:29] /newtype 216
[20/9/2022 10:4:31] /newtype 217
[20/9/2022 10:4:32] /newtype 218
[20/9/2022 10:4:34] /newtype 219
[20/9/2022 10:4:35] /newtype 220
[20/9/2022 10:4:41] /newtype 127
[20/9/2022 10:10:59] /ghost
[20/9/2022 10:11:3] /goto billy jack
[20/9/2022 10:11:18] /goto boomer
[20/9/2022 10:11:27] /goto callango
[20/9/2022 10:11:34] /goto feh loko
[20/9/2022 10:11:58] /goto panchito obson
[20/9/2022 10:12:8] /t
[20/9/2022 10:12:14] /ghost
[20/9/2022 10:25:57] /newtype 126
[20/9/2022 10:28:7] /m Possessed Tree
[20/9/2022 10:28:11] /m Possessed Tree
[20/9/2022 10:28:15] /r
[20/9/2022 10:34:35] /a 5
[20/9/2022 10:34:38] /m King Monster
[20/9/2022 10:34:39] /a 5
[20/9/2022 10:35:51] /ghost
[20/9/2022 10:36:25] /i 1497
[20/9/2022 10:36:27] /r
[20/9/2022 10:36:36] /i 1497
[20/9/2022 10:36:37] /i 1497
[20/9/2022 10:36:38] /i 1497
[20/9/2022 10:36:39] /i 1497
[20/9/2022 10:36:40] /i 1497
[20/9/2022 10:36:41] /i 1497
[20/9/2022 10:36:42] /i 1497
[20/9/2022 10:36:44] /i 1497
[20/9/2022 10:37:10] /m supremo cafetao
[20/9/2022 10:37:25] /r
[20/9/2022 10:38:29] /m Possessed tree
[20/9/2022 10:55:19] /ghost
[20/9/2022 11:8:31] /newtype 3066
[20/9/2022 11:8:34] /newtype 3064
[20/9/2022 11:8:37] /newtype 3066
[20/9/2022 11:8:56] /newtype 4241
[20/9/2022 11:9:6] /newtype 441
[20/9/2022 11:9:43] /r
[20/9/2022 11:9:50] /r
[20/9/2022 11:9:51] /r
[20/9/2022 11:9:53] /r
[20/9/2022 11:9:55] /r
[20/9/2022 11:9:57] /r
[20/9/2022 11:9:58] /r
[20/9/2022 11:9:59] /r
[20/9/2022 11:10:1] /r
[20/9/2022 11:10:2] /r
[20/9/2022 11:10:5] /r
[20/9/2022 11:10:6] /r
[20/9/2022 11:10:8] /r
[20/9/2022 11:10:10] /r
[20/9/2022 11:10:12] /r
[20/9/2022 11:10:13] /r
[20/9/2022 11:10:14] /r
[20/9/2022 11:10:15] /r
[20/9/2022 11:10:23] /newtype 1
[20/9/2022 11:10:43] /newtype 10
[20/9/2022 11:10:47] /newtype 400
[20/9/2022 11:10:56] /newtype 264
[20/9/2022 11:23:12] /m supremo cafetao
[20/9/2022 11:23:18] /r
[20/9/2022 11:23:33] /m king monster
[20/9/2022 11:23:50] /m supremo cafetao
[20/9/2022 11:23:58] /a 2
[20/9/2022 11:25:25] /r
[20/9/2022 11:33:22] /a 1
[20/9/2022 11:33:23] /a 1
[20/9/2022 11:34:33] /a 1
[20/9/2022 11:35:46] /t
[20/9/2022 11:35:51] /t olivia palito
[20/9/2022 11:35:57] /t olivia palito
[20/9/2022 11:37:5] /t olivia palito
[20/9/2022 11:37:18] /a 1
[20/9/2022 11:37:19] /a 1
[20/9/2022 11:37:20] /a 1
[20/9/2022 11:37:23] /a 1
[20/9/2022 11:37:23] /a 1
[20/9/2022 11:37:23] /a 1
[20/9/2022 11:41:17] /n frodo
[20/9/2022 11:45:47] /m possessed tree
[20/9/2022 12:43:51] /m dog
[20/9/2022 12:43:52] /m dog
[20/9/2022 12:43:54] /m dog
[20/9/2022 12:43:56] /m dog
[20/9/2022 12:44:0] /m cat
[20/9/2022 12:44:2] /m cat
[20/9/2022 12:44:3] /m cat
[20/9/2022 12:44:6] /m cat
[20/9/2022 12:44:8] /m cat
[20/9/2022 13:2:58] /m cat
[20/9/2022 13:3:0] /m cat
[20/9/2022 13:3:3] /m cat
[20/9/2022 14:25:15] /a 2
[20/9/2022 14:25:32] /m supremo cafetao
[20/9/2022 14:25:44] /r
[20/9/2022 14:25:56] /a 2
[20/9/2022 14:27:45] /m supremo cafetao
[20/9/2022 14:27:48] /r
[20/9/2022 14:28:5] /m supremo cafetao
[20/9/2022 14:28:31] /r
[20/9/2022 14:33:24] /m infernatil maximus
[20/9/2022 14:33:45] /m infernatill maximus
[20/9/2022 14:35:8] /a 2
[20/9/2022 14:35:12] /a 2
[20/9/2022 14:35:14] /a 2
[20/9/2022 14:35:16] /a 2
[20/9/2022 14:35:22] /a 5
[20/9/2022 14:35:22] /a 5
[20/9/2022 14:35:23] /a 5
[20/9/2022 14:35:23] /a 5
[20/9/2022 14:35:23] /a 5
[20/9/2022 14:35:24] /a 5
[20/9/2022 14:35:26] /a 5
[20/9/2022 14:35:27] /a 5
[20/9/2022 14:35:28] /a 5
[20/9/2022 14:35:29] /a 5
[20/9/2022 14:35:32] /a 5
[20/9/2022 14:35:33] /a 5
[20/9/2022 14:35:34] /a 5
[20/9/2022 14:35:36] /a 5
[20/9/2022 14:35:38] /a 5
[20/9/2022 14:36:4] /a 5
[20/9/2022 14:36:4] /a 5
[20/9/2022 14:36:4] /a 5
[20/9/2022 14:36:5] /a 5
[20/9/2022 14:36:5] /a 5
[20/9/2022 14:36:6] /a 5
[20/9/2022 14:36:7] /a 5
[20/9/2022 14:36:7] /a 5
[20/9/2022 14:36:7] /a 5
[20/9/2022 14:36:8] /a 5
[20/9/2022 14:36:13] /up 2
[20/9/2022 14:36:24] /a 2
[20/9/2022 14:37:3] /t
[20/9/2022 14:38:39] /newtype 123
[20/9/2022 14:38:48] /newtype 145
[20/9/2022 14:38:50] /newtype 149
[20/9/2022 14:38:53] /newtype 200
[20/9/2022 14:38:55] /newtype 201
[20/9/2022 14:39:1] /newtype 202
[20/9/2022 14:39:2] /newtype 203
[20/9/2022 14:39:3] /newtype 204
[20/9/2022 14:39:20] /newtype 210
[20/9/2022 14:39:22] /newtype 212
[20/9/2022 14:39:23] /newtype 213
[20/9/2022 14:39:24] /newtype 214
[20/9/2022 14:39:25] /newtype 215
[20/9/2022 14:39:27] /newtype 299
[20/9/2022 14:39:29] /newtype 300
[20/9/2022 14:39:31] /newtype 301
[20/9/2022 14:39:32] /newtype 302
[20/9/2022 14:39:38] /newtype 303
[20/9/2022 14:39:39] /newtype 304
[20/9/2022 14:39:40] /newtype 305
[20/9/2022 14:39:41] /newtype 306
[20/9/2022 14:39:44] /newtype 307
[20/9/2022 14:39:47] /newtype 308
[20/9/2022 14:39:48] /newtype 309
[20/9/2022 14:39:59] /newtype 310
[20/9/2022 14:40:1] /newtype 311
[20/9/2022 14:40:2] /newtype 312
[20/9/2022 14:40:3] /newtype 313
[20/9/2022 14:40:4] /newtype 314
[20/9/2022 14:40:5] /newtype 315
[20/9/2022 14:40:6] /newtype 316
[20/9/2022 14:40:7] /newtype 317
[20/9/2022 14:40:8] /newtype 318
[20/9/2022 14:40:9] /newtype 319
[20/9/2022 14:40:16] /newtype 320
[20/9/2022 14:40:30] /newtype 321
[20/9/2022 14:40:31] /newtype 322
[20/9/2022 14:40:32] /newtype 323
[20/9/2022 14:40:33] /newtype 324
[20/9/2022 14:40:34] /newtype 325
[20/9/2022 14:40:35] /newtype 326
[20/9/2022 14:40:37] /newtype 327
[20/9/2022 14:40:38] /newtype 328
[20/9/2022 14:40:39] /newtype 3289
[20/9/2022 14:40:42] /newtype 329
[20/9/2022 14:40:45] /newtype 330
[20/9/2022 14:40:51] /newtype 331
[20/9/2022 14:41:3] /newtype 332
[20/9/2022 14:41:24] /a 2
[20/9/2022 14:41:37] /a 2
[20/9/2022 14:41:38] /a 2
[20/9/2022 14:41:39] /a 2
[20/9/2022 14:41:40] /a 2
[20/9/2022 14:41:58] /newtype 333
[20/9/2022 14:42:26] /newtype 334
[20/9/2022 14:42:28] /newtype 335
[20/9/2022 14:42:29] /newtype 336
[20/9/2022 14:42:30] /newtype 337
[20/9/2022 14:42:31] /newtype 338
[20/9/2022 14:42:33] /newtype 339
[20/9/2022 14:42:41] /newtype 340
[20/9/2022 14:42:42] /newtype 341
[20/9/2022 14:42:43] /newtype 342
[20/9/2022 14:42:44] /newtype 343
[20/9/2022 14:42:45] /newtype 344
[20/9/2022 14:42:46] /newtype 344
[20/9/2022 14:42:47] /newtype 345
[20/9/2022 14:42:48] /newtype 346
[20/9/2022 14:42:49] /newtype 347
[20/9/2022 14:42:51] /newtype 348
[20/9/2022 14:42:57] /newtype 349
[20/9/2022 14:43:2] /newtype 350
[20/9/2022 14:43:16] /newtype 265
[20/9/2022 14:43:17] /newtype 264
[20/9/2022 14:43:24] /newtype 360
[20/9/2022 14:43:28] /newtype 430
[20/9/2022 14:44:27] /m infernatil maximus attack
[20/9/2022 14:44:47] /goto comando voador
[20/9/2022 14:44:54] /r
[20/9/2022 14:48:16] /a 2
[20/9/2022 14:48:25] /a 1
[20/9/2022 14:48:25] /a 1
[20/9/2022 14:48:25] /a 1
[20/9/2022 14:48:25] /a 1
[20/9/2022 14:48:26] /a 5
[20/9/2022 14:48:26] /a 5
[20/9/2022 14:48:27] /a 5
[20/9/2022 14:48:28] /a 5
[20/9/2022 14:48:29] /a 5
[20/9/2022 14:48:29] /a 5
[20/9/2022 14:48:30] /a 5
[20/9/2022 14:48:32] /a 1
[20/9/2022 14:48:32] /a 1
[20/9/2022 14:48:33] /a 1
[20/9/2022 14:48:33] /a 1
[20/9/2022 14:48:33] /a 1
[20/9/2022 14:48:33] /a 1
[20/9/2022 14:48:33] /a 1
[20/9/2022 14:48:33] /a 5
[20/9/2022 14:48:35] /a 1
[20/9/2022 14:48:35] /a 1
[20/9/2022 14:48:35] /a 1
[20/9/2022 14:48:38] /a 1
[20/9/2022 14:48:38] /a 1
[20/9/2022 14:48:38] /a 1
[20/9/2022 14:48:39] /a 1
[20/9/2022 14:48:40] /a 1
[20/9/2022 14:48:40] /a 1
[20/9/2022 14:48:40] /a 1
[20/9/2022 14:48:40] /a 1
[20/9/2022 14:48:40] /a 1
[20/9/2022 14:48:40] /a 1
[20/9/2022 14:48:41] /a 1
[20/9/2022 14:48:41] /a 1
[20/9/2022 14:48:41] /a 1
[20/9/2022 14:48:41] /a 1
[20/9/2022 14:48:42] /a 1
[20/9/2022 14:48:43] /a 5
[20/9/2022 14:48:43] /a 5
[20/9/2022 14:48:43] /a 5
[20/9/2022 14:48:44] /a 5
[20/9/2022 14:48:44] /a 5
[20/9/2022 14:48:45] /a 5
[20/9/2022 14:48:45] /a 5
[20/9/2022 14:48:46] /a 5
[20/9/2022 14:48:46] /a 5
[20/9/2022 14:48:48] /a 5
[20/9/2022 14:48:49] /a 5
[20/9/2022 14:48:49] /a 5
[20/9/2022 14:48:49] /a 5
[20/9/2022 14:48:50] /a 5
[20/9/2022 14:48:50] /a 5
[20/9/2022 14:48:52] /a 5
[20/9/2022 14:48:52] /a 5
[20/9/2022 14:48:53] /a 5
[20/9/2022 14:48:54] /a 5
[20/9/2022 14:48:54] /a 5
[20/9/2022 14:48:55] /a 5
[20/9/2022 14:48:56] /a 1
[20/9/2022 14:48:56] /a 1
[20/9/2022 14:48:56] /a 1
[20/9/2022 14:48:57] /a 1
[20/9/2022 14:48:57] /a 1
[20/9/2022 14:48:57] /a 1
[20/9/2022 14:48:59] /a 1
[20/9/2022 14:49:2] /a 1
[20/9/2022 14:49:2] /a 1
[20/9/2022 14:49:2] /a 1
[20/9/2022 14:49:2] /a 1
[20/9/2022 14:49:2] /a 1
[20/9/2022 14:49:5] /a 5
[20/9/2022 14:49:6] /a 5
[20/9/2022 14:49:6] /a 5
[20/9/2022 14:49:19] /a 1
[20/9/2022 14:49:19] /a 1
[20/9/2022 14:49:20] /a 1
[20/9/2022 14:50:44] /a 1
[20/9/2022 14:50:45] /a 1
[20/9/2022 14:50:45] /a 1
[20/9/2022 14:50:45] /a 1
[20/9/2022 14:50:45] /a 1
[20/9/2022 14:50:45] /a 1
[20/9/2022 14:50:45] /a 1
[20/9/2022 14:50:46] /a 5
[20/9/2022 14:50:47] /a 5
[20/9/2022 14:50:48] /a 5
[20/9/2022 14:50:48] /a 5
[20/9/2022 14:50:48] /a 5
[20/9/2022 14:50:48] /a 5
[20/9/2022 14:50:48] /a 5
[20/9/2022 14:50:48] /a 5
[20/9/2022 14:50:49] /a 5
[20/9/2022 14:50:49] /a 5
[20/9/2022 14:50:50] /a 5
[20/9/2022 14:50:50] /a 5
[20/9/2022 14:50:51] /a 5
[20/9/2022 14:50:52] /a 5
[20/9/2022 14:51:5] /a 5
[20/9/2022 14:51:6] /a 5
[20/9/2022 14:51:28] /a 5
[20/9/2022 14:51:35] /a 5
[20/9/2022 14:51:40] /a 5
[20/9/2022 14:51:47] /a 5
[20/9/2022 14:51:49] /a 5
[20/9/2022 14:51:51] /a 5
[20/9/2022 14:51:52] /a 5
[20/9/2022 14:51:53] /a 5
[20/9/2022 14:51:55] /a 1
[20/9/2022 14:51:55] /a 1
[20/9/2022 14:51:56] /a 1
[20/9/2022 14:51:59] /a 1
[20/9/2022 14:51:59] /a 1
[20/9/2022 14:52:3] /a 1
[20/9/2022 14:52:15] /a 1
[20/9/2022 14:52:19] /a 1
[20/9/2022 14:52:19] /a 1
[20/9/2022 14:52:21] /a 1
[20/9/2022 14:52:23] /a 1
[20/9/2022 14:52:23] /a 1
[20/9/2022 14:52:42] /a 1
[20/9/2022 14:52:51] /a 5
[20/9/2022 14:52:51] /a 5
[20/9/2022 14:52:52] /a 5
[20/9/2022 14:52:53] /a 5
[20/9/2022 14:52:55] /a 1
[20/9/2022 14:53:0] /a 1
[20/9/2022 14:53:0] /a 1
[20/9/2022 14:53:0] /a 1
[20/9/2022 14:53:5] /a 1
[20/9/2022 14:53:8] /a 1
[20/9/2022 14:53:8] /a 1
[20/9/2022 14:53:8] /a 1
[20/9/2022 14:53:8] /a 1
[20/9/2022 14:53:9] /a 1
[20/9/2022 14:53:9] /a 1
[20/9/2022 14:53:9] /a 1
[20/9/2022 14:53:9] /a 1
[20/9/2022 14:53:10] /a 1
[20/9/2022 14:53:10] /a 1
[20/9/2022 14:53:10] /a 1
[20/9/2022 14:53:10] /a 1
[20/9/2022 14:53:11] /a 1
[20/9/2022 14:53:11] /a 1
[20/9/2022 14:53:11] /a 1
[20/9/2022 14:53:12] /a 1
[20/9/2022 14:53:47] /a 5
[20/9/2022 14:53:48] /a 5
[20/9/2022 14:53:48] /a 5
[20/9/2022 14:53:48] /a 5
[20/9/2022 14:53:49] /a 5
[20/9/2022 14:53:49] /a 5
[20/9/2022 14:53:50] /a 5
[20/9/2022 14:53:56] /m fire elemental maximus
[20/9/2022 14:54:15] /r
[20/9/2022 14:54:18] /t
[20/9/2022 15:5:53] /a 2
[20/9/2022 15:5:57] /a 5
[20/9/2022 15:5:58] /a 5
[20/9/2022 15:5:58] /a 5
[20/9/2022 15:5:58] /a 5
[20/9/2022 15:5:59] /a 5
[20/9/2022 15:5:59] /a 5
[20/9/2022 15:5:59] /a 5
[20/9/2022 15:6:1] /a 1
[20/9/2022 15:6:2] /a 5
[20/9/2022 15:6:2] /a 5
[20/9/2022 15:6:8] /a 5
[20/9/2022 15:6:10] /a 5
[20/9/2022 15:6:12] /a 5
[20/9/2022 15:6:13] /a 5
[20/9/2022 15:6:13] /a 5
[20/9/2022 15:6:14] /a 5
[20/9/2022 15:6:15] /a 5
[20/9/2022 15:6:15] /a 5
[20/9/2022 15:6:16] /a 5
[20/9/2022 15:6:16] /a 5
[20/9/2022 15:6:17] /a 5
[20/9/2022 15:6:17] /a 5
[20/9/2022 15:6:18] /a 5
[20/9/2022 15:6:18] /a 5
[20/9/2022 15:6:23] /a 5
[20/9/2022 15:6:26] /a 5
[20/9/2022 15:6:26] /a 5
[20/9/2022 15:6:27] /a 5
[20/9/2022 15:6:27] /a 5
[20/9/2022 15:6:27] /a 5
[20/9/2022 15:6:28] /a 5
[20/9/2022 15:6:29] /a 5
[20/9/2022 15:6:29] /a 5
[20/9/2022 15:6:30] /a 5
[20/9/2022 15:6:30] /a 5
[20/9/2022 15:6:30] /a 5
[20/9/2022 15:6:39] /a 5
[20/9/2022 15:6:39] /a 5
[20/9/2022 15:6:40] /a 5
[20/9/2022 15:6:40] /a 1
[20/9/2022 15:6:42] /a 5
[20/9/2022 15:6:43] /a 5
[20/9/2022 15:6:44] /a 5
[20/9/2022 15:6:44] /a 5
[20/9/2022 15:6:46] /a 5
[20/9/2022 15:6:46] /a 5
[20/9/2022 15:6:47] /a 5
[20/9/2022 15:6:48] /a 5
[20/9/2022 15:6:49] /a 5
[20/9/2022 15:6:49] /a 5
[20/9/2022 15:6:49] /a 5
[20/9/2022 15:6:50] /a 5
[20/9/2022 15:6:50] /a 5
[20/9/2022 15:6:51] /a 5
[20/9/2022 15:6:51] /a 5
[20/9/2022 15:6:51] /a 5
[20/9/2022 15:6:51] /a 5
[20/9/2022 15:6:52] /a 5
[20/9/2022 15:6:52] /a 5
[20/9/2022 15:6:53] /a 5
[20/9/2022 15:6:53] /a 5
[20/9/2022 15:6:53] /a 5
[20/9/2022 15:6:54] /a 5
[20/9/2022 15:6:56] /a 5
[20/9/2022 15:6:57] /a 5
[20/9/2022 15:6:58] /a 5
[20/9/2022 15:6:58] /a 5
[20/9/2022 15:6:58] /a 5
[20/9/2022 15:6:59] /a 5
[20/9/2022 15:6:59] /a 5
[20/9/2022 15:7:0] /a 5
[20/9/2022 15:7:0] /a 5
[20/9/2022 15:7:1] /a 5
[20/9/2022 15:7:3] /a 5
[20/9/2022 15:7:3] /a 5
[20/9/2022 15:7:4] /a 5
[20/9/2022 15:7:4] /a 5
[20/9/2022 15:7:5] /a 5
[20/9/2022 15:7:11] /a 5
[20/9/2022 15:7:12] /a 5
[20/9/2022 15:7:12] /a 5
[20/9/2022 15:7:12] /a 5
[20/9/2022 15:7:16] /a 5
[20/9/2022 15:7:16] /a 5
[20/9/2022 15:7:16] /a 5
[20/9/2022 15:7:16] /a 5
[20/9/2022 15:7:16] /a 5
[20/9/2022 15:7:17] /a 5
[20/9/2022 15:7:17] /a 5
[20/9/2022 15:7:17] /a 5
[20/9/2022 15:7:17] /a 5
[20/9/2022 15:7:18] /a 5
[20/9/2022 15:7:18] /a 5
[20/9/2022 15:7:18] /a 5
[20/9/2022 15:7:18] /a 5
[20/9/2022 15:7:20] /a 1
[20/9/2022 15:7:21] /a 1
[20/9/2022 15:7:21] /a 1
[20/9/2022 15:7:21] /a 1
[20/9/2022 15:7:21] /a 1
[20/9/2022 15:7:21] /a 1
[20/9/2022 15:7:21] /a 1
[20/9/2022 15:7:21] /a 1
[20/9/2022 15:7:21] /a 1
[20/9/2022 15:7:21] /a 1
[20/9/2022 15:7:21] /a 1
[20/9/2022 15:7:22] /a 1
[20/9/2022 15:7:22] /a 1
[20/9/2022 15:7:22] /a 1
[20/9/2022 15:7:34] /a 1
[20/9/2022 15:7:34] /a 1
[20/9/2022 15:7:35] /a 1
[20/9/2022 15:7:35] /a 1
[20/9/2022 15:7:35] /a 1
[20/9/2022 15:7:38] /a 1
[20/9/2022 15:7:38] /a 5
[20/9/2022 15:7:49] /a 5
[20/9/2022 15:7:50] /a 5
[20/9/2022 15:7:50] /a 5
[20/9/2022 15:7:51] /a 5
[20/9/2022 15:7:51] /a 5
[20/9/2022 15:7:52] /a 5
[20/9/2022 15:7:53] /a 5
[20/9/2022 15:7:53] /a 5
[20/9/2022 15:7:54] /a 5
[20/9/2022 15:7:54] /a 5
[20/9/2022 15:7:55] /a 5
[20/9/2022 15:7:55] /a 5
[20/9/2022 15:7:56] /a 5
[20/9/2022 15:8:2] /a 5
[20/9/2022 15:8:3] /a 5
[20/9/2022 15:8:4] /a 5
[20/9/2022 15:8:4] /a 5
[20/9/2022 15:8:5] /a 5
[20/9/2022 15:8:5] /a 5
[20/9/2022 15:8:7] /a 1
[20/9/2022 15:8:7] /a 1
[20/9/2022 15:8:15] /a 5
[20/9/2022 15:8:16] /a 5
[20/9/2022 15:8:17] /a 5
[20/9/2022 15:8:18] /a 5
[20/9/2022 15:8:25] /a 1
[20/9/2022 15:8:26] /a 5
[20/9/2022 15:8:26] /a 5
[20/9/2022 15:8:27] /a 5
[20/9/2022 15:8:27] /a 5
[20/9/2022 15:8:27] /a 5
[20/9/2022 15:8:28] /a 5
[20/9/2022 15:8:28] /a 5
[20/9/2022 15:8:28] /a 5
[20/9/2022 15:8:28] /a 5
[20/9/2022 15:8:29] /a 5
[20/9/2022 15:8:29] /a 5
[20/9/2022 15:8:29] /a 5
[20/9/2022 15:8:29] /a 5
[20/9/2022 15:8:29] /a 5
[20/9/2022 15:8:30] /a 5
[20/9/2022 15:8:30] /a 5
[20/9/2022 15:8:30] /a 5
[20/9/2022 15:8:31] /a 5
[20/9/2022 15:8:31] /a 5
[20/9/2022 15:8:32] /a 5
[20/9/2022 15:8:32] /a 5
[20/9/2022 15:8:33] /a 5
[20/9/2022 15:8:33] /a 5
[20/9/2022 15:8:34] /a 5
[20/9/2022 15:8:34] /a 5
[20/9/2022 15:8:35] /a 5
[20/9/2022 15:8:38] /a 5
[20/9/2022 15:8:39] /a 5
[20/9/2022 15:8:39] /a 5
[20/9/2022 15:17:2] /m dog
[20/9/2022 15:17:7] /r
[20/9/2022 15:18:25] /up
[20/9/2022 15:19:2] /i 3150
[20/9/2022 15:19:5] /r
[20/9/2022 15:19:7] /r
[20/9/2022 15:19:8] /r
[20/9/2022 15:19:16] /a 1
[20/9/2022 15:19:23] /i 7147
[20/9/2022 15:19:29] /i 6685
[20/9/2022 15:21:54] /m possessed tree
[20/9/2022 15:24:51] /newtype 246
[20/9/2022 15:24:53] /newtype 245
[20/9/2022 15:24:54] /newtype 244
[20/9/2022 15:24:56] /newtype 234
[20/9/2022 15:24:59] /newtype 156
[20/9/2022 15:25:2] /newtype 346
[20/9/2022 15:25:6] /newtype 236
[20/9/2022 15:25:8] /newtype 234
[20/9/2022 15:25:10] /newtype 126
[20/9/2022 15:25:18] /newtype 128
[20/9/2022 15:26:13] /newtype 302
[20/9/2022 15:26:20] /newtype 266
[20/9/2022 15:26:34] /newtype 75
[20/9/2022 15:26:39] /newtype 302
[20/9/2022 15:26:45] /newtype 75
[20/9/2022 15:27:27] /newtype 24
[20/9/2022 15:27:29] /newtype 75
[20/9/2022 15:28:0] /t
[20/9/2022 15:28:2] /ghost
[20/9/2022 15:28:32] /i 2263
[20/9/2022 15:29:14] /t
[20/9/2022 15:37:56] /a 2
[20/9/2022 15:38:16] /a 2
[20/9/2022 15:38:19] /a 5
[20/9/2022 15:38:19] /a 5
[20/9/2022 15:38:19] /a 5
[20/9/2022 15:38:19] /a 5
[20/9/2022 15:38:20] /a 5
[20/9/2022 15:38:20] /a 5
[20/9/2022 15:38:20] /a 5
[20/9/2022 15:38:22] /a 5
[20/9/2022 15:38:22] /a 5
[20/9/2022 15:38:22] /a 5
[20/9/2022 15:38:22] /a 5
[20/9/2022 15:38:22] /a 5
[20/9/2022 15:38:22] /a 5
[20/9/2022 15:38:22] /a 5
[20/9/2022 15:38:23] /a 5
[20/9/2022 15:38:23] /a 5
[20/9/2022 15:38:23] /a 5
[20/9/2022 15:38:23] /a 5
[20/9/2022 15:38:24] /a 5
[20/9/2022 15:38:24] /a 5
[20/9/2022 15:38:24] /a 5
[20/9/2022 15:38:25] /a 5
[20/9/2022 15:38:32] /a 5
[20/9/2022 15:38:32] /a 5
[20/9/2022 15:38:32] /a 5
[20/9/2022 15:38:33] /a 5
[20/9/2022 15:38:33] /a 5
[20/9/2022 15:38:34] /a 5
[20/9/2022 15:38:34] /a 5
[20/9/2022 15:38:34] /a 5
[20/9/2022 15:38:34] /a 5
[20/9/2022 15:38:36] /a 5
[20/9/2022 15:38:36] /a 5
[20/9/2022 15:38:36] /a 5
[20/9/2022 15:38:36] /a 5
[20/9/2022 15:38:36] /a 5
[20/9/2022 15:38:36] /a 5
[20/9/2022 15:38:36] /a 5
[20/9/2022 15:38:37] /a 5
[20/9/2022 15:38:38] /a 5
[20/9/2022 15:38:38] /a 5
[20/9/2022 15:38:39] /a 5
[20/9/2022 15:38:39] /a 5
[20/9/2022 15:39:34] /a 5
[20/9/2022 15:39:34] /a 5
[20/9/2022 15:39:35] /a 5
[20/9/2022 15:39:35] /a 5
[20/9/2022 15:39:35] /a 5
[20/9/2022 15:39:35] /a 5
[20/9/2022 15:39:35] /a 5
[20/9/2022 15:39:35] /a 5
[20/9/2022 15:39:35] /a 5
[20/9/2022 15:39:36] /a 5
[20/9/2022 15:39:36] /a 5
[20/9/2022 15:39:36] /a 5
[20/9/2022 15:39:36] /a 5
[20/9/2022 15:39:36] /a 5
[20/9/2022 15:39:36] /a 5
[20/9/2022 15:39:36] /a 5
[20/9/2022 15:39:37] /a 5
[20/9/2022 15:39:37] /a 5
[20/9/2022 15:39:37] /a 5
[20/9/2022 15:39:37] /a 5
[20/9/2022 15:39:37] /a 5
[20/9/2022 15:39:37] /a 5
[20/9/2022 15:39:38] /a 5
[20/9/2022 15:39:38] /a 5
[20/9/2022 15:39:38] /a 5
[20/9/2022 15:39:38] /a 5
[20/9/2022 15:39:38] /a 5
[20/9/2022 15:39:38] /a 5
[20/9/2022 15:39:38] /a 5
[20/9/2022 15:39:38] /a 5
[20/9/2022 15:39:38] /a 5
[20/9/2022 15:39:39] /a 5
[20/9/2022 15:39:42] /a 5
[20/9/2022 15:39:42] /a 5
[20/9/2022 15:39:42] /a 5
[20/9/2022 15:39:42] /a 5
[20/9/2022 15:39:42] /a 5
[20/9/2022 15:39:42] /a 5
[20/9/2022 15:39:42] /a 5
[20/9/2022 15:39:42] /a 5
[20/9/2022 15:39:43] /a 5
[20/9/2022 15:39:43] /a 5
[20/9/2022 15:39:43] /a 5
[20/9/2022 15:39:43] /a 5
[20/9/2022 15:39:43] /a 5
[20/9/2022 15:39:43] /a 5
[20/9/2022 15:39:43] /a 5
[20/9/2022 15:39:43] /a 5
[20/9/2022 15:39:43] /a 5
[20/9/2022 15:39:44] /a 5
[20/9/2022 15:39:44] /a 5
[20/9/2022 15:39:44] /a 5
[20/9/2022 15:39:44] /a 5
[20/9/2022 15:39:44] /a 5
[20/9/2022 15:39:44] /a 5
[20/9/2022 15:39:45] /a 5
[20/9/2022 15:39:45] /a 5
[20/9/2022 15:39:46] /a 5
[20/9/2022 15:39:46] /a 5
[20/9/2022 15:39:47] /a 5
[20/9/2022 15:39:47] /a 5
[20/9/2022 15:39:47] /a 5
[20/9/2022 15:39:47] /a 5
[20/9/2022 15:39:48] /a 5
[20/9/2022 15:39:49] /a 5
[20/9/2022 15:39:49] /a 5
[20/9/2022 15:39:49] /a 5
[20/9/2022 15:39:50] /a 5
[20/9/2022 15:39:50] /a 5
[20/9/2022 15:39:50] /a 5
[20/9/2022 15:39:51] /a 5
[20/9/2022 15:39:51] /a 5
[20/9/2022 15:39:51] /a 5
[20/9/2022 15:39:51] /a 5
[20/9/2022 15:39:51] /a 5
[20/9/2022 15:39:52] /a 5
[20/9/2022 15:39:52] /a 5
[20/9/2022 15:39:52] /a 5
[20/9/2022 15:39:52] /a 5
[20/9/2022 15:39:54] /a 5
[20/9/2022 15:39:54] /a 5
[20/9/2022 15:39:55] /a 5
[20/9/2022 15:39:55] /a 5
[20/9/2022 15:39:55] /a 5
[20/9/2022 15:39:56] /a 5
[20/9/2022 15:39:58] /a 1
[20/9/2022 15:39:58] /a 5
[20/9/2022 15:39:58] /a 5
[20/9/2022 15:39:59] /a 5
[20/9/2022 15:40:1] /a 5
[20/9/2022 15:40:1] /a 5
[20/9/2022 15:40:1] /a 5
[20/9/2022 15:40:1] /a 5
[20/9/2022 15:40:3] /a 5
[20/9/2022 15:40:3] /a 5
[20/9/2022 15:40:3] /a 5
[20/9/2022 15:40:3] /a 5
[20/9/2022 15:40:5] /a 1
[20/9/2022 15:40:8] /a 5
[20/9/2022 15:40:11] /a 5
[20/9/2022 15:40:11] /a 5
[20/9/2022 15:40:11] /a 5
[20/9/2022 15:40:12] /a 5
[20/9/2022 15:40:12] /a 5
[20/9/2022 15:40:12] /a 5
[20/9/2022 15:40:12] /a 5
[20/9/2022 15:40:12] /a 5
[20/9/2022 15:40:12] /a 5
[20/9/2022 15:40:12] /a 5
[20/9/2022 15:40:12] /a 5
[20/9/2022 15:40:12] /a 5
[20/9/2022 15:40:13] /a 5
[20/9/2022 15:40:13] /a 5
[20/9/2022 15:40:13] /a 5
[20/9/2022 15:40:13] /a 5
[20/9/2022 15:40:13] /a 5
[20/9/2022 15:40:13] /a 5
[20/9/2022 15:40:13] /a 5
[20/9/2022 15:40:14] /a 5
[20/9/2022 15:40:14] /a 5
[20/9/2022 15:40:14] /a 5
[20/9/2022 15:40:14] /a 5
[20/9/2022 15:40:14] /a 5
[20/9/2022 15:40:14] /a 5
[20/9/2022 15:40:14] /a 5
[20/9/2022 15:40:15] /a 5
[20/9/2022 15:40:15] /a 5
[20/9/2022 15:40:15] /a 5
[20/9/2022 15:40:16] /a 5
[20/9/2022 15:40:16] /a 5
[20/9/2022 15:40:16] /a 5
[20/9/2022 15:40:16] /a 5
[20/9/2022 15:40:16] /a 5
[20/9/2022 15:40:16] /a 5
[20/9/2022 15:40:16] /a 5
[20/9/2022 15:40:16] /a 5
[20/9/2022 15:40:16] /a 5
[20/9/2022 15:40:17] /a 5
[20/9/2022 15:40:17] /a 5
[20/9/2022 15:40:17] /a 5
[20/9/2022 15:40:17] /a 5
[20/9/2022 15:40:17] /a 5
[20/9/2022 15:40:18] /a 5
[20/9/2022 15:40:18] /a 5
[20/9/2022 15:40:19] /a 5
[20/9/2022 15:40:19] /a 5
[20/9/2022 15:40:19] /a 5
[20/9/2022 15:40:20] /a 5
[20/9/2022 15:40:22] /a 5
[20/9/2022 15:40:22] /a 5
[20/9/2022 15:40:23] /a 5
[20/9/2022 15:40:25] /a 5
[20/9/2022 15:40:25] /a 5
[20/9/2022 15:40:26] /a 5
[20/9/2022 15:40:26] /a 5
[20/9/2022 15:40:26] /a 5
[20/9/2022 15:40:26] /a 5
[20/9/2022 15:40:26] /a 5
[20/9/2022 15:40:27] /a 5
[20/9/2022 15:40:27] /a 5
[20/9/2022 15:40:27] /a 5
[20/9/2022 15:40:27] /a 5
[20/9/2022 15:40:28] /a 5
[20/9/2022 15:40:28] /a 5
[20/9/2022 15:40:28] /a 5
[20/9/2022 15:40:29] /a 5
[20/9/2022 15:40:29] /a 5
[20/9/2022 15:40:29] /a 5
[20/9/2022 15:40:30] /a 5
[20/9/2022 15:40:33] /a 5
[20/9/2022 15:40:33] /a 5
[20/9/2022 15:40:33] /a 5
[20/9/2022 15:40:33] /a 5
[20/9/2022 15:40:33] /a 5
[20/9/2022 15:40:34] /a 5
[20/9/2022 15:40:34] /a 5
[20/9/2022 15:40:34] /a 5
[20/9/2022 15:40:34] /a 5
[20/9/2022 15:40:35] /a 5
[20/9/2022 15:40:35] /a 5
[20/9/2022 15:40:35] /a 5
[20/9/2022 15:40:36] /a 5
[20/9/2022 15:40:36] /a 5
[20/9/2022 15:40:36] /a 5
[20/9/2022 15:40:37] /a 1
[20/9/2022 15:40:38] /a 1
[20/9/2022 15:40:38] /a 1
[20/9/2022 15:40:38] /a 1
[20/9/2022 15:40:39] /a 5
[20/9/2022 15:40:39] /a 5
[20/9/2022 15:40:39] /a 5
[20/9/2022 15:40:39] /a 5
[20/9/2022 15:40:40] /a 5
[20/9/2022 15:40:40] /a 5
[20/9/2022 15:40:41] /a 5
[20/9/2022 15:40:42] /a 5
[20/9/2022 15:40:42] /a 5
[20/9/2022 15:40:42] /a 5
[20/9/2022 15:40:43] /a 5
[20/9/2022 15:40:43] /a 5
[20/9/2022 15:40:44] /a 5
[20/9/2022 15:40:46] /a 1
[20/9/2022 15:40:46] /a 1
[20/9/2022 15:40:46] /a 1
[20/9/2022 15:40:46] /a 1
[20/9/2022 15:40:46] /a 1
[20/9/2022 15:40:46] /a 1
[20/9/2022 15:40:46] /a 1
[20/9/2022 15:40:47] /a 1
[20/9/2022 15:40:47] /a 1
[20/9/2022 15:40:47] /a 1
[20/9/2022 15:40:47] /a 1
[20/9/2022 15:40:47] /a 1
[20/9/2022 15:40:47] /a 1
[20/9/2022 15:40:47] /a 1
[20/9/2022 15:40:47] /a 1
[20/9/2022 15:40:47] /a 1
[20/9/2022 15:40:48] /a 1
[20/9/2022 15:40:48] /a 1
[20/9/2022 15:40:48] /a 1
[20/9/2022 15:40:48] /a 1
[20/9/2022 15:40:48] /a 1
[20/9/2022 15:40:48] /a 1
[20/9/2022 15:40:48] /a 1
[20/9/2022 15:40:48] /a 1
[20/9/2022 15:40:49] /a 1
[20/9/2022 15:40:49] /a 1
[20/9/2022 15:40:49] /a 1
[20/9/2022 15:40:51] /a 1
[20/9/2022 15:40:51] /a 1
[20/9/2022 15:40:51] /a 1
[20/9/2022 15:40:51] /a 1
[20/9/2022 15:40:52] /a 1
[20/9/2022 15:40:52] /a 1
[20/9/2022 15:40:52] /a 1
[20/9/2022 15:40:52] /a 1
[20/9/2022 15:40:52] /a 1
[20/9/2022 15:40:53] /a 1
[20/9/2022 15:40:53] /a 1
[20/9/2022 15:40:53] /a 1
[20/9/2022 15:40:53] /a 1
[20/9/2022 15:40:54] /a 1
[20/9/2022 15:40:57] /a 1
[20/9/2022 15:40:57] /a 1
[20/9/2022 15:40:57] /a 1
[20/9/2022 15:40:57] /a 1
[20/9/2022 15:40:57] /a 1
[20/9/2022 15:40:57] /a 1
[20/9/2022 15:40:58] /a 1
[20/9/2022 15:40:59] /a 1
[20/9/2022 15:41:0] /a 1
[20/9/2022 15:41:15] /t
[20/9/2022 15:47:9] /a 5
[20/9/2022 15:47:10] /a 5
[20/9/2022 15:47:10] /a 5
[20/9/2022 15:47:10] /a 5
[20/9/2022 15:47:10] /a 5
[20/9/2022 15:47:11] /a 5
[20/9/2022 15:47:11] /a 5
[20/9/2022 15:47:12] /a 5
[20/9/2022 15:47:22] /a 5
[20/9/2022 15:47:22] /a 5
[20/9/2022 15:47:22] /a 5
[20/9/2022 15:47:23] /a 5
[20/9/2022 15:47:23] /a 5
[20/9/2022 15:47:23] /a 5
[20/9/2022 15:47:29] /a 1
[20/9/2022 15:47:30] /a 1
[20/9/2022 15:47:30] /a 1
[20/9/2022 15:47:31] /a 1
[20/9/2022 15:47:35] /a 5
[20/9/2022 15:47:35] /a 5
[20/9/2022 15:47:35] /a 5
[20/9/2022 15:47:35] /a 5
[20/9/2022 15:47:36] /a 5
[20/9/2022 15:47:36] /a 5
[20/9/2022 15:47:36] /a 5
[20/9/2022 15:47:36] /a 5
[20/9/2022 15:47:38] /a 5
[20/9/2022 15:47:38] /a 5
[20/9/2022 15:47:40] /a 5
[20/9/2022 15:47:40] /a 5
[20/9/2022 15:47:41] /a 5
[20/9/2022 15:47:41] /a 5
[20/9/2022 15:47:42] /a 5
[20/9/2022 15:47:42] /a 5
[20/9/2022 15:47:42] /a 5
[20/9/2022 15:47:43] /a 5
[20/9/2022 15:47:43] /a 5
[20/9/2022 15:47:43] /a 5
[20/9/2022 15:47:44] /a 5
[20/9/2022 15:47:44] /a 5
[20/9/2022 15:47:45] /a 5
[20/9/2022 15:47:45] /a 5
[20/9/2022 15:47:45] /a 5
[20/9/2022 15:47:46] /a 5
[20/9/2022 15:47:46] /a 5
[20/9/2022 15:47:46] /a 5
[20/9/2022 15:47:46] /a 5
[20/9/2022 15:47:47] /a 5
[20/9/2022 15:47:47] /a 5
[20/9/2022 15:47:47] /a 5
[20/9/2022 15:47:47] /a 5
[20/9/2022 15:47:47] /a 5
[20/9/2022 15:47:48] /a 5
[20/9/2022 15:47:48] /a 5
[20/9/2022 15:47:48] /a 5
[20/9/2022 15:47:48] /a 5
[20/9/2022 15:47:48] /a 5
[20/9/2022 15:47:51] /a 5
[20/9/2022 15:47:51] /a 5
[20/9/2022 15:47:52] /a 5
[20/9/2022 15:47:52] /a 5
[20/9/2022 15:47:53] /a 5
[20/9/2022 15:47:53] /a 5
[20/9/2022 15:47:53] /a 5
[20/9/2022 15:47:53] /a 5
[20/9/2022 15:47:53] /a 5
[20/9/2022 15:47:53] /a 5
[20/9/2022 15:47:53] /a 5
[20/9/2022 15:47:54] /a 5
[20/9/2022 15:47:54] /a 5
[20/9/2022 15:47:54] /a 5
[20/9/2022 15:47:54] /a 5
[20/9/2022 15:47:54] /a 5
[20/9/2022 15:47:55] /a 5
[20/9/2022 15:47:57] /a 5
[20/9/2022 15:47:57] /a 5
[20/9/2022 15:47:58] /a 5
[20/9/2022 15:47:58] /a 5
[20/9/2022 15:47:59] /a 5
[20/9/2022 15:47:59] /a 5
[20/9/2022 15:47:59] /a 5
[20/9/2022 15:48:0] /a 5
[20/9/2022 15:48:0] /a 5
[20/9/2022 15:48:0] /a 5
[20/9/2022 15:48:1] /a 5
[20/9/2022 15:48:1] /a 5
[20/9/2022 15:48:1] /a 5
[20/9/2022 15:48:1] /a 5
[20/9/2022 15:48:1] /a 5
[20/9/2022 15:48:2] /a 5
[20/9/2022 15:48:2] /a 5
[20/9/2022 15:48:4] /a 5
[20/9/2022 15:48:4] /a 5
[20/9/2022 15:48:4] /a 5
[20/9/2022 15:48:4] /a 5
[20/9/2022 15:48:4] /a 5
[20/9/2022 15:48:4] /a 5
[20/9/2022 15:48:4] /a 5
[20/9/2022 15:48:4] /a 5
[20/9/2022 15:48:5] /a 5
[20/9/2022 15:48:5] /a 5
[20/9/2022 15:48:5] /a 5
[20/9/2022 15:48:5] /a 5
[20/9/2022 15:48:6] /a 5
[20/9/2022 15:48:6] /a 5
[20/9/2022 15:48:6] /a 5
[20/9/2022 15:48:8] /a 5
[20/9/2022 15:48:8] /a 5
[20/9/2022 15:48:8] /a 5
[20/9/2022 15:48:8] /a 5
[20/9/2022 15:48:9] /a 5
[20/9/2022 15:48:12] /t
[20/9/2022 15:48:13] /a 5
[20/9/2022 15:48:14] /a 5
[20/9/2022 15:48:14] /a 5
[20/9/2022 15:48:14] /a 5
[20/9/2022 15:48:15] /a 5
[20/9/2022 15:48:15] /a 5
[20/9/2022 15:48:15] /a 5
[20/9/2022 15:48:15] /a 5
[20/9/2022 15:48:15] /a 5
[20/9/2022 15:48:16] /a 5
[20/9/2022 15:48:17] /a 5
[20/9/2022 15:48:17] /a 5
[20/9/2022 15:48:17] /a 5
[20/9/2022 15:48:18] /a 5
[20/9/2022 15:48:18] /a 5
[20/9/2022 15:48:19] /a 5
[20/9/2022 15:48:19] /a 5
[20/9/2022 15:48:19] /a 5
[20/9/2022 15:48:20] /a 5
[20/9/2022 15:48:21] /a 5
[20/9/2022 15:48:21] /a 5
[20/9/2022 15:48:21] /a 5
[20/9/2022 15:48:21] /a 5
[20/9/2022 15:48:22] /a 5
[20/9/2022 15:48:22] /a 5
[20/9/2022 15:48:22] /a 5
[20/9/2022 15:48:22] /a 5
[20/9/2022 15:48:23] /a 5
[20/9/2022 15:48:23] /a 5
[20/9/2022 15:48:23] /a 5
[20/9/2022 15:48:26] /a 5
[20/9/2022 15:48:28] /up
[20/9/2022 15:48:30] /a 1
[20/9/2022 15:48:39] /a 1
[20/9/2022 15:48:40] /a 1
[20/9/2022 15:48:40] /a 1
[20/9/2022 15:48:41] /a 1
[20/9/2022 15:48:41] /a 1
[20/9/2022 15:48:41] /a 1
[20/9/2022 15:48:42] /a 1
[20/9/2022 15:48:42] /a 1
[20/9/2022 15:48:42] /a 1
[20/9/2022 15:48:50] /a 5
[20/9/2022 15:48:50] /a 5
[20/9/2022 15:48:51] /a 5
[20/9/2022 15:48:51] /a 5
[20/9/2022 15:48:51] /a 5
[20/9/2022 15:48:51] /a 5
[20/9/2022 15:48:51] /a 5
[20/9/2022 15:48:51] /a 5
[20/9/2022 15:48:51] /a 5
[20/9/2022 15:48:51] /a 5
[20/9/2022 15:48:52] /a 5
[20/9/2022 15:48:52] /a 5
[20/9/2022 15:48:52] /a 5
[20/9/2022 15:48:52] /a 5
[20/9/2022 15:48:53] /a 5
[20/9/2022 15:48:53] /a 5
[20/9/2022 15:48:53] /a 5
[20/9/2022 15:48:53] /a 5
[20/9/2022 15:48:53] /a 5
[20/9/2022 15:48:53] /a 5
[20/9/2022 15:48:53] /a 5
[20/9/2022 15:48:54] /a 5
[20/9/2022 15:48:55] /a 5
[20/9/2022 15:48:55] /a 5
[20/9/2022 15:48:56] /a 5
[20/9/2022 15:48:56] /a 5
[20/9/2022 15:48:57] /a 5
[20/9/2022 15:48:57] /a 5
[20/9/2022 15:48:57] /a 5
[20/9/2022 15:48:57] /a 5
[20/9/2022 15:48:58] /a 5
[20/9/2022 15:48:58] /a 5
[20/9/2022 15:48:59] /a 5
[20/9/2022 15:49:2] /a 5
[20/9/2022 15:49:2] /a 5
[20/9/2022 15:49:3] /a 5
[20/9/2022 15:49:3] /a 5
[20/9/2022 15:49:3] /a 5
[20/9/2022 15:49:4] /a 5
[20/9/2022 15:49:4] /a 5
[20/9/2022 15:49:4] /a 5
[20/9/2022 15:49:5] /a 5
[20/9/2022 15:49:5] /a 5
[20/9/2022 15:49:6] /a 5
[20/9/2022 15:49:6] /a 5
[20/9/2022 15:49:7] /a 5
[20/9/2022 15:50:34] /ghost
[20/9/2022 15:50:58] /a 5
[20/9/2022 15:50:59] /a 5
[20/9/2022 15:50:59] /a 5
[20/9/2022 15:51:0] /a 5
[20/9/2022 15:51:1] /a 5
[20/9/2022 15:51:2] /a 5
[20/9/2022 15:51:2] /a 5
[20/9/2022 15:51:3] /a 5
[20/9/2022 15:51:4] /a 5
[20/9/2022 15:51:4] /a 5
[20/9/2022 15:51:4] /a 5
[20/9/2022 15:51:5] /a 5
[20/9/2022 15:51:9] /m infernatil
[20/9/2022 15:51:12] /m bazzir
[20/9/2022 15:51:15] /m bazir
[20/9/2022 15:51:36] /m tafariel
[20/9/2022 15:51:38] /m tafariel
[20/9/2022 15:51:45] /m verminor
[20/9/2022 15:56:0] /m lula
[20/9/2022 15:56:3] /r
[20/9/2022 15:56:16] /m 
[20/9/2022 15:56:17] /m 
[20/9/2022 15:56:52] /m wasp
[20/9/2022 15:56:54] /r
[20/9/2022 15:57:27] /t
[20/9/2022 15:57:59] /goto mage off dead
[20/9/2022 16:0:59] /ghost
[20/9/2022 16:1:0] /ghost
[20/9/2022 16:1:40] /t mage off dead
[20/9/2022 16:1:41] /t
[20/9/2022 16:2:42] /i 430
[20/9/2022 16:2:52] /up
[20/9/2022 16:2:55] /a 1
[20/9/2022 16:2:55] /a 1
[20/9/2022 16:2:58] /down
[20/9/2022 16:3:1] /up
[20/9/2022 16:3:5] /i 430
[20/9/2022 16:3:11] /up
[20/9/2022 16:3:13] /r
[20/9/2022 16:3:16] /r
[20/9/2022 16:3:29] /i 12372
[20/9/2022 16:4:13] /newtype 351
[20/9/2022 16:4:19] /newtype 75
[20/9/2022 16:5:59] /newtype 5787
[20/9/2022 16:8:24] /newtype 267
[20/9/2022 16:40:42] /a 2
[20/9/2022 16:40:46] /a 2
[20/9/2022 16:40:49] /a 1
[20/9/2022 16:40:50] /a 1
[20/9/2022 16:40:52] /a 1
[20/9/2022 16:40:53] /a 2
[20/9/2022 16:40:55] /a 2
[20/9/2022 16:45:17] /goto kakak
[20/9/2022 16:46:26] /newtype 75
[20/9/2022 17:3:25] /a 2
[20/9/2022 17:5:52] /m cat
[20/9/2022 17:5:57] /m cat
[20/9/2022 17:10:27] /ghost
[20/9/2022 17:10:35] /ghost
[20/9/2022 17:10:41] /a 2
[20/9/2022 17:10:59] /a 5
[20/9/2022 17:11:1] /ghost
[20/9/2022 17:11:3] /t
[20/9/2022 17:11:8] /ghost
[20/9/2022 19:49:2] /ghost
[20/9/2022 19:49:5] /goto king off pally
[20/9/2022 19:49:13] /goto king off pally
[20/9/2022 19:49:19] /goto pally maldito
[20/9/2022 19:49:26] /a 2
[20/9/2022 19:49:31] /goto
[20/9/2022 19:49:34] /goto pally maldito
[20/9/2022 19:49:44] /goto pally maldito
[20/9/2022 19:51:26] /goto pally of love
[20/9/2022 19:51:32] /goto pally off dead
[20/9/2022 19:51:36] /t
[20/9/2022 20:1:35] /ghost
[20/9/2022 20:1:36] /goto shimaricat retorn
[20/9/2022 20:1:38] /goto shimaricat retorn
[20/9/2022 20:1:45] /goto shimaricat retorn
[20/9/2022 20:2:6] /t
[20/9/2022 20:3:50] /a 1
[20/9/2022 20:3:52] /a 1
[20/9/2022 21:3:25] /ghost
[20/9/2022 21:3:57] /a 2
[20/9/2022 21:4:1] /r
[20/9/2022 21:4:4] /r
[20/9/2022 21:4:20] /r
[20/9/2022 21:4:22] /r
[20/9/2022 21:4:23] /r
[20/9/2022 21:4:25] /r
[20/9/2022 21:4:26] /r
[20/9/2022 21:4:48] /r
[20/9/2022 21:5:9] /r
[20/9/2022 21:5:13] /r
[20/9/2022 21:5:21] /a 1
[20/9/2022 21:5:21] /a 1
[20/9/2022 21:5:22] /a 1
[20/9/2022 21:5:22] /a 1
[20/9/2022 21:5:23] /a 1
[20/9/2022 21:5:23] /a 1
[20/9/2022 21:5:30] /r
[20/9/2022 21:5:31] /r
[20/9/2022 21:5:34] /r
[20/9/2022 21:5:39] /r
[20/9/2022 21:6:14] /r
[20/9/2022 21:6:21] /r
[20/9/2022 21:6:34] /r
[20/9/2022 21:6:45] /r
[20/9/2022 21:6:52] /r
[20/9/2022 21:7:5] /r
[20/9/2022 21:7:15] /r
[20/9/2022 21:7:36] /a 1
[20/9/2022 21:7:37] /a 1
[20/9/2022 21:7:44] /r
[20/9/2022 21:7:49] /r
[20/9/2022 21:7:51] /r
[20/9/2022 21:7:58] /r
[20/9/2022 21:8:17] /r
[20/9/2022 21:8:24] /r
[20/9/2022 21:8:29] /r
[20/9/2022 21:8:32] /r
[20/9/2022 21:8:59] /r
[20/9/2022 21:9:0] /r
[20/9/2022 21:9:6] /a 1
[20/9/2022 21:9:7] /a 1
[20/9/2022 21:9:7] /a 1
[20/9/2022 21:9:7] /a 1
[20/9/2022 21:9:7] /a 1
[20/9/2022 21:9:8] /a 1
[20/9/2022 21:9:8] /a 1
[20/9/2022 21:9:8] /a 5
[20/9/2022 21:9:9] /a 5
[20/9/2022 21:9:13] /r
[20/9/2022 21:9:15] /r
[20/9/2022 21:9:16] /r
[20/9/2022 21:9:17] /r
[20/9/2022 21:9:25] /r
[20/9/2022 21:9:26] /r
[20/9/2022 21:9:27] /r
[20/9/2022 21:9:29] /r
[20/9/2022 21:9:36] /r
[20/9/2022 21:9:37] /r
[20/9/2022 21:11:31] /t
[20/9/2022 21:11:55] /a 2
[20/9/2022 21:12:1] /a 1
[20/9/2022 21:12:2] /a 1
[20/9/2022 21:12:2] /a 5
[20/9/2022 21:12:3] /a 5
[20/9/2022 21:12:3] /a 5
[20/9/2022 21:12:5] /t
[20/9/2022 21:12:12] /a 1
[20/9/2022 21:12:12] /a 1
[20/9/2022 21:12:15] /ghost
[20/9/2022 21:15:48] /ghost
[20/9/2022 21:16:7] /a 2
[20/9/2022 21:16:12] /a 2
[20/9/2022 21:16:14] /a 2
[20/9/2022 21:16:26] /a 1
[20/9/2022 21:16:27] /a 1
[20/9/2022 21:16:27] /a 1
[20/9/2022 21:16:30] /a 1
[20/9/2022 21:16:30] /a 1
[20/9/2022 21:16:31] /a 5
[20/9/2022 21:16:34] /a 2
[20/9/2022 21:16:36] /a 1
[20/9/2022 21:16:37] /a 1
[20/9/2022 21:16:41] /a 2
[20/9/2022 21:16:44] /a 2
[20/9/2022 21:16:45] /a 2
[20/9/2022 21:16:46] /a 2
[20/9/2022 21:17:0] /a 5
[20/9/2022 21:17:0] /a 5
[20/9/2022 21:17:1] /a 5
[20/9/2022 21:17:1] /a 5
[20/9/2022 21:17:3] /a 5
[20/9/2022 21:17:3] /a 5
[20/9/2022 21:17:5] /a 5
[20/9/2022 21:17:6] /a 5
[20/9/2022 21:17:6] /a 5
[20/9/2022 21:17:6] /a 5
[20/9/2022 21:17:6] /a 5
[20/9/2022 21:17:6] /a 5
[20/9/2022 21:17:7] /a 5
[20/9/2022 21:17:7] /a 5
[20/9/2022 21:17:7] /a 5
[20/9/2022 21:17:7] /a 5
[20/9/2022 21:17:7] /a 5
[20/9/2022 21:17:7] /a 5
[20/9/2022 21:17:9] /a 5
[20/9/2022 21:17:9] /a 5
[20/9/2022 21:17:9] /a 5
[20/9/2022 21:17:9] /a 5
[20/9/2022 21:17:10] /a 5
[20/9/2022 21:17:10] /a 5
[20/9/2022 21:17:10] /a 5
[20/9/2022 21:17:11] /a 5
[20/9/2022 21:17:12] /a 5
[20/9/2022 21:17:12] /a 5
[20/9/2022 21:17:12] /a 5
[20/9/2022 21:17:13] /a 5
[20/9/2022 21:17:16] /a 1
[20/9/2022 21:18:0] /a 5
[20/9/2022 21:18:0] /a 5
[20/9/2022 21:18:0] /a 5
[20/9/2022 21:18:0] /a 5
[20/9/2022 21:18:0] /a 5
[20/9/2022 21:18:0] /a 5
[20/9/2022 21:18:1] /a 5
[20/9/2022 21:18:1] /a 5
[20/9/2022 21:18:1] /a 5
[20/9/2022 21:18:1] /a 5
[20/9/2022 21:18:1] /a 5
[20/9/2022 21:18:1] /a 5
[20/9/2022 21:18:1] /a 5
[20/9/2022 21:18:2] /a 5
[20/9/2022 21:18:2] /a 5
[20/9/2022 21:18:2] /a 5
[20/9/2022 21:18:3] /a 5
[20/9/2022 21:18:3] /a 5
[20/9/2022 21:20:52] /a 1
[20/9/2022 21:20:52] /a 1
[20/9/2022 21:20:53] /a 1
[20/9/2022 21:20:53] /a 1
[20/9/2022 21:20:53] /a 1
[20/9/2022 21:20:53] /a 1
[20/9/2022 21:20:53] /a 1
[20/9/2022 21:20:53] /a 1
[20/9/2022 21:20:53] /a 1
[20/9/2022 21:20:53] /a 1
[20/9/2022 21:20:54] /a 1
[20/9/2022 21:20:54] /a 1
[20/9/2022 21:20:54] /a 1
[20/9/2022 21:20:54] /a 1
[20/9/2022 21:20:54] /a 1
[20/9/2022 21:20:56] /a 5
[20/9/2022 21:21:24] /a 2
[20/9/2022 21:21:25] /a 2
[20/9/2022 21:21:37] /a 2
[20/9/2022 21:21:39] /a 2
[20/9/2022 21:22:5] /a 2
[20/9/2022 21:49:23] /a 2
[20/9/2022 21:49:26] /ghost
[21/9/2022 9:40:33] /b Bom dia meninas
[21/9/2022 10:8:46] /goto pally of dead
[21/9/2022 10:8:51] /goto pally off dead
[21/9/2022 10:9:12] /t
[21/9/2022 10:42:52] /m latrivan
[21/9/2022 10:43:47] /r
[21/9/2022 10:43:59] /m supremo cafetao
[21/9/2022 10:44:6] /r
[21/9/2022 10:46:44] /goto olivia palito
[21/9/2022 10:46:46] /goto olivia palito
[21/9/2022 10:46:50] /goto olivia palito
[21/9/2022 10:46:51] /goto olivia palito
[21/9/2022 10:46:55] /goto olivia palito
[21/9/2022 10:46:57] /goto olivia palito
[21/9/2022 10:47:3] /t
[21/9/2022 10:47:55] !pz
[21/9/2022 10:49:1] /m supremo hellspawn 
[21/9/2022 10:49:46] /r
[21/9/2022 10:52:27] /m cat
[21/9/2022 10:52:28] /m cat
[21/9/2022 10:52:28] /m cat
[21/9/2022 10:52:28] /m cat
[21/9/2022 10:52:28] /m cat
[21/9/2022 10:52:28] /m cat
[21/9/2022 10:52:28] /m cat
[21/9/2022 10:52:29] /m cat
[21/9/2022 10:52:29] /m cat
[21/9/2022 10:52:29] /m cat
[21/9/2022 10:52:30] /m cat
[21/9/2022 10:52:30] /m cat
[21/9/2022 10:52:30] /m cat
[21/9/2022 10:52:30] /m cat
[21/9/2022 10:52:30] /m cat
[21/9/2022 10:52:31] /m cat
[21/9/2022 10:52:31] /m cat
[21/9/2022 10:52:31] /m cat
[21/9/2022 10:52:31] /m cat
[21/9/2022 10:52:31] /m cat
[21/9/2022 10:52:32] /m cat
[21/9/2022 10:52:32] /m cat
[21/9/2022 10:52:32] /m cat
[21/9/2022 10:52:33] /m cat
[21/9/2022 10:52:33] /m cat
[21/9/2022 10:52:33] /m cat
[21/9/2022 10:52:33] /m cat
[21/9/2022 10:52:33] /m cat
[21/9/2022 10:52:33] /m cat
[21/9/2022 10:52:33] /m cat
[21/9/2022 10:52:33] /m cat
[21/9/2022 10:52:34] /m cat
[21/9/2022 10:52:34] /m cat
[21/9/2022 10:52:35] /m cat
[21/9/2022 10:52:36] /m cat
[21/9/2022 10:52:36] /m cat
[21/9/2022 10:52:36] /m cat
[21/9/2022 10:52:36] /m cat
[21/9/2022 10:52:36] /m cat
[21/9/2022 10:52:36] /m cat
[21/9/2022 10:52:36] /m cat
[21/9/2022 10:52:36] /m cat
[21/9/2022 10:52:36] /m cat
[21/9/2022 10:52:37] /m cat
[21/9/2022 10:52:37] /m cat
[21/9/2022 10:52:37] /m cat
[21/9/2022 10:52:43] /r
[21/9/2022 10:52:56] /r
[21/9/2022 10:52:57] /r
[21/9/2022 10:52:58] /r
[21/9/2022 10:52:59] /r
[21/9/2022 10:53:0] /r
[21/9/2022 10:53:1] /r
[21/9/2022 10:53:2] /r
[21/9/2022 10:53:2] /r
[21/9/2022 10:53:3] /r
[21/9/2022 10:53:4] /r
[21/9/2022 10:53:6] /r
[21/9/2022 10:53:6] /r
[21/9/2022 10:53:7] /r
[21/9/2022 10:53:8] /r
[21/9/2022 10:53:9] /r
[21/9/2022 17:22:58] /goto seu pesadelo
[21/9/2022 17:25:34] /a 2
[21/9/2022 17:28:17] /ghost
[21/9/2022 17:28:25] /i 8851
[21/9/2022 17:28:40] /i 2152
[21/9/2022 17:28:42] /i 2152
[21/9/2022 17:28:45] /i 2152
[21/9/2022 17:28:56] /i 2152
[21/9/2022 17:28:56] /i 2152
[21/9/2022 17:28:56] /i 2152
[21/9/2022 17:28:56] /i 2152
[21/9/2022 17:28:57] /i 2152
[21/9/2022 17:28:57] /i 2152
[21/9/2022 17:28:57] /i 2152
[21/9/2022 17:28:57] /i 2152
[21/9/2022 17:28:57] /i 2152
[21/9/2022 17:28:57] /i 2152
[21/9/2022 17:28:57] /i 2152
[21/9/2022 17:28:58] /i 2152
[21/9/2022 17:28:58] /i 2152
[21/9/2022 17:28:58] /i 2152
[21/9/2022 17:28:59] /i 2152
[21/9/2022 17:28:59] /i 2152
[21/9/2022 17:28:59] /i 2152
[21/9/2022 17:28:59] /i 2152
[21/9/2022 17:28:59] /i 2152
[21/9/2022 17:28:59] /i 2152
[21/9/2022 17:28:59] /i 2152
[21/9/2022 17:29:2] /i 2152
[21/9/2022 17:29:2] /i 2152
[21/9/2022 17:29:2] /i 2152
[21/9/2022 17:29:2] /i 2152
[21/9/2022 17:29:2] /i 2152
[21/9/2022 17:29:2] /i 2152
[21/9/2022 17:29:2] /i 2152
[21/9/2022 17:29:2] /i 2152
[21/9/2022 17:29:3] /i 2152
[21/9/2022 17:29:3] /i 2152
[21/9/2022 17:29:3] /i 2152
[21/9/2022 17:29:4] /i 2152
[21/9/2022 17:29:4] /i 2152
[21/9/2022 17:29:4] /i 2152
[21/9/2022 17:29:4] /i 2152
[21/9/2022 17:29:5] /i 2152
[21/9/2022 17:29:5] /i 2152
[21/9/2022 17:29:5] /i 2152
[21/9/2022 17:29:5] /i 2152
[21/9/2022 17:29:5] /i 2152
[21/9/2022 17:29:6] /i 2152
[21/9/2022 17:29:6] /i 2152
[21/9/2022 17:29:6] /i 2152
[21/9/2022 17:29:6] /i 2152
[21/9/2022 17:29:6] /i 2152
[21/9/2022 17:29:6] /i 2152
[21/9/2022 17:29:7] /i 2152
[21/9/2022 17:29:7] /i 2152
[21/9/2022 17:29:7] /i 2152
[21/9/2022 17:29:7] /i 2152
[21/9/2022 17:29:7] /i 2152
[21/9/2022 17:29:8] /i 2152
[21/9/2022 17:29:9] /i 2152
[21/9/2022 17:29:13] /i 8851
[21/9/2022 17:29:57] /r
[21/9/2022 17:29:59] /r
[21/9/2022 17:30:50] /goto king of pally
[21/9/2022 17:30:55] /ghost
[21/9/2022 17:32:9] /r
[21/9/2022 17:34:30] /a 2
[21/9/2022 17:35:4] /goto king of pally
[21/9/2022 17:36:11] /a 1
[21/9/2022 17:36:12] /a 1
[21/9/2022 17:36:12] /a 1
[21/9/2022 17:36:12] /a 1
[21/9/2022 17:36:12] /a 1
[21/9/2022 17:36:12] /a 1
[21/9/2022 17:36:12] /a 1
[21/9/2022 17:36:12] /a 1
[21/9/2022 17:36:13] /a 1
[21/9/2022 17:36:13] /a 1
[21/9/2022 17:36:13] /a 1
[21/9/2022 17:36:13] /a 1
[21/9/2022 17:36:13] /a 1
[21/9/2022 17:36:13] /a 1
[21/9/2022 17:36:13] /a 1
[21/9/2022 17:36:13] /a 1
[21/9/2022 17:36:13] /a 1
[21/9/2022 17:36:14] /a 1
[21/9/2022 17:36:14] /a 1
[21/9/2022 17:36:14] /a 1
[21/9/2022 17:36:14] /a 1
[21/9/2022 17:36:14] /a 1
[21/9/2022 17:36:14] /a 1
[21/9/2022 17:36:14] /a 1
[21/9/2022 17:36:14] /a 1
[21/9/2022 17:36:14] /a 1
[21/9/2022 17:36:15] /a 1
[21/9/2022 17:36:15] /a 1
[21/9/2022 17:36:15] /a 1
[21/9/2022 17:36:15] /a 1
[21/9/2022 17:36:15] /a 1
[21/9/2022 17:36:15] /a 1
[21/9/2022 17:36:15] /a 1
[21/9/2022 17:36:15] /a 1
[21/9/2022 17:36:15] /a 1
[21/9/2022 17:36:15] /a 1
[21/9/2022 17:36:16] /a 1
[21/9/2022 17:36:16] /a 1
[21/9/2022 17:36:16] /a 1
[21/9/2022 17:36:16] /a 1
[21/9/2022 17:36:16] /a 1
[21/9/2022 17:36:16] /a 1
[21/9/2022 17:36:17] /a 1
[21/9/2022 17:36:17] /a 1
[21/9/2022 17:36:17] /a 1
[21/9/2022 17:36:17] /a 1
[21/9/2022 17:36:17] /a 1
[21/9/2022 17:36:17] /a 1
[21/9/2022 17:36:17] /a 1
[21/9/2022 17:36:18] /a 1
[21/9/2022 17:36:18] /a 1
[21/9/2022 17:36:18] /a 1
[21/9/2022 17:36:18] /a 1
[21/9/2022 17:36:18] /a 1
[21/9/2022 17:36:18] /a 1
[21/9/2022 17:36:18] /a 1
[21/9/2022 17:36:19] /a 1
[21/9/2022 17:36:19] /a 1
[21/9/2022 17:36:19] /a 1
[21/9/2022 17:36:19] /a 1
[21/9/2022 17:36:19] /a 1
[21/9/2022 17:36:19] /a 1
[21/9/2022 17:36:19] /a 1
[21/9/2022 17:36:20] /a 1
[21/9/2022 17:36:20] /a 1
[21/9/2022 17:36:20] /a 1
[21/9/2022 17:36:20] /a 1
[21/9/2022 17:36:20] /a 1
[21/9/2022 17:36:20] /a 1
[21/9/2022 17:36:20] /a 1
[21/9/2022 17:36:20] /a 1
[21/9/2022 17:36:20] /a 1
[21/9/2022 17:36:21] /a 1
[21/9/2022 17:36:21] /a 1
[21/9/2022 17:36:21] /a 1
[21/9/2022 17:36:21] /a 1
[21/9/2022 17:36:21] /a 1
[21/9/2022 17:36:21] /a 1
[21/9/2022 17:36:24] /a 5
[21/9/2022 17:36:25] /a 5
[21/9/2022 17:36:25] /a 5
[21/9/2022 17:36:26] /a 5
[21/9/2022 17:36:28] /a 5
[21/9/2022 17:36:29] /a 5
[21/9/2022 17:36:29] /a 5
[21/9/2022 17:36:31] /a 5
[21/9/2022 17:36:31] /a 5
[21/9/2022 17:36:32] /a 5
[21/9/2022 17:36:33] /a 1
[21/9/2022 17:36:34] /a 1
[21/9/2022 17:36:34] /a 1
[21/9/2022 17:36:34] /a 1
[21/9/2022 17:36:34] /a 1
[21/9/2022 17:36:34] /a 1
[21/9/2022 17:36:34] /a 1
[21/9/2022 17:36:34] /a 1
[21/9/2022 17:36:34] /a 1
[21/9/2022 17:36:34] /a 1
[21/9/2022 17:36:35] /a 1
[21/9/2022 17:36:35] /a 1
[21/9/2022 17:36:35] /a 1
[21/9/2022 17:36:35] /a 1
[21/9/2022 17:36:35] /a 1
[21/9/2022 17:36:35] /a 1
[21/9/2022 17:36:35] /a 1
[21/9/2022 17:36:35] /a 1
[21/9/2022 17:36:35] /a 1
[21/9/2022 17:36:36] /a 1
[21/9/2022 17:36:36] /a 1
[21/9/2022 17:36:36] /a 1
[21/9/2022 17:36:36] /a 1
[21/9/2022 17:36:36] /a 1
[21/9/2022 17:36:36] /a 1
[21/9/2022 17:36:36] /a 1
[21/9/2022 17:36:36] /a 1
[21/9/2022 17:36:36] /a 1
[21/9/2022 17:36:37] /a 1
[21/9/2022 17:36:37] /a 1
[21/9/2022 17:36:37] /a 1
[21/9/2022 17:36:38] /a 1
[21/9/2022 17:36:39] /a 1
[21/9/2022 17:36:39] /a 1
[21/9/2022 17:36:39] /a 1
[21/9/2022 17:36:39] /a 1
[21/9/2022 17:36:39] /a 1
[21/9/2022 17:36:39] /a 1
[21/9/2022 17:36:40] /a 1
[21/9/2022 17:36:40] /a 1
[21/9/2022 17:36:42] /a 1
[21/9/2022 17:36:42] /a 1
[21/9/2022 17:36:42] /a 1
[21/9/2022 17:36:42] /a 1
[21/9/2022 17:36:42] /a 1
[21/9/2022 17:36:42] /a 1
[21/9/2022 17:36:43] /a 1
[21/9/2022 17:36:43] /a 1
[21/9/2022 17:36:43] /a 1
[21/9/2022 17:36:43] /a 1
[21/9/2022 17:36:43] /a 1
[21/9/2022 17:36:43] /a 1
[21/9/2022 17:36:43] /a 1
[21/9/2022 17:36:43] /a 1
[21/9/2022 17:36:43] /a 1
[21/9/2022 17:36:45] /a 1
[21/9/2022 17:36:45] /a 1
[21/9/2022 17:36:45] /a 1
[21/9/2022 17:36:45] /a 1
[21/9/2022 17:36:46] /a 1
[21/9/2022 17:36:46] /a 1
[21/9/2022 17:36:46] /a 1
[21/9/2022 17:36:46] /a 1
[21/9/2022 17:36:46] /a 1
[21/9/2022 17:36:47] /a 1
[21/9/2022 17:36:48] /a 1
[21/9/2022 17:36:48] /a 1
[21/9/2022 17:36:48] /a 1
[21/9/2022 17:36:48] /a 1
[21/9/2022 17:36:48] /a 1
[21/9/2022 17:36:48] /a 1
[21/9/2022 17:36:48] /a 1
[21/9/2022 17:36:49] /a 1
[21/9/2022 17:36:49] /a 1
[21/9/2022 17:36:49] /a 1
[21/9/2022 17:36:49] /a 1
[21/9/2022 17:36:50] /a 1
[21/9/2022 17:36:50] /a 1
[21/9/2022 17:36:50] /a 1
[21/9/2022 17:36:52] /a 5
[21/9/2022 17:36:52] /a 5
[21/9/2022 17:36:52] /a 5
[21/9/2022 17:36:53] /a 5
[21/9/2022 17:36:55] /a 1
[21/9/2022 17:36:56] /a 1
[21/9/2022 17:36:56] /a 1
[21/9/2022 17:36:56] /a 1
[21/9/2022 17:36:56] /a 1
[21/9/2022 17:36:56] /a 1
[21/9/2022 17:36:56] /a 1
[21/9/2022 17:36:56] /a 1
[21/9/2022 17:36:56] /a 1
[21/9/2022 17:36:57] /a 1
[21/9/2022 17:36:58] /a 1
[21/9/2022 17:36:58] /a 1
[21/9/2022 17:36:58] /a 1
[21/9/2022 17:36:58] /a 1
[21/9/2022 17:36:59] /a 1
[21/9/2022 17:36:59] /a 1
[21/9/2022 17:36:59] /a 1
[21/9/2022 17:36:59] /a 1
[21/9/2022 17:36:59] /a 1
[21/9/2022 17:36:59] /a 1
[21/9/2022 17:36:59] /a 1
[21/9/2022 17:36:59] /a 1
[21/9/2022 17:37:0] /a 1
[21/9/2022 17:37:0] /a 1
[21/9/2022 17:37:0] /a 1
[21/9/2022 17:37:1] /a 1
[21/9/2022 17:37:1] /a 1
[21/9/2022 17:37:2] /a 1
[21/9/2022 17:37:2] /a 1
[21/9/2022 17:37:2] /a 1
[21/9/2022 17:37:2] /a 1
[21/9/2022 17:37:2] /a 1
[21/9/2022 17:37:2] /a 1
[21/9/2022 17:37:2] /a 1
[21/9/2022 17:37:2] /a 1
[21/9/2022 17:37:2] /a 1
[21/9/2022 17:37:3] /a 1
[21/9/2022 17:37:3] /a 1
[21/9/2022 17:37:3] /a 1
[21/9/2022 17:37:3] /a 1
[21/9/2022 17:37:3] /a 1
[21/9/2022 17:37:3] /a 1
[21/9/2022 17:37:3] /a 1
[21/9/2022 17:37:3] /a 1
[21/9/2022 17:37:3] /a 1
[21/9/2022 17:37:4] /a 1
[21/9/2022 17:37:4] /a 1
[21/9/2022 17:37:4] /a 1
[21/9/2022 17:37:4] /a 1
[21/9/2022 17:37:4] /a 1
[21/9/2022 17:37:4] /a 1
[21/9/2022 17:37:4] /a 1
[21/9/2022 17:37:4] /a 1
[21/9/2022 17:37:5] /a 1
[21/9/2022 17:37:31] /goto king of pally
[21/9/2022 17:39:48] /t
[21/9/2022 17:41:31] /ghost
[21/9/2022 17:41:36] /goto king of pally
[21/9/2022 17:42:29] /a 1
[21/9/2022 17:42:31] /a 1
[21/9/2022 17:42:32] /a 1
[21/9/2022 17:42:32] /a 1
[21/9/2022 17:42:32] /a 1
[21/9/2022 17:42:33] /a 1
[21/9/2022 17:42:35] /t
[21/9/2022 17:42:40] /ghost
[21/9/2022 20:0:37] /m king monster
[21/9/2022 20:0:39] /m king monster
[21/9/2022 20:0:40] /m king monster
[21/9/2022 20:1:2] /m king monster
[21/9/2022 20:1:2] /m king monster
[21/9/2022 20:1:3] /m king monster
[21/9/2022 20:1:3] /m king monster
[21/9/2022 20:1:3] /m king monster
[21/9/2022 20:1:3] /m king monster
[21/9/2022 20:1:4] /m king monster
[21/9/2022 20:1:4] /m king monster
[21/9/2022 20:1:4] /m king monster
[21/9/2022 20:1:4] /m king monster
[21/9/2022 20:1:4] /m king monster
[21/9/2022 20:1:4] /m king monster
[21/9/2022 20:1:4] /m king monster
[21/9/2022 20:1:12] /a 5
[21/9/2022 20:1:13] /a 5
[21/9/2022 20:1:13] /a 5
[21/9/2022 20:1:18] /a 5
[21/9/2022 20:1:19] /a 5
[21/9/2022 20:1:20] /a 5
[21/9/2022 20:1:20] /a 5
[21/9/2022 20:1:21] /a 5
[21/9/2022 20:1:25] /m king monster
[21/9/2022 20:1:26] /m king monster
[21/9/2022 20:1:26] /m king monster
[21/9/2022 20:1:30] /a 5
[21/9/2022 20:1:31] /m king monster
[21/9/2022 20:1:32] /m king monster
[21/9/2022 20:1:33] /m king monster
[21/9/2022 20:1:34] /m king monster
[21/9/2022 20:1:35] /a 5
[21/9/2022 20:1:36] /a 5
[21/9/2022 20:1:36] /a 5
[21/9/2022 20:1:36] /a 5
[21/9/2022 20:1:36] /a 5
[21/9/2022 20:1:36] /a 5
[21/9/2022 20:1:36] /a 5
[21/9/2022 20:1:36] /a 5
[21/9/2022 20:1:36] /a 5
[21/9/2022 20:1:37] /a 5
[21/9/2022 20:1:37] /a 5
[21/9/2022 20:1:37] /a 5
[21/9/2022 20:1:41] /a 5
[21/9/2022 20:1:41] /a 5
[21/9/2022 20:1:42] /a 5
[21/9/2022 20:1:42] /a 5
[21/9/2022 20:1:42] /a 5
[21/9/2022 20:1:43] /a 5
[21/9/2022 20:1:43] /a 5
[21/9/2022 20:1:44] /a 5
[21/9/2022 20:1:45] /a 5
[21/9/2022 20:1:45] /r
[21/9/2022 20:1:50] /m king monster
[21/9/2022 20:1:51] /m king monster
[21/9/2022 20:1:51] /m king monster
[21/9/2022 20:1:53] /m king monster
[21/9/2022 20:1:54] /m king monster
[21/9/2022 20:1:55] /m king monster
[21/9/2022 20:1:55] /m king monster
[21/9/2022 20:1:56] /t
[21/9/2022 20:24:44] /m supremo cafetao
[21/9/2022 20:25:4] /r
[23/9/2022 8:51:13] /b Bom dia, Meninas. 
[23/9/2022 9:14:21] /newtype 246
[23/9/2022 9:14:31] /newtype 256
[23/9/2022 9:14:35] /newtype 146
[23/9/2022 9:14:38] /newtype 236
[23/9/2022 9:14:42] /newtype 234
[23/9/2022 9:14:43] /newtype 256
[23/9/2022 9:14:59] /newtype 156
[23/9/2022 9:27:1] /i 2160
[23/9/2022 9:27:4] /i 2160
[23/9/2022 9:27:5] /i 2160
[23/9/2022 9:27:6] /i 2160
[23/9/2022 9:27:13] /i 9971
[23/9/2022 9:27:18] /i 9971
[23/9/2022 9:27:20] /i 9971
[23/9/2022 9:30:7] /newtype 3739
[23/9/2022 9:41:4] /ghost
[23/9/2022 9:41:11] /goto king off pally
[23/9/2022 9:41:15] /goto king off pally
[23/9/2022 9:41:18] /goto king of pally
[23/9/2022 9:41:29] /goto pally maldito
[23/9/2022 9:41:32] /t
[23/9/2022 9:41:38] /newtype 235
[23/9/2022 9:41:40] /ghost
[23/9/2022 11:5:17] /ghost
[23/9/2022 11:36:25] /goto duma
[23/9/2022 11:38:25] /goto king of pally
[23/9/2022 11:38:27] /goto duma
[23/9/2022 11:38:34] /i 8300
[23/9/2022 11:38:42] /i 8300
[23/9/2022 11:38:43] /i 8300
[23/9/2022 11:38:44] /i 8300
[23/9/2022 11:38:52] /i 8300
[23/9/2022 11:38:53] /i 8300
[23/9/2022 11:39:3] /i 12599
[23/9/2022 11:39:46] /i 6542
[23/9/2022 11:40:3] /i 6543
[23/9/2022 11:40:18] /i 6541
[23/9/2022 11:40:29] /t
[23/9/2022 11:40:34] /ghost
[23/9/2022 11:42:49] /ghost
[23/9/2022 11:42:52] /goto king of pally
[23/9/2022 11:42:54] /goto king of pally
[23/9/2022 11:43:2] /goto king of pally
[23/9/2022 11:45:54] /goto king of pally
[23/9/2022 11:46:2] /a 2
[23/9/2022 11:46:6] /ghost
[23/9/2022 11:47:43] /ghost
[23/9/2022 11:47:49] /goto radahn
[23/9/2022 11:47:56] /i 8851
[23/9/2022 11:48:24] /goto king off pally
[23/9/2022 11:48:27] /goto king of pally
[23/9/2022 11:48:30] /goto king of pally
[23/9/2022 11:48:42] /t
[23/9/2022 11:49:10] /goto king of pally
[23/9/2022 11:51:1] /goto king of pally
[23/9/2022 11:51:6] /t
[23/9/2022 11:52:26] /goto king of pally
[23/9/2022 11:52:28] /t
[23/9/2022 11:54:28] /goto king of pally
[23/9/2022 11:54:32] /goto paulinho loko
[23/9/2022 11:54:46] /i 7424
[23/9/2022 11:55:22] /i 11362
[23/9/2022 11:55:57] /i 12661
[23/9/2022 11:57:20] /r
[23/9/2022 11:57:24] /r
[23/9/2022 11:57:45] /r
[23/9/2022 11:58:7] /goto king of pally
[23/9/2022 11:58:9] /t
[23/9/2022 11:59:15] /ghost
[23/9/2022 11:59:25] /a 1
[23/9/2022 12:4:32] /ghost
[23/9/2022 12:4:34] /goto king of pally
[23/9/2022 12:4:35] /t
[23/9/2022 12:4:40] /ghost
[23/9/2022 12:36:29] /ghost
[23/9/2022 12:36:33] /goto king of pally
[23/9/2022 12:36:35] /t
[23/9/2022 12:36:38] /ghost
[23/9/2022 13:15:21] /ghost
[23/9/2022 13:15:24] /goto king of pally
[23/9/2022 13:15:34] /t
[23/9/2022 13:15:38] /t
[23/9/2022 13:15:41] /ghost
[23/9/2022 14:38:55] /ghost
[23/9/2022 14:39:54] /a 5
[23/9/2022 14:39:55] /a 5
[23/9/2022 14:39:55] /a 5
[23/9/2022 14:39:57] /a 5
[23/9/2022 14:39:58] /a 5
[23/9/2022 14:39:58] /a 5
[23/9/2022 14:39:59] /a 5
[23/9/2022 14:40:0] /a 5
[23/9/2022 14:40:0] /a 5
[23/9/2022 14:40:6] /a 5
[23/9/2022 14:40:6] /a 5
[23/9/2022 14:40:7] /a 5
[23/9/2022 14:40:56] /goto duma
[23/9/2022 14:41:12] /i 24396
[23/9/2022 14:41:35] /i 6277
[23/9/2022 14:41:43] /i 12148
[23/9/2022 14:41:49] /i 12149
[23/9/2022 14:41:51] /r
[23/9/2022 14:41:53] /r
[23/9/2022 14:41:53] /r
[23/9/2022 14:41:55] /r
[23/9/2022 14:41:55] /r
[23/9/2022 14:42:10] /i 9087
[23/9/2022 14:42:13] /r
[23/9/2022 14:42:36] /t
[23/9/2022 14:45:39] /i 2187
[23/9/2022 14:45:48] /r
[23/9/2022 14:45:56] /a 5
[23/9/2022 14:45:58] /a 1
[23/9/2022 14:45:58] /a 1
[23/9/2022 14:46:3] /a 1
[23/9/2022 14:46:5] /a 1
[23/9/2022 14:46:6] /a 1
[23/9/2022 14:46:14] /a 1
[23/9/2022 14:46:14] /a 1
[23/9/2022 14:46:46] /goto comando voador
[23/9/2022 14:47:6] /goto duma
[23/9/2022 14:50:43] /goto callango
[23/9/2022 14:50:46] /goto callango
[23/9/2022 14:50:51] /goto callango
[23/9/2022 14:50:55] /goto callango
[23/9/2022 14:51:20] /goto callango
[23/9/2022 14:51:34] /goto callango
[23/9/2022 14:52:1] /t
[23/9/2022 14:52:31] /t madaminuss
[23/9/2022 14:56:39] /ghost
[23/9/2022 14:58:56] /newtype 75
[23/9/2022 15:8:36] /ghost
[23/9/2022 15:8:39] /goto duma
[23/9/2022 15:8:46] /i 8300
[23/9/2022 15:8:47] /i 8300
[23/9/2022 15:8:48] /i 8300
[23/9/2022 15:8:49] /i 8300
[23/9/2022 15:8:50] /i 8300
[23/9/2022 15:8:51] /i 8300
[23/9/2022 15:8:52] /i 8300
[23/9/2022 15:8:53] /i 8300
[23/9/2022 15:8:54] /i 8300
[23/9/2022 15:8:54] /i 8300
[23/9/2022 15:8:55] /i 8300
[23/9/2022 15:8:56] /i 8300
[23/9/2022 15:9:27] /t
[23/9/2022 15:9:31] /ghost
[23/9/2022 15:10:42] /ghost
[23/9/2022 15:10:44] /goto callango
[23/9/2022 15:10:46] /goto callango
[23/9/2022 15:11:1] /goto callango
[23/9/2022 15:11:8] /goto callango
[23/9/2022 15:11:32] /goto callango
[23/9/2022 15:11:36] /goto callango
[23/9/2022 15:11:37] /goto callango
[23/9/2022 15:11:40] /goto callango
[23/9/2022 15:11:50] /goto callango
[23/9/2022 15:11:53] /goto callango
[23/9/2022 15:12:6] /goto callango
[23/9/2022 15:12:8] /goto callango
[23/9/2022 15:12:17] /goto callango
[23/9/2022 15:12:22] /goto callango
[23/9/2022 15:12:36] /goto callango
[23/9/2022 15:12:40] /goto callango
[23/9/2022 15:12:42] /goto callango
[23/9/2022 15:12:44] /t
[23/9/2022 15:12:49] /goto callango
[23/9/2022 15:13:43] /goto callango
[23/9/2022 15:13:45] /goto callango
[23/9/2022 15:13:46] /goto callango
[23/9/2022 15:13:51] /goto callango
[23/9/2022 15:14:16] /goto callango
[23/9/2022 15:14:19] /goto callango
[23/9/2022 15:14:21] /goto callango
[23/9/2022 15:14:42] /t
[23/9/2022 15:16:18] /goto callango
[23/9/2022 15:16:21] /goto callango
[23/9/2022 15:17:11] /goto callango
[23/9/2022 15:17:14] /goto callango
[23/9/2022 15:17:16] /t
[23/9/2022 15:19:1] /goto callango
[23/9/2022 15:19:8] /t
[23/9/2022 16:30:37] /t callango
[23/9/2022 16:30:42] /ghost
[23/9/2022 16:31:48] /ghost
[23/9/2022 16:33:54] /goto callango
[23/9/2022 16:33:58] /ghost
[23/9/2022 16:34:18] /a 5
[23/9/2022 16:34:19] /a 5
[23/9/2022 16:34:20] /a 5
[23/9/2022 16:34:20] /a 5
[23/9/2022 16:34:21] /a 5
[23/9/2022 16:34:22] /a 5
[23/9/2022 16:34:22] /a 5
[23/9/2022 16:34:23] /a 5
[23/9/2022 16:34:23] /a 5
[23/9/2022 16:34:24] /a 5
[23/9/2022 16:34:24] /a 5
[23/9/2022 16:34:25] /a 5
[23/9/2022 16:34:25] /a 5
[23/9/2022 16:34:26] /a 5
[23/9/2022 16:34:27] /a 5
[23/9/2022 16:34:28] /a 5
[23/9/2022 16:34:46] /a 1
[23/9/2022 16:34:46] /a 1
[23/9/2022 16:34:46] /a 1
[23/9/2022 16:34:47] /a 1
[23/9/2022 16:34:48] /a 1
[23/9/2022 16:34:48] /a 1
[23/9/2022 16:34:48] /a 1
[23/9/2022 16:34:48] /a 1
[23/9/2022 16:34:48] /a 1
[23/9/2022 16:34:48] /a 1
[23/9/2022 16:34:49] /a 1
[23/9/2022 16:34:49] /a 1
[23/9/2022 16:34:49] /a 1
[23/9/2022 16:34:49] /a 1
[23/9/2022 16:34:49] /a 1
[23/9/2022 16:34:49] /a 1
[23/9/2022 16:34:49] /a 1
[23/9/2022 16:34:49] /a 1
[23/9/2022 16:34:49] /a 1
[23/9/2022 16:34:51] /a 1
[23/9/2022 16:34:51] /a 1
[23/9/2022 16:34:51] /a 1
[23/9/2022 16:34:51] /a 1
[23/9/2022 16:34:51] /a 1
[23/9/2022 16:34:52] /a 1
[23/9/2022 16:34:52] /a 1
[23/9/2022 16:34:52] /a 1
[23/9/2022 16:34:52] /a 1
[23/9/2022 16:34:52] /a 1
[23/9/2022 16:34:52] /a 1
[23/9/2022 16:34:52] /a 1
[23/9/2022 16:34:52] /a 1
[23/9/2022 16:34:53] /a 1
[23/9/2022 16:34:53] /a 1
[23/9/2022 16:34:53] /a 1
[23/9/2022 16:34:53] /a 1
[23/9/2022 16:34:53] /a 1
[23/9/2022 16:34:53] /a 1
[23/9/2022 16:34:53] /a 1
[23/9/2022 16:34:55] /a 5
[23/9/2022 16:34:55] /a 5
[23/9/2022 16:34:55] /a 5
[23/9/2022 16:34:55] /a 5
[23/9/2022 16:34:55] /a 5
[23/9/2022 16:34:55] /a 5
[23/9/2022 16:34:56] /a 5
[23/9/2022 16:34:56] /a 5
[23/9/2022 16:34:56] /a 5
[23/9/2022 16:34:58] /a 1
[23/9/2022 16:34:58] /a 1
[23/9/2022 16:34:58] /a 1
[23/9/2022 16:34:58] /a 1
[23/9/2022 16:34:58] /a 1
[23/9/2022 16:34:59] /a 1
[23/9/2022 16:34:59] /a 1
[23/9/2022 16:35:0] /a 1
[23/9/2022 16:35:0] /a 1
[23/9/2022 16:35:1] /a 1
[23/9/2022 16:35:1] /a 1
[23/9/2022 16:35:2] /a 1
[23/9/2022 16:35:6] /a 5
[23/9/2022 16:35:6] /a 5
[23/9/2022 16:35:6] /a 5
[23/9/2022 16:35:7] /a 5
[23/9/2022 16:35:7] /a 5
[23/9/2022 16:35:7] /a 5
[23/9/2022 16:35:7] /a 5
[23/9/2022 16:35:7] /a 5
[23/9/2022 16:35:7] /a 5
[23/9/2022 16:35:8] /a 5
[23/9/2022 16:35:8] /a 5
[23/9/2022 16:35:10] /a 5
[23/9/2022 16:35:10] /a 5
[23/9/2022 16:35:11] /a 5
[23/9/2022 16:35:11] /a 1
[23/9/2022 16:35:11] /a 5
[23/9/2022 16:35:11] /a 5
[23/9/2022 16:35:12] /a 5
[23/9/2022 16:35:12] /a 5
[23/9/2022 16:35:13] /a 5
[23/9/2022 16:35:15] /a 5
[23/9/2022 16:35:15] /a 5
[23/9/2022 16:35:17] /a 5
[23/9/2022 16:35:18] /a 5
[23/9/2022 16:35:18] /a 5
[23/9/2022 16:35:18] /a 5
[23/9/2022 16:35:18] /a 5
[23/9/2022 16:35:18] /a 5
[23/9/2022 16:35:19] /a 5
[23/9/2022 16:35:19] /a 5
[23/9/2022 16:35:20] /a 5
[23/9/2022 16:35:22] /a 5
[23/9/2022 16:35:22] /a 5
[23/9/2022 16:35:23] /a 5
[23/9/2022 16:35:25] /a 5
[23/9/2022 16:35:25] /a 5
[23/9/2022 16:35:26] /a 5
[23/9/2022 16:35:26] /a 5
[23/9/2022 16:35:27] /a 5
[23/9/2022 16:35:28] /a 5
[23/9/2022 16:35:28] /a 5
[23/9/2022 16:35:29] /a 5
[23/9/2022 16:35:30] /a 5
[23/9/2022 16:35:30] /a 5
[23/9/2022 16:35:30] /a 5
[23/9/2022 16:35:30] /a 5
[23/9/2022 16:35:30] /a 5
[23/9/2022 16:35:31] /a 5
[23/9/2022 16:35:32] /a 5
[23/9/2022 16:35:32] /a 5
[23/9/2022 16:38:1] /t
[23/9/2022 16:38:37] /ghost
[23/9/2022 16:40:11] /i 12599
[23/9/2022 16:40:18] /i 6541
[23/9/2022 16:40:23] /i 2328
[23/9/2022 16:40:27] /i 6545
[23/9/2022 16:40:32] /i 6544
[23/9/2022 16:40:35] /i 6543
[23/9/2022 16:40:38] /i 6542
[23/9/2022 16:40:47] /i 8300
[23/9/2022 16:40:49] /i 8300
[23/9/2022 16:40:50] /i 8300
[23/9/2022 16:40:51] /i 8300
[23/9/2022 16:40:52] /i 8300
[23/9/2022 16:40:52] /i 8300
[23/9/2022 16:40:53] /i 8300
[23/9/2022 16:40:54] /i 8300
[23/9/2022 16:40:55] /i 8300
[23/9/2022 16:40:55] /i 8300
[23/9/2022 16:40:56] /i 8300
[23/9/2022 16:40:57] /i 8300
[23/9/2022 16:40:57] /i 8300
[23/9/2022 17:10:47] /goto King of pally
[23/9/2022 17:10:54] /goto King of pally
[23/9/2022 17:11:1] /t
[23/9/2022 17:31:51] /m Supremo Cafetao
[23/9/2022 17:32:8] /newtype 94181
[23/9/2022 17:32:10] /newtype 9481
[23/9/2022 17:32:12] /ghost
[23/9/2022 17:32:28] /newtype 75
[23/9/2022 17:36:53] /r
[23/9/2022 17:37:6] /goto pally off dead
[23/9/2022 17:37:22] /t
[25/9/2022 1:6:41] /ghost
[25/9/2022 1:6:44] /goto duma
[25/9/2022 1:6:51] /i 12599
[25/9/2022 1:7:4] /i 6541
[25/9/2022 1:7:15] /i 2338
[25/9/2022 1:7:18] /i 23382328
[25/9/2022 1:7:22] /i 2328
[25/9/2022 1:7:29] /i 6545
[25/9/2022 1:7:36] /i 6544
[25/9/2022 1:7:52] /i 6543
[25/9/2022 1:7:55] /i 6542
[25/9/2022 1:8:11] /i 8300 
[25/9/2022 1:8:12] /i 8300 
[25/9/2022 1:8:13] /i 8300 
[25/9/2022 1:8:14] /i 8300 
[25/9/2022 1:8:15] /i 8300 
[25/9/2022 1:8:16] /i 8300 
[25/9/2022 1:8:17] /i 8300 
[25/9/2022 1:8:18] /i 8300 
[25/9/2022 1:8:19] /i 8300 
[25/9/2022 1:8:20] /i 8300 
[25/9/2022 1:8:21] /i 8300 
[25/9/2022 1:8:21] /i 8300 
[25/9/2022 1:8:22] /i 8300 
[25/9/2022 1:8:23] /i 8300 
[25/9/2022 1:8:24] /i 8300 
[25/9/2022 1:8:25] /i 8300 
[25/9/2022 1:8:26] /i 8300 
[25/9/2022 1:8:27] /i 8300 
[25/9/2022 1:8:28] /i 8300 
[25/9/2022 1:9:16] /t
