[24/8/2022 21:7:8] /save
[24/8/2022 21:8:42] /openserver
[24/8/2022 21:12:54] /reload talk
[24/8/2022 21:12:56] /reload talk
[24/8/2022 21:13:28] /clean
[24/8/2022 21:13:29] /save
[24/8/2022 21:13:32] /t
[24/8/2022 21:18:25] /clean
[24/8/2022 21:18:25] /save
[24/8/2022 21:23:15] /clean
[24/8/2022 21:23:16] /save
[24/8/2022 21:25:59] /clean
[24/8/2022 21:25:59] /save
[24/8/2022 21:41:13] /clean
[24/8/2022 21:41:14] /save
[25/8/2022 4:14:12] /clean
[25/8/2022 4:14:13] /save
[25/8/2022 4:18:8] /clean
[25/8/2022 4:18:9] /save
[25/8/2022 4:21:24] /goto luiz mdc
[25/8/2022 4:22:59] /t
[25/8/2022 4:26:38] /clean
[25/8/2022 4:26:39] /save
[25/8/2022 4:28:48] /goto luiz mdc
[25/8/2022 4:31:53] /spy luiz mdc
[25/8/2022 4:33:51] /t
[25/8/2022 4:34:20] /ghost
[25/8/2022 4:36:16] /ghost
[25/8/2022 4:36:17] /goto luiz mdc
[25/8/2022 4:41:6] /goto luiz mdc
[25/8/2022 4:41:8] /t
[25/8/2022 5:0:20] /clean
[25/8/2022 5:0:21] /save
[25/8/2022 5:0:27] /goto luiz mdc
[25/8/2022 5:2:0] /goto luiz mdc
[25/8/2022 5:2:7] /t
[25/8/2022 19:50:19] /clean
[25/8/2022 19:50:19] /save
[25/8/2022 19:54:33] /goto boomer
[25/8/2022 19:55:28] /t
[25/8/2022 20:0:4] /clean
[25/8/2022 20:0:5] /save
[25/8/2022 20:1:44] /clean
[25/8/2022 20:1:45] /save
[25/8/2022 20:4:44] /goto boomer
[25/8/2022 20:4:45] /goto boomer
[25/8/2022 20:4:49] /goto boomer
[25/8/2022 20:5:25] /clean
[25/8/2022 20:5:26] /save
[25/8/2022 20:5:28] /goto boomer
[25/8/2022 20:8:45] /clean
[25/8/2022 20:8:46] /save
[25/8/2022 20:20:23] /goto morgahar
[25/8/2022 20:20:27] /ghost
[25/8/2022 20:23:38] /ghost
[25/8/2022 20:38:35] /clean
[25/8/2022 20:38:37] /save
[25/8/2022 20:40:5] /goto pintudinho
[25/8/2022 20:43:27] /addskill Meliodas,level,2000
[25/8/2022 20:50:14] /goto pintudinho
[26/8/2022 0:16:33] /clean
[26/8/2022 0:16:34] /save
[26/8/2022 0:21:19] /goto [ADM] King
[26/8/2022 0:24:56] /t
[26/8/2022 0:25:36] /c [ADM] King
[26/8/2022 0:25:37] /ghost
[26/8/2022 0:26:55] /i demon backpack
[26/8/2022 0:27:24] /c [ADM] King
[26/8/2022 0:27:28] /ghost
[26/8/2022 0:27:30] /goto [ADM] King
[26/8/2022 0:27:33] /t
[26/8/2022 0:29:12] /bc green Querem evento PVP time contra time?
[26/8/2022 0:29:15] /bc green Querem evento PVP time contra time?
[26/8/2022 0:29:16] /bc green Querem evento PVP time contra time?
[26/8/2022 0:29:17] /bc green Querem evento PVP time contra time?
[26/8/2022 0:29:18] /bc green Querem evento PVP time contra time?
[26/8/2022 0:29:19] /bc green Querem evento PVP time contra time?
[26/8/2022 0:29:21] /bc green Querem evento PVP time contra time?
[26/8/2022 0:29:27] /bc green Querem EVENTO PVP time contra time?
[26/8/2022 0:29:28] /bc green Querem EVENTO PVP time contra time?
[26/8/2022 0:30:7] /c lord eld
[26/8/2022 0:30:11] /ghost
[26/8/2022 0:30:36] /c pally maldito
[26/8/2022 0:31:54] /c boomer
[26/8/2022 0:31:55] /c jutinha
[26/8/2022 0:32:4] /c Gringo Paladin
[26/8/2022 0:32:19] /i stone
[26/8/2022 0:32:20] /i stone
[26/8/2022 0:32:21] /i stone
[26/8/2022 0:32:22] /i stone
[26/8/2022 0:32:23] /i stone
[26/8/2022 0:32:24] /i stone
[26/8/2022 0:33:41] /ghost
[26/8/2022 0:33:41] /t
[26/8/2022 0:33:53] /goto Sephyroth
[26/8/2022 0:34:3] /goto tyler
[26/8/2022 0:34:10] /t
[26/8/2022 0:35:5] /goto mage off dead
[26/8/2022 0:35:13] /goto [ADM] King
[26/8/2022 0:35:19] /t
[26/8/2022 0:35:25] /goto [ADM] King
[26/8/2022 0:35:33] /ghost
[26/8/2022 0:36:11] /i stone
[26/8/2022 0:36:12] /i stone
[26/8/2022 0:36:13] /i stone
[26/8/2022 0:37:30] /c tyler
[26/8/2022 0:37:50] /a
[26/8/2022 0:37:52] /i stone
[26/8/2022 0:37:54] /i stone
[26/8/2022 0:38:11] /r all
[26/8/2022 0:38:13] /r all
[26/8/2022 0:38:35] /r
[26/8/2022 0:38:37] /r
[26/8/2022 0:38:38] /r
[26/8/2022 0:38:48] /r
[26/8/2022 0:38:49] /r
[26/8/2022 0:38:50] /r
[26/8/2022 0:38:52] /r
[26/8/2022 0:38:55] /down
[26/8/2022 0:39:1] /r
[26/8/2022 0:39:2] /r
[26/8/2022 0:39:3] /goto tyler
[26/8/2022 0:39:32] /r
[26/8/2022 0:39:33] /r
[26/8/2022 0:39:34] /r
[26/8/2022 0:39:36] /r
[26/8/2022 0:39:37] /r
[26/8/2022 0:39:38] /r
[26/8/2022 0:39:39] /r
[26/8/2022 0:39:40] /ghost
[26/8/2022 0:39:41] /goto boomer
[26/8/2022 0:40:8] /goto [ADM] Queen
[26/8/2022 0:40:43] /goto boomer
[26/8/2022 0:42:51] /goto boomer
[26/8/2022 0:42:56] /goto [ADM] Queen
[26/8/2022 0:42:57] /c boomer
[26/8/2022 0:44:21] /goto jutinha
[26/8/2022 0:44:28] /goto lord eld
[26/8/2022 0:44:30] /t lord eld
[26/8/2022 0:44:31] /t pally maldito
[26/8/2022 0:44:32] /t tyler
[26/8/2022 0:44:33] /t gringo paladin
[26/8/2022 0:44:37] /t [ADM] Queen
[26/8/2022 0:44:37] /t
[26/8/2022 0:45:55] /goto sidoka
[26/8/2022 0:45:57] /t
[26/8/2022 0:47:11] /goto juquinha
[26/8/2022 0:47:17] /goto jutinha
[26/8/2022 0:47:22] /c pally maldito
[26/8/2022 0:47:31] /goto pally maldito
[26/8/2022 0:48:5] /goto pally maldito
[26/8/2022 0:50:18] /c tyler
[26/8/2022 0:50:20] /c pally maldito
[26/8/2022 0:50:21] /t
[26/8/2022 0:50:26] /c gringo paladin
[26/8/2022 0:50:28] /ghost
[26/8/2022 0:50:35] /c lord eld
[26/8/2022 0:50:40] /i hyper key
[26/8/2022 0:50:42] /i hpey key
[26/8/2022 0:50:45] /i hyper key
[26/8/2022 0:50:48] /i hypey key
[26/8/2022 0:50:50] /i hyper key
[26/8/2022 0:50:51] /i hyper key
[26/8/2022 0:51:30] /ghost
[26/8/2022 0:55:11] /ghost
[26/8/2022 0:55:36] /c boomer
[26/8/2022 0:55:37] /c gringo paladin
[26/8/2022 0:56:2] /c lord eld
[26/8/2022 0:56:19] /c sidoka
[26/8/2022 0:56:30] /t lord eld
[26/8/2022 0:56:50] /c lord eld
[26/8/2022 0:56:52] /c tyler
[26/8/2022 0:57:21] /ghost
[26/8/2022 0:57:22] /t
[26/8/2022 0:57:30] /clean
[26/8/2022 0:57:31] /save
[26/8/2022 0:57:45] /goto pally maldito
[26/8/2022 0:57:49] /goto sidoka
[26/8/2022 0:57:52] /c pally maldito
[26/8/2022 0:58:17] /t
[26/8/2022 0:58:35] /goto dreyko
[26/8/2022 0:58:41] /goto dreyko
[26/8/2022 0:58:49] /goto pally maldito
[26/8/2022 0:58:51] /c flash pally
[26/8/2022 0:58:54] /c ek maldito
[26/8/2022 0:59:1] /ghost
[26/8/2022 0:59:11] /c dreyko
[26/8/2022 0:59:20] /c [ADM] King
[26/8/2022 0:59:24] /c [ADM] Queen
[26/8/2022 0:59:50] /t dreyko
[26/8/2022 1:0:3] /c dreyko
[26/8/2022 1:0:22] /ghost
[26/8/2022 1:5:33] /t boomer
[26/8/2022 1:5:34] /t sidoka
[26/8/2022 1:5:36] /t
[26/8/2022 1:7:44] /clean
[26/8/2022 1:7:44] /save
[26/8/2022 1:22:14] /ghost
[26/8/2022 1:28:20] /ghost
[26/8/2022 14:38:15] /clean
[26/8/2022 14:38:16] /save
[26/8/2022 14:38:35] /name ADM Trinitty,[ADM] Trinitty
