[31/8/2022 23:0:17] /openserver
[31/8/2022 23:1:3] /reload talkactions
[31/8/2022 23:3:48] /openserver
[31/8/2022 23:9:24] /i 8300
[31/8/2022 23:9:27] /i gold ingot
[31/8/2022 23:9:31] /i gold ingot
[31/8/2022 23:9:32] /i gold ingot
[31/8/2022 23:9:32] /i gold ingot
[31/8/2022 23:9:32] /i gold ingot
[31/8/2022 23:9:32] /i gold ingot
[31/8/2022 23:9:32] /i gold ingot
[31/8/2022 23:9:32] /i gold ingot
[31/8/2022 23:9:32] /i gold ingot
[31/8/2022 23:9:32] /i gold ingot
[31/8/2022 23:9:32] /i gold ingot
[31/8/2022 23:9:32] /i gold ingot
[31/8/2022 23:9:32] /i gold ingot
[31/8/2022 23:9:32] /i gold ingot
[31/8/2022 23:9:32] /i gold ingot
[31/8/2022 23:9:32] /i gold ingot
[31/8/2022 23:9:32] /i gold ingot
[31/8/2022 23:9:32] /i gold ingot
[31/8/2022 23:9:32] /i gold ingot
[31/8/2022 23:9:33] /i gold ingot
[31/8/2022 23:9:33] /i gold ingot
[31/8/2022 23:9:33] /i gold ingot
[31/8/2022 23:9:33] /i gold ingot
[31/8/2022 23:9:33] /i gold ingot
[31/8/2022 23:9:33] /i gold ingot
[31/8/2022 23:9:33] /i gold ingot
[31/8/2022 23:9:33] /i gold ingot
[31/8/2022 23:9:33] /i gold ingot
[31/8/2022 23:9:33] /i gold ingot
[31/8/2022 23:9:33] /i gold ingot
[31/8/2022 23:9:33] /i gold ingot
[31/8/2022 23:9:33] /i gold ingot
[31/8/2022 23:9:33] /i gold ingot
[31/8/2022 23:9:33] /i gold ingot
[31/8/2022 23:9:33] /i gold ingot
[31/8/2022 23:9:33] /i gold ingot
[31/8/2022 23:9:33] /i gold ingot
[31/8/2022 23:9:33] /i gold ingot
[31/8/2022 23:9:33] /i gold ingot
[31/8/2022 23:9:33] /i gold ingot
[31/8/2022 23:9:33] /i gold ingot
[31/8/2022 23:9:33] /i gold ingot
[31/8/2022 23:9:33] /i gold ingot
[31/8/2022 23:9:33] /i gold ingot
[31/8/2022 23:9:33] /i gold ingot
[31/8/2022 23:9:33] /i gold ingot
[31/8/2022 23:9:33] /i gold ingot
[31/8/2022 23:9:33] /i gold ingot
[31/8/2022 23:9:33] /i gold ingot
[31/8/2022 23:9:34] /i gold ingot
[31/8/2022 23:9:34] /i gold ingot
[31/8/2022 23:9:34] /i gold ingot
[31/8/2022 23:9:34] /i gold ingot
[31/8/2022 23:9:34] /i gold ingot
[31/8/2022 23:9:34] /i gold ingot
[31/8/2022 23:9:34] /i gold ingot
[31/8/2022 23:9:34] /i gold ingot
[31/8/2022 23:9:34] /i gold ingot
[31/8/2022 23:9:34] /i gold ingot
[31/8/2022 23:9:35] /i gold ingot
[31/8/2022 23:9:35] /i gold ingot
[31/8/2022 23:9:35] /i gold ingot
[31/8/2022 23:9:35] /i gold ingot
[31/8/2022 23:9:35] /i gold ingot
[31/8/2022 23:9:36] /i gold ingot
[31/8/2022 23:9:36] /i gold ingot
[31/8/2022 23:9:36] /i gold ingot
[31/8/2022 23:9:37] /i gold ingot
[31/8/2022 23:9:37] /i gold ingot
[31/8/2022 23:9:37] /i gold ingot
[31/8/2022 23:17:13] /openserver
[31/8/2022 23:21:3] /openserver
[31/8/2022 23:28:33] /openserver
[31/8/2022 23:29:29] /i hyper sword
[31/8/2022 23:29:32] /i soul war boots
[31/8/2022 23:29:35] /i soul war shield
[31/8/2022 23:29:46] /i hyper amulet
[31/8/2022 23:29:48] /i hyper ring
[31/8/2022 23:29:55] /i 6541
[31/8/2022 23:29:56] /i 6542
[31/8/2022 23:29:57] /i 6543
[31/8/2022 23:29:59] /i 6544
[31/8/2022 23:30:0] /i 6545
[31/8/2022 23:30:2] /i 6546
[31/8/2022 23:30:4] /i 2324
[31/8/2022 23:30:6] /i 2321
[1/9/2022 0:18:48] /openserver
[1/9/2022 0:19:45] /i gold ingot
[1/9/2022 0:19:45] /i gold ingot
[1/9/2022 0:19:46] /i gold ingot
[1/9/2022 0:19:46] /i gold ingot
[1/9/2022 0:19:46] /i gold ingot
[1/9/2022 0:19:46] /i gold ingot
[1/9/2022 0:19:47] /i gold ingot
[1/9/2022 0:19:47] /i gold ingot
[1/9/2022 0:19:47] /i gold ingot
[1/9/2022 0:19:47] /i gold ingot
[1/9/2022 0:31:17] /openserver
[1/9/2022 0:34:9] /openserver
[1/9/2022 0:44:16] /openserver
[2/9/2022 0:32:43] /openserver
[2/9/2022 0:51:56] /openserver
[2/9/2022 0:54:51] /openserver
[2/9/2022 0:56:21] /openserver
[2/9/2022 0:57:44] /openserver
[2/9/2022 0:59:30] /openserver
[2/9/2022 1:4:43] /openserver
[2/9/2022 1:6:3] /openserver
[2/9/2022 14:23:52] /openserver
[2/9/2022 14:24:48] /reload creaturescripts
[2/9/2022 18:48:31] /openserver
[2/9/2022 18:49:20] /goto 1394, 1185, 7
[2/9/2022 18:53:38] /t
[2/9/2022 19:4:56] /i gold ingot
[2/9/2022 19:15:51] /reload globalevents
[2/9/2022 19:16:26] /reload globalevents
[5/9/2022 19:25:30] /openserver
[5/9/2022 19:26:11] /i soulwar staff
[5/9/2022 19:26:14] /t
[5/9/2022 19:26:19] /m trainers
[5/9/2022 19:26:25] /i hyper staff
[5/9/2022 19:26:46] /i backpack
[5/9/2022 19:26:48] /i gold ingot
[5/9/2022 19:28:52] /reload weapons
[5/9/2022 19:28:55] /reload talkactions
[5/9/2022 19:30:2] /reload talkactions
[5/9/2022 19:30:45] /reload weapons
[5/9/2022 19:30:58] /r
[5/9/2022 19:31:3] /i soulwar staff
[5/9/2022 19:33:52] /i soulwar staff
[5/9/2022 19:33:56] /m trainers
[5/9/2022 19:34:30] /i hyper staff
[5/9/2022 19:44:42] /i backpack
[5/9/2022 19:44:46] /i hyper key
[5/9/2022 19:44:51] /i hyper key
[5/9/2022 19:44:51] /i hyper key
[5/9/2022 19:44:51] /i hyper key
[5/9/2022 19:44:52] /i hyper key
[5/9/2022 19:44:52] /i hyper key
[5/9/2022 19:45:29] /i hyper key
[5/9/2022 19:45:30] /i hyper key
[5/9/2022 19:45:30] /i hyper key
[5/9/2022 19:45:31] /i hyper key
[5/9/2022 19:45:31] /i hyper key
[5/9/2022 19:45:32] /i hyper key
[5/9/2022 19:45:32] /i hyper key
[5/9/2022 19:45:32] /i hyper key
[5/9/2022 19:45:33] /i backpack
[5/9/2022 19:46:26] /i 7424
[5/9/2022 19:46:36] /i 8851
[5/9/2022 19:46:53] /i 8931
[5/9/2022 19:47:11] /i 8293
[5/9/2022 19:47:29] /i 2444
[5/9/2022 19:49:15] /reload globalevents
[5/9/2022 19:49:20] /i hyper key
[5/9/2022 19:49:21] /i hyper key
[5/9/2022 19:49:21] /i hyper key
[5/9/2022 19:49:21] /i hyper key
[5/9/2022 19:49:21] /i hyper key
[5/9/2022 19:49:21] /i hyper key
[5/9/2022 19:49:21] /i hyper key
[5/9/2022 19:49:21] /i hyper key
[5/9/2022 19:49:21] /i hyper key
[5/9/2022 19:49:21] /i hyper key
[5/9/2022 19:49:21] /i hyper key
[5/9/2022 19:49:23] /i hyper key
[5/9/2022 19:49:24] /i hyper key
[5/9/2022 19:49:24] /i hyper key
[5/9/2022 19:49:24] /i hyper key
[5/9/2022 19:49:24] /i hyper key
[5/9/2022 19:49:25] /i hyper key
[5/9/2022 19:49:51] /i hyper key
[5/9/2022 19:49:52] /i hyper key
[5/9/2022 19:49:52] /i hyper key
[5/9/2022 19:49:52] /i hyper key
[5/9/2022 19:49:55] /i hyper key
[5/9/2022 19:49:55] /i hyper key
[5/9/2022 19:49:55] /i hyper key
[5/9/2022 19:49:56] /i hyper key
[5/9/2022 19:49:56] /i hyper key
[5/9/2022 19:49:56] /i hyper key
[5/9/2022 23:50:19] /i soulwar crossbow
[5/9/2022 23:52:56] /i soulwar sword
[5/9/2022 23:54:45] /openserver
[6/9/2022 0:2:46] /eventbp
[6/9/2022 0:2:51] /eventbp
[6/9/2022 0:3:21] /eventbp
[6/9/2022 0:4:18] /reload talkactions
[6/9/2022 0:4:40] /reload talkactions
[6/9/2022 0:4:43] /eventbp
[6/9/2022 0:4:45] /eventbp
[6/9/2022 0:4:58] /goto [npc] dice event
[6/9/2022 0:5:9] /goto 282, 274, 7
[6/9/2022 0:6:49] /reload npcs
[6/9/2022 0:7:11] /eventbp
[6/9/2022 0:9:0] /t
[6/9/2022 0:9:12] /goto 282, 274, 7
[6/9/2022 0:11:27] /reload npcs
[6/9/2022 0:12:46] /t
[6/9/2022 0:12:51] /newtp 284, 274, 7
[6/9/2022 0:13:50] /name Netto, Zika
